running develop
Removing /home/p31h/project_ws/install/esp32_serial/lib/python3.10/site-packages/esp32-serial.egg-link (link to .)
running egg_info
writing ../../build/esp32_serial/esp32_serial.egg-info/PKG-INFO
writing dependency_links to ../../build/esp32_serial/esp32_serial.egg-info/dependency_links.txt
writing entry points to ../../build/esp32_serial/esp32_serial.egg-info/entry_points.txt
writing requirements to ../../build/esp32_serial/esp32_serial.egg-info/requires.txt
writing top-level names to ../../build/esp32_serial/esp32_serial.egg-info/top_level.txt
reading manifest file '../../build/esp32_serial/esp32_serial.egg-info/SOURCES.txt'
adding license file 'LICENSE'
writing manifest file '../../build/esp32_serial/esp32_serial.egg-info/SOURCES.txt'
running build
running build_py
running install
running install_lib
creating /home/p31h/project_ws/install/esp32_serial/lib/python3.10/site-packages/esp32_serial
copying /home/p31h/project_ws/build/esp32_serial/build/lib/esp32_serial/esp32_serial.py -> /home/p31h/project_ws/install/esp32_serial/lib/python3.10/site-packages/esp32_serial
copying /home/p31h/project_ws/build/esp32_serial/build/lib/esp32_serial/__init__.py -> /home/p31h/project_ws/install/esp32_serial/lib/python3.10/site-packages/esp32_serial
byte-compiling /home/p31h/project_ws/install/esp32_serial/lib/python3.10/site-packages/esp32_serial/esp32_serial.py to esp32_serial.cpython-310.pyc
byte-compiling /home/p31h/project_ws/install/esp32_serial/lib/python3.10/site-packages/esp32_serial/__init__.py to __init__.cpython-310.pyc
running install_data
copying resource/esp32_serial -> /home/p31h/project_ws/install/esp32_serial/share/ament_index/resource_index/packages
copying package.xml -> /home/p31h/project_ws/install/esp32_serial/share/esp32_serial
running install_egg_info
Copying ../../build/esp32_serial/esp32_serial.egg-info to /home/p31h/project_ws/install/esp32_serial/lib/python3.10/site-packages/esp32_serial-0.0.0-py3.10.egg-info
running install_scripts
Installing esp32_serial_node script to /home/p31h/project_ws/install/esp32_serial/lib/esp32_serial
writing list of installed files to '/home/p31h/project_ws/build/esp32_serial/install.log'
