[1.984s] Invoking command in '/home/p31h/project_ws/build/esp32_serial': PYTHONPATH=/home/p31h/project_ws/build/esp32_serial/prefix_override:/usr/lib/python3/dist-packages/colcon_core/task/python/colcon_distutils_commands:/home/p31h/project_ws/install/esp32_serial/lib/python3.10/site-packages:${PYTHONPATH} /usr/bin/python3 -W ignore:setup.py install is deprecated setup.py develop --uninstall --editable --build-directory /home/p31h/project_ws/build/esp32_serial/build
[2.530s] running develop
[2.530s] /usr/lib/python3/dist-packages/setuptools/command/easy_install.py:158: EasyInstallDeprecationWarning: easy_install command is deprecated. Use build and pip and other standards-based tools.
[2.530s]   warnings.warn(
[2.871s] Removing /home/p31h/project_ws/install/esp32_serial/lib/python3.10/site-packages/esp32-serial.egg-link (link to .)
[2.969s] Invoked command in '/home/p31h/project_ws/build/esp32_serial' returned '0': PYTHONPATH=/home/p31h/project_ws/build/esp32_serial/prefix_override:/usr/lib/python3/dist-packages/colcon_core/task/python/colcon_distutils_commands:/home/p31h/project_ws/install/esp32_serial/lib/python3.10/site-packages:${PYTHONPATH} /usr/bin/python3 -W ignore:setup.py install is deprecated setup.py develop --uninstall --editable --build-directory /home/p31h/project_ws/build/esp32_serial/build
[2.970s] Invoking command in '/home/p31h/project_ws/src/esp32_serial': PYTHONPATH=/home/p31h/project_ws/build/esp32_serial/prefix_override:/usr/lib/python3/dist-packages/colcon_core/task/python/colcon_distutils_commands:/home/p31h/project_ws/install/esp32_serial/lib/python3.10/site-packages:${PYTHONPATH} /usr/bin/python3 -W ignore:setup.py install is deprecated setup.py egg_info --egg-base ../../build/esp32_serial build --build-base /home/p31h/project_ws/build/esp32_serial/build install --record /home/p31h/project_ws/build/esp32_serial/install.log --single-version-externally-managed install_data --force
[3.414s] running egg_info
[3.418s] writing ../../build/esp32_serial/esp32_serial.egg-info/PKG-INFO
[3.423s] writing dependency_links to ../../build/esp32_serial/esp32_serial.egg-info/dependency_links.txt
[3.424s] writing entry points to ../../build/esp32_serial/esp32_serial.egg-info/entry_points.txt
[3.424s] writing requirements to ../../build/esp32_serial/esp32_serial.egg-info/requires.txt
[3.424s] writing top-level names to ../../build/esp32_serial/esp32_serial.egg-info/top_level.txt
[3.425s] reading manifest file '../../build/esp32_serial/esp32_serial.egg-info/SOURCES.txt'
[3.425s] adding license file 'LICENSE'
[3.425s] writing manifest file '../../build/esp32_serial/esp32_serial.egg-info/SOURCES.txt'
[3.425s] running build
[3.426s] running build_py
[3.426s] running install
[3.426s] running install_lib
[3.426s] creating /home/p31h/project_ws/install/esp32_serial/lib/python3.10/site-packages/esp32_serial
[3.428s] copying /home/p31h/project_ws/build/esp32_serial/build/lib/esp32_serial/esp32_serial.py -> /home/p31h/project_ws/install/esp32_serial/lib/python3.10/site-packages/esp32_serial
[3.428s] copying /home/p31h/project_ws/build/esp32_serial/build/lib/esp32_serial/__init__.py -> /home/p31h/project_ws/install/esp32_serial/lib/python3.10/site-packages/esp32_serial
[3.428s] byte-compiling /home/p31h/project_ws/install/esp32_serial/lib/python3.10/site-packages/esp32_serial/esp32_serial.py to esp32_serial.cpython-310.pyc
[3.433s] byte-compiling /home/p31h/project_ws/install/esp32_serial/lib/python3.10/site-packages/esp32_serial/__init__.py to __init__.cpython-310.pyc
[3.433s] running install_data
[3.433s] copying resource/esp32_serial -> /home/p31h/project_ws/install/esp32_serial/share/ament_index/resource_index/packages
[3.433s] copying package.xml -> /home/p31h/project_ws/install/esp32_serial/share/esp32_serial
[3.433s] running install_egg_info
[3.437s] Copying ../../build/esp32_serial/esp32_serial.egg-info to /home/p31h/project_ws/install/esp32_serial/lib/python3.10/site-packages/esp32_serial-0.0.0-py3.10.egg-info
[3.439s] running install_scripts
[3.478s] Installing esp32_serial_node script to /home/p31h/project_ws/install/esp32_serial/lib/esp32_serial
[3.479s] writing list of installed files to '/home/p31h/project_ws/build/esp32_serial/install.log'
[3.546s] Invoked command in '/home/p31h/project_ws/src/esp32_serial' returned '0': PYTHONPATH=/home/p31h/project_ws/build/esp32_serial/prefix_override:/usr/lib/python3/dist-packages/colcon_core/task/python/colcon_distutils_commands:/home/p31h/project_ws/install/esp32_serial/lib/python3.10/site-packages:${PYTHONPATH} /usr/bin/python3 -W ignore:setup.py install is deprecated setup.py egg_info --egg-base ../../build/esp32_serial build --build-base /home/p31h/project_ws/build/esp32_serial/build install --record /home/p31h/project_ws/build/esp32_serial/install.log --single-version-externally-managed install_data --force
