[2.402s] Invoking command in '/home/p31h/project_ws/build/mapping': PYTHONPATH=/home/p31h/project_ws/build/mapping/prefix_override:/usr/lib/python3/dist-packages/colcon_core/task/python/colcon_distutils_commands:/home/p31h/project_ws/install/mapping/lib/python3.10/site-packages:${PYTHONPATH} /usr/bin/python3 -W ignore:setup.py install is deprecated setup.py develop --uninstall --editable --build-directory /home/p31h/project_ws/build/mapping/build
[2.945s] running develop
[2.946s] /usr/lib/python3/dist-packages/setuptools/command/easy_install.py:158: EasyInstallDeprecationWarning: easy_install command is deprecated. Use build and pip and other standards-based tools.
[2.947s]   warnings.warn(
[3.341s] Removing /home/p31h/project_ws/install/mapping/lib/python3.10/site-packages/mapping.egg-link (link to .)
[3.428s] Invoked command in '/home/p31h/project_ws/build/mapping' returned '0': PYTHONPATH=/home/p31h/project_ws/build/mapping/prefix_override:/usr/lib/python3/dist-packages/colcon_core/task/python/colcon_distutils_commands:/home/p31h/project_ws/install/mapping/lib/python3.10/site-packages:${PYTHONPATH} /usr/bin/python3 -W ignore:setup.py install is deprecated setup.py develop --uninstall --editable --build-directory /home/p31h/project_ws/build/mapping/build
[3.436s] Invoking command in '/home/p31h/project_ws/src/mapping': PYTHONPATH=/home/p31h/project_ws/build/mapping/prefix_override:/usr/lib/python3/dist-packages/colcon_core/task/python/colcon_distutils_commands:/home/p31h/project_ws/install/mapping/lib/python3.10/site-packages:${PYTHONPATH} /usr/bin/python3 -W ignore:setup.py install is deprecated setup.py egg_info --egg-base ../../build/mapping build --build-base /home/p31h/project_ws/build/mapping/build install --record /home/p31h/project_ws/build/mapping/install.log --single-version-externally-managed install_data --force
[3.988s] running egg_info
[3.991s] writing ../../build/mapping/mapping.egg-info/PKG-INFO
[3.992s] writing dependency_links to ../../build/mapping/mapping.egg-info/dependency_links.txt
[3.994s] writing entry points to ../../build/mapping/mapping.egg-info/entry_points.txt
[3.996s] writing requirements to ../../build/mapping/mapping.egg-info/requires.txt
[3.997s] writing top-level names to ../../build/mapping/mapping.egg-info/top_level.txt
[4.003s] reading manifest file '../../build/mapping/mapping.egg-info/SOURCES.txt'
[4.003s] adding license file 'LICENSE'
[4.005s] writing manifest file '../../build/mapping/mapping.egg-info/SOURCES.txt'
[4.006s] running build
[4.007s] running build_py
[4.007s] running install
[4.010s] running install_lib
[4.010s] creating /home/p31h/project_ws/install/mapping/lib/python3.10/site-packages/mapping
[4.012s] copying /home/p31h/project_ws/build/mapping/build/lib/mapping/__init__.py -> /home/p31h/project_ws/install/mapping/lib/python3.10/site-packages/mapping
[4.014s] byte-compiling /home/p31h/project_ws/install/mapping/lib/python3.10/site-packages/mapping/__init__.py to __init__.cpython-310.pyc
[4.022s] running install_data
[4.022s] copying launch/mapping.xml -> /home/p31h/project_ws/install/mapping/share/mapping
[4.022s] copying config/slam_toolbox.yaml -> /home/p31h/project_ws/install/mapping/share/mapping
[4.022s] copying resource/mapping -> /home/p31h/project_ws/install/mapping/share/ament_index/resource_index/packages
[4.022s] copying package.xml -> /home/p31h/project_ws/install/mapping/share/mapping
[4.022s] running install_egg_info
[4.024s] Copying ../../build/mapping/mapping.egg-info to /home/p31h/project_ws/install/mapping/lib/python3.10/site-packages/mapping-0.0.0-py3.10.egg-info
[4.030s] running install_scripts
[4.083s] writing list of installed files to '/home/p31h/project_ws/build/mapping/install.log'
[4.156s] Invoked command in '/home/p31h/project_ws/src/mapping' returned '0': PYTHONPATH=/home/p31h/project_ws/build/mapping/prefix_override:/usr/lib/python3/dist-packages/colcon_core/task/python/colcon_distutils_commands:/home/p31h/project_ws/install/mapping/lib/python3.10/site-packages:${PYTHONPATH} /usr/bin/python3 -W ignore:setup.py install is deprecated setup.py egg_info --egg-base ../../build/mapping build --build-base /home/p31h/project_ws/build/mapping/build install --record /home/p31h/project_ws/build/mapping/install.log --single-version-externally-managed install_data --force
