running develop
/usr/lib/python3/dist-packages/setuptools/command/easy_install.py:158: EasyInstallDeprecationWarning: easy_install command is deprecated. Use build and pip and other standards-based tools.
  warnings.warn(
Removing /home/p31h/project_ws/install/project_launch/lib/python3.10/site-packages/project-launch.egg-link (link to .)
running egg_info
writing ../../build/project_launch/project_launch.egg-info/PKG-INFO
writing dependency_links to ../../build/project_launch/project_launch.egg-info/dependency_links.txt
writing entry points to ../../build/project_launch/project_launch.egg-info/entry_points.txt
writing requirements to ../../build/project_launch/project_launch.egg-info/requires.txt
writing top-level names to ../../build/project_launch/project_launch.egg-info/top_level.txt
reading manifest file '../../build/project_launch/project_launch.egg-info/SOURCES.txt'
adding license file 'LICENSE'
writing manifest file '../../build/project_launch/project_launch.egg-info/SOURCES.txt'
running build
running build_py
running install
running install_lib
creating /home/p31h/project_ws/install/project_launch/lib/python3.10/site-packages/project_launch
copying /home/p31h/project_ws/build/project_launch/build/lib/project_launch/__init__.py -> /home/p31h/project_ws/install/project_launch/lib/python3.10/site-packages/project_launch
byte-compiling /home/p31h/project_ws/install/project_launch/lib/python3.10/site-packages/project_launch/__init__.py to __init__.cpython-310.pyc
running install_data
copying launch/esp32_launch.xml -> /home/p31h/project_ws/install/project_launch/share/project_launch
copying launch/nav2_launch.py -> /home/p31h/project_ws/install/project_launch/share/project_launch
copying launch/project_launch.xml -> /home/p31h/project_ws/install/project_launch/share/project_launch
copying launch/robot_descirp_launch.xml -> /home/p31h/project_ws/install/project_launch/share/project_launch
copying config/my_map4.yaml -> /home/p31h/project_ws/install/project_launch/share/project_launch
copying config/my_map3.pgm -> /home/p31h/project_ws/install/project_launch/share/project_launch
copying config/ekf2.yaml -> /home/p31h/project_ws/install/project_launch/share/project_launch
copying config/my_map3.yaml -> /home/p31h/project_ws/install/project_launch/share/project_launch
copying config/nav2_config.yaml -> /home/p31h/project_ws/install/project_launch/share/project_launch
copying config/my_map4.pgm -> /home/p31h/project_ws/install/project_launch/share/project_launch
copying config/ekf.yaml -> /home/p31h/project_ws/install/project_launch/share/project_launch
copying resource/project_launch -> /home/p31h/project_ws/install/project_launch/share/ament_index/resource_index/packages
copying package.xml -> /home/p31h/project_ws/install/project_launch/share/project_launch
running install_egg_info
Copying ../../build/project_launch/project_launch.egg-info to /home/p31h/project_ws/install/project_launch/lib/python3.10/site-packages/project_launch-0.0.0-py3.10.egg-info
running install_scripts
writing list of installed files to '/home/p31h/project_ws/build/project_launch/install.log'
