[2.070s] Invoking command in '/home/p31h/project_ws/build/project_launch': PYTHONPATH=/home/p31h/project_ws/build/project_launch/prefix_override:/usr/lib/python3/dist-packages/colcon_core/task/python/colcon_distutils_commands:/home/p31h/project_ws/install/project_launch/lib/python3.10/site-packages:${PYTHONPATH} /usr/bin/python3 -W ignore:setup.py install is deprecated setup.py develop --uninstall --editable --build-directory /home/p31h/project_ws/build/project_launch/build
[2.552s] running develop
[2.555s] /usr/lib/python3/dist-packages/setuptools/command/easy_install.py:158: EasyInstallDeprecationWarning: easy_install command is deprecated. Use build and pip and other standards-based tools.
[2.555s]   warnings.warn(
[2.867s] Removing /home/p31h/project_ws/install/project_launch/lib/python3.10/site-packages/project-launch.egg-link (link to .)
[2.965s] Invoked command in '/home/p31h/project_ws/build/project_launch' returned '0': PYTHONPATH=/home/p31h/project_ws/build/project_launch/prefix_override:/usr/lib/python3/dist-packages/colcon_core/task/python/colcon_distutils_commands:/home/p31h/project_ws/install/project_launch/lib/python3.10/site-packages:${PYTHONPATH} /usr/bin/python3 -W ignore:setup.py install is deprecated setup.py develop --uninstall --editable --build-directory /home/p31h/project_ws/build/project_launch/build
[2.968s] Invoking command in '/home/p31h/project_ws/src/project_launch': PYTHONPATH=/home/p31h/project_ws/build/project_launch/prefix_override:/usr/lib/python3/dist-packages/colcon_core/task/python/colcon_distutils_commands:/home/p31h/project_ws/install/project_launch/lib/python3.10/site-packages:${PYTHONPATH} /usr/bin/python3 -W ignore:setup.py install is deprecated setup.py egg_info --egg-base ../../build/project_launch build --build-base /home/p31h/project_ws/build/project_launch/build install --record /home/p31h/project_ws/build/project_launch/install.log --single-version-externally-managed install_data --force
[3.379s] running egg_info
[3.381s] writing ../../build/project_launch/project_launch.egg-info/PKG-INFO
[3.383s] writing dependency_links to ../../build/project_launch/project_launch.egg-info/dependency_links.txt
[3.383s] writing entry points to ../../build/project_launch/project_launch.egg-info/entry_points.txt
[3.384s] writing requirements to ../../build/project_launch/project_launch.egg-info/requires.txt
[3.385s] writing top-level names to ../../build/project_launch/project_launch.egg-info/top_level.txt
[3.387s] reading manifest file '../../build/project_launch/project_launch.egg-info/SOURCES.txt'
[3.391s] adding license file 'LICENSE'
[3.391s] writing manifest file '../../build/project_launch/project_launch.egg-info/SOURCES.txt'
[3.393s] running build
[3.393s] running build_py
[3.394s] running install
[3.394s] running install_lib
[3.394s] creating /home/p31h/project_ws/install/project_launch/lib/python3.10/site-packages/project_launch
[3.394s] copying /home/p31h/project_ws/build/project_launch/build/lib/project_launch/__init__.py -> /home/p31h/project_ws/install/project_launch/lib/python3.10/site-packages/project_launch
[3.395s] byte-compiling /home/p31h/project_ws/install/project_launch/lib/python3.10/site-packages/project_launch/__init__.py to __init__.cpython-310.pyc
[3.395s] running install_data
[3.396s] copying launch/esp32_launch.xml -> /home/p31h/project_ws/install/project_launch/share/project_launch
[3.396s] copying launch/nav2_launch.py -> /home/p31h/project_ws/install/project_launch/share/project_launch
[3.397s] copying launch/project_launch.xml -> /home/p31h/project_ws/install/project_launch/share/project_launch
[3.397s] copying launch/robot_descirp_launch.xml -> /home/p31h/project_ws/install/project_launch/share/project_launch
[3.398s] copying config/my_map4.yaml -> /home/p31h/project_ws/install/project_launch/share/project_launch
[3.400s] copying config/my_map3.pgm -> /home/p31h/project_ws/install/project_launch/share/project_launch
[3.401s] copying config/ekf2.yaml -> /home/p31h/project_ws/install/project_launch/share/project_launch
[3.401s] copying config/my_map3.yaml -> /home/p31h/project_ws/install/project_launch/share/project_launch
[3.404s] copying config/nav2_config.yaml -> /home/p31h/project_ws/install/project_launch/share/project_launch
[3.406s] copying config/my_map4.pgm -> /home/p31h/project_ws/install/project_launch/share/project_launch
[3.406s] copying config/ekf.yaml -> /home/p31h/project_ws/install/project_launch/share/project_launch
[3.406s] copying resource/project_launch -> /home/p31h/project_ws/install/project_launch/share/ament_index/resource_index/packages
[3.406s] copying package.xml -> /home/p31h/project_ws/install/project_launch/share/project_launch
[3.406s] running install_egg_info
[3.407s] Copying ../../build/project_launch/project_launch.egg-info to /home/p31h/project_ws/install/project_launch/lib/python3.10/site-packages/project_launch-0.0.0-py3.10.egg-info
[3.407s] running install_scripts
[3.443s] writing list of installed files to '/home/p31h/project_ws/build/project_launch/install.log'
[3.569s] Invoked command in '/home/p31h/project_ws/src/project_launch' returned '0': PYTHONPATH=/home/p31h/project_ws/build/project_launch/prefix_override:/usr/lib/python3/dist-packages/colcon_core/task/python/colcon_distutils_commands:/home/p31h/project_ws/install/project_launch/lib/python3.10/site-packages:${PYTHONPATH} /usr/bin/python3 -W ignore:setup.py install is deprecated setup.py egg_info --egg-base ../../build/project_launch build --build-base /home/p31h/project_ws/build/project_launch/build install --record /home/p31h/project_ws/build/project_launch/install.log --single-version-externally-managed install_data --force
