[2.627s] Invoking command in '/home/p31h/project_ws/build/project_launch': PYTHONPATH=/home/p31h/project_ws/build/project_launch/prefix_override:/usr/lib/python3/dist-packages/colcon_core/task/python/colcon_distutils_commands:/home/p31h/project_ws/install/project_launch/lib/python3.10/site-packages:${PYTHONPATH} /usr/bin/python3 -W ignore:setup.py install is deprecated setup.py develop --editable --build-directory /home/p31h/project_ws/build/project_launch/build --no-deps symlink_data --force
[3.209s] running develop
[3.209s] /usr/lib/python3/dist-packages/setuptools/command/easy_install.py:158: EasyInstallDeprecationWarning: easy_install command is deprecated. Use build and pip and other standards-based tools.
[3.209s]   warnings.warn(
[3.609s] running egg_info
[3.611s] writing project_launch.egg-info/PKG-INFO
[3.611s] writing dependency_links to project_launch.egg-info/dependency_links.txt
[3.611s] writing entry points to project_launch.egg-info/entry_points.txt
[3.612s] writing requirements to project_launch.egg-info/requires.txt
[3.612s] writing top-level names to project_launch.egg-info/top_level.txt
[3.618s] reading manifest file 'project_launch.egg-info/SOURCES.txt'
[3.622s] writing manifest file 'project_launch.egg-info/SOURCES.txt'
[3.626s] running build_ext
[3.626s] Creating /home/p31h/project_ws/install/project_launch/lib/python3.10/site-packages/project-launch.egg-link (link to .)
[3.631s] 
[3.634s] Installed /home/p31h/project_ws/build/project_launch
[3.634s] running symlink_data
[3.634s] symbolically linking /home/p31h/project_ws/build/project_launch/launch/esp32_launch.xml -> /home/p31h/project_ws/install/project_launch/share/project_launch
[3.634s] symbolically linking /home/p31h/project_ws/build/project_launch/launch/nav2_launch.py -> /home/p31h/project_ws/install/project_launch/share/project_launch
[3.635s] symbolically linking /home/p31h/project_ws/build/project_launch/launch/project_launch.xml -> /home/p31h/project_ws/install/project_launch/share/project_launch
[3.635s] symbolically linking /home/p31h/project_ws/build/project_launch/launch/robot_descirp_launch.xml -> /home/p31h/project_ws/install/project_launch/share/project_launch
[3.635s] error: [Errno 2] No such file or directory: '/home/p31h/project_ws/install/project_launch/share/project_launch/my_map4.yaml'
[3.749s] Invoked command in '/home/p31h/project_ws/build/project_launch' returned '1': PYTHONPATH=/home/p31h/project_ws/build/project_launch/prefix_override:/usr/lib/python3/dist-packages/colcon_core/task/python/colcon_distutils_commands:/home/p31h/project_ws/install/project_launch/lib/python3.10/site-packages:${PYTHONPATH} /usr/bin/python3 -W ignore:setup.py install is deprecated setup.py develop --editable --build-directory /home/p31h/project_ws/build/project_launch/build --no-deps symlink_data --force
