[2.194s] Invoking command in '/home/p31h/project_ws/build/robot_description': PYTHONPATH=/home/p31h/project_ws/build/robot_description/prefix_override:/usr/lib/python3/dist-packages/colcon_core/task/python/colcon_distutils_commands:/home/p31h/project_ws/install/robot_description/lib/python3.10/site-packages:${PYTHONPATH} /usr/bin/python3 -W ignore:setup.py install is deprecated setup.py develop --editable --build-directory /home/p31h/project_ws/build/robot_description/build --no-deps symlink_data --force
[2.676s] running develop
[2.676s] /usr/lib/python3/dist-packages/setuptools/command/easy_install.py:158: EasyInstallDeprecationWarning: easy_install command is deprecated. Use build and pip and other standards-based tools.
[2.677s]   warnings.warn(
[2.933s] running egg_info
[2.935s] writing robot_description.egg-info/PKG-INFO
[2.936s] writing dependency_links to robot_description.egg-info/dependency_links.txt
[2.938s] writing entry points to robot_description.egg-info/entry_points.txt
[2.940s] writing requirements to robot_description.egg-info/requires.txt
[2.940s] writing top-level names to robot_description.egg-info/top_level.txt
[2.947s] reading manifest file 'robot_description.egg-info/SOURCES.txt'
[2.952s] writing manifest file 'robot_description.egg-info/SOURCES.txt'
[2.952s] running build_ext
[2.953s] Creating /home/p31h/project_ws/install/robot_description/lib/python3.10/site-packages/robot-description.egg-link (link to .)
[2.955s] 
[2.955s] Installed /home/p31h/project_ws/build/robot_description
[2.955s] running symlink_data
[2.956s] symbolically linking /home/p31h/project_ws/build/robot_description/rviz2/rviz2_config_mapping.rviz -> /home/p31h/project_ws/install/robot_description/share/robot_description
[2.956s] symbolically linking /home/p31h/project_ws/build/robot_description/rviz2/rviz2_config.rviz -> /home/p31h/project_ws/install/robot_description/share/robot_description
[2.958s] symbolically linking /home/p31h/project_ws/build/robot_description/urdf/test_robot.urdf.xacro -> /home/p31h/project_ws/install/robot_description/share/robot_description
[2.958s] symbolically linking /home/p31h/project_ws/build/robot_description/urdf/test_robot_body.xacro -> /home/p31h/project_ws/install/robot_description/share/robot_description
[2.959s] symbolically linking /home/p31h/project_ws/build/robot_description/urdf/common_properties.xacro -> /home/p31h/project_ws/install/robot_description/share/robot_description
[2.959s] symbolically linking /home/p31h/project_ws/build/robot_description/resource/robot_description -> /home/p31h/project_ws/install/robot_description/share/ament_index/resource_index/packages
[2.959s] symbolically linking /home/p31h/project_ws/build/robot_description/package.xml -> /home/p31h/project_ws/install/robot_description/share/robot_description
[3.040s] Invoked command in '/home/p31h/project_ws/build/robot_description' returned '0': PYTHONPATH=/home/p31h/project_ws/build/robot_description/prefix_override:/usr/lib/python3/dist-packages/colcon_core/task/python/colcon_distutils_commands:/home/p31h/project_ws/install/robot_description/lib/python3.10/site-packages:${PYTHONPATH} /usr/bin/python3 -W ignore:setup.py install is deprecated setup.py develop --editable --build-directory /home/p31h/project_ws/build/robot_description/build --no-deps symlink_data --force
