[0.136s] DEBUG:colcon:Command line arguments: ['/usr/bin/colcon', 'build', '--symlink-install']
[0.136s] DEBUG:colcon:Parsed command line arguments: Namespace(log_base=None, log_level=None, verb_name='build', build_base='build', install_base='install', merge_install=False, symlink_install=True, test_result_base=None, continue_on_error=False, executor='parallel', parallel_workers=4, event_handlers=None, ignore_user_meta=False, metas=['./colcon.meta'], base_paths=['.'], packages_ignore=None, packages_ignore_regex=None, paths=None, packages_up_to=None, packages_up_to_regex=None, packages_above=None, packages_above_and_dependencies=None, packages_above_depth=None, packages_select_by_dep=None, packages_skip_by_dep=None, packages_skip_up_to=None, packages_select_build_failed=False, packages_skip_build_finished=False, packages_select_test_failures=False, packages_skip_test_passed=False, packages_select=None, packages_skip=None, packages_select_regex=None, packages_skip_regex=None, packages_start=None, packages_end=None, allow_overriding=[], cmake_args=None, cmake_target=None, cmake_target_skip_unavailable=False, cmake_clean_cache=False, cmake_clean_first=False, cmake_force_configure=False, ament_cmake_args=None, catkin_cmake_args=None, catkin_skip_building_tests=False, verb_parser=<colcon_defaults.argument_parser.defaults.DefaultArgumentsDecorator object at 0x75499bc351b0>, verb_extension=<colcon_core.verb.build.BuildVerb object at 0x75499bc348b0>, main=<bound method BuildVerb.main of <colcon_core.verb.build.BuildVerb object at 0x75499bc348b0>>)
[0.341s] Level 1:colcon.colcon_core.package_discovery:discover_packages(colcon_meta) check parameters
[0.342s] Level 1:colcon.colcon_core.package_discovery:discover_packages(recursive) check parameters
[0.342s] Level 1:colcon.colcon_core.package_discovery:discover_packages(ignore) check parameters
[0.342s] Level 1:colcon.colcon_core.package_discovery:discover_packages(path) check parameters
[0.342s] Level 1:colcon.colcon_core.package_discovery:discover_packages(colcon_meta) discover
[0.342s] Level 1:colcon.colcon_core.package_discovery:discover_packages(recursive) discover
[0.342s] INFO:colcon.colcon_core.package_discovery:Crawling recursively for packages in '/home/p31h/project_ws'
[0.342s] Level 1:colcon.colcon_core.package_identification:_identify(.) by extensions ['ignore', 'ignore_ament_install']
[0.342s] Level 1:colcon.colcon_core.package_identification:_identify(.) by extension 'ignore'
[0.342s] Level 1:colcon.colcon_core.package_identification:_identify(.) by extension 'ignore_ament_install'
[0.342s] Level 1:colcon.colcon_core.package_identification:_identify(.) by extensions ['colcon_pkg']
[0.342s] Level 1:colcon.colcon_core.package_identification:_identify(.) by extension 'colcon_pkg'
[0.342s] Level 1:colcon.colcon_core.package_identification:_identify(.) by extensions ['colcon_meta']
[0.342s] Level 1:colcon.colcon_core.package_identification:_identify(.) by extension 'colcon_meta'
[0.342s] Level 1:colcon.colcon_core.package_identification:_identify(.) by extensions ['ros']
[0.342s] Level 1:colcon.colcon_core.package_identification:_identify(.) by extension 'ros'
[0.357s] Level 1:colcon.colcon_core.package_identification:_identify(.) by extensions ['cmake', 'python']
[0.357s] Level 1:colcon.colcon_core.package_identification:_identify(.) by extension 'cmake'
[0.357s] Level 1:colcon.colcon_core.package_identification:_identify(.) by extension 'python'
[0.357s] Level 1:colcon.colcon_core.package_identification:_identify(.) by extensions ['python_setup_py']
[0.357s] Level 1:colcon.colcon_core.package_identification:_identify(.) by extension 'python_setup_py'
[0.357s] Level 1:colcon.colcon_core.package_identification:_identify(build) by extensions ['ignore', 'ignore_ament_install']
[0.358s] Level 1:colcon.colcon_core.package_identification:_identify(build) by extension 'ignore'
[0.358s] Level 1:colcon.colcon_core.package_identification:_identify(build) ignored
[0.358s] Level 1:colcon.colcon_core.package_identification:_identify(install) by extensions ['ignore', 'ignore_ament_install']
[0.358s] Level 1:colcon.colcon_core.package_identification:_identify(install) by extension 'ignore'
[0.358s] Level 1:colcon.colcon_core.package_identification:_identify(install) ignored
[0.358s] Level 1:colcon.colcon_core.package_identification:_identify(log) by extensions ['ignore', 'ignore_ament_install']
[0.358s] Level 1:colcon.colcon_core.package_identification:_identify(log) by extension 'ignore'
[0.358s] Level 1:colcon.colcon_core.package_identification:_identify(log) ignored
[0.358s] Level 1:colcon.colcon_core.package_identification:_identify(src) by extensions ['ignore', 'ignore_ament_install']
[0.359s] Level 1:colcon.colcon_core.package_identification:_identify(src) by extension 'ignore'
[0.359s] Level 1:colcon.colcon_core.package_identification:_identify(src) by extension 'ignore_ament_install'
[0.359s] Level 1:colcon.colcon_core.package_identification:_identify(src) by extensions ['colcon_pkg']
[0.359s] Level 1:colcon.colcon_core.package_identification:_identify(src) by extension 'colcon_pkg'
[0.359s] Level 1:colcon.colcon_core.package_identification:_identify(src) by extensions ['colcon_meta']
[0.359s] Level 1:colcon.colcon_core.package_identification:_identify(src) by extension 'colcon_meta'
[0.359s] Level 1:colcon.colcon_core.package_identification:_identify(src) by extensions ['ros']
[0.359s] Level 1:colcon.colcon_core.package_identification:_identify(src) by extension 'ros'
[0.359s] Level 1:colcon.colcon_core.package_identification:_identify(src) by extensions ['cmake', 'python']
[0.359s] Level 1:colcon.colcon_core.package_identification:_identify(src) by extension 'cmake'
[0.359s] Level 1:colcon.colcon_core.package_identification:_identify(src) by extension 'python'
[0.359s] Level 1:colcon.colcon_core.package_identification:_identify(src) by extensions ['python_setup_py']
[0.359s] Level 1:colcon.colcon_core.package_identification:_identify(src) by extension 'python_setup_py'
[0.359s] Level 1:colcon.colcon_core.package_identification:_identify(src/esp32_serial) by extensions ['ignore', 'ignore_ament_install']
[0.359s] Level 1:colcon.colcon_core.package_identification:_identify(src/esp32_serial) by extension 'ignore'
[0.359s] Level 1:colcon.colcon_core.package_identification:_identify(src/esp32_serial) by extension 'ignore_ament_install'
[0.360s] Level 1:colcon.colcon_core.package_identification:_identify(src/esp32_serial) by extensions ['colcon_pkg']
[0.360s] Level 1:colcon.colcon_core.package_identification:_identify(src/esp32_serial) by extension 'colcon_pkg'
[0.360s] Level 1:colcon.colcon_core.package_identification:_identify(src/esp32_serial) by extensions ['colcon_meta']
[0.360s] Level 1:colcon.colcon_core.package_identification:_identify(src/esp32_serial) by extension 'colcon_meta'
[0.360s] Level 1:colcon.colcon_core.package_identification:_identify(src/esp32_serial) by extensions ['ros']
[0.360s] Level 1:colcon.colcon_core.package_identification:_identify(src/esp32_serial) by extension 'ros'
[0.362s] DEBUG:colcon.colcon_core.package_identification:Package 'src/esp32_serial' with type 'ros.ament_python' and name 'esp32_serial'
[0.363s] Level 1:colcon.colcon_core.package_identification:_identify(src/mapping) by extensions ['ignore', 'ignore_ament_install']
[0.363s] Level 1:colcon.colcon_core.package_identification:_identify(src/mapping) by extension 'ignore'
[0.363s] Level 1:colcon.colcon_core.package_identification:_identify(src/mapping) by extension 'ignore_ament_install'
[0.363s] Level 1:colcon.colcon_core.package_identification:_identify(src/mapping) by extensions ['colcon_pkg']
[0.363s] Level 1:colcon.colcon_core.package_identification:_identify(src/mapping) by extension 'colcon_pkg'
[0.363s] Level 1:colcon.colcon_core.package_identification:_identify(src/mapping) by extensions ['colcon_meta']
[0.363s] Level 1:colcon.colcon_core.package_identification:_identify(src/mapping) by extension 'colcon_meta'
[0.363s] Level 1:colcon.colcon_core.package_identification:_identify(src/mapping) by extensions ['ros']
[0.363s] Level 1:colcon.colcon_core.package_identification:_identify(src/mapping) by extension 'ros'
[0.364s] DEBUG:colcon.colcon_core.package_identification:Package 'src/mapping' with type 'ros.ament_python' and name 'mapping'
[0.364s] Level 1:colcon.colcon_core.package_identification:_identify(src/project_launch) by extensions ['ignore', 'ignore_ament_install']
[0.364s] Level 1:colcon.colcon_core.package_identification:_identify(src/project_launch) by extension 'ignore'
[0.364s] Level 1:colcon.colcon_core.package_identification:_identify(src/project_launch) by extension 'ignore_ament_install'
[0.364s] Level 1:colcon.colcon_core.package_identification:_identify(src/project_launch) by extensions ['colcon_pkg']
[0.364s] Level 1:colcon.colcon_core.package_identification:_identify(src/project_launch) by extension 'colcon_pkg'
[0.364s] Level 1:colcon.colcon_core.package_identification:_identify(src/project_launch) by extensions ['colcon_meta']
[0.364s] Level 1:colcon.colcon_core.package_identification:_identify(src/project_launch) by extension 'colcon_meta'
[0.364s] Level 1:colcon.colcon_core.package_identification:_identify(src/project_launch) by extensions ['ros']
[0.364s] Level 1:colcon.colcon_core.package_identification:_identify(src/project_launch) by extension 'ros'
[0.365s] DEBUG:colcon.colcon_core.package_identification:Package 'src/project_launch' with type 'ros.ament_python' and name 'project_launch'
[0.365s] Level 1:colcon.colcon_core.package_identification:_identify(src/robot_description) by extensions ['ignore', 'ignore_ament_install']
[0.365s] Level 1:colcon.colcon_core.package_identification:_identify(src/robot_description) by extension 'ignore'
[0.365s] Level 1:colcon.colcon_core.package_identification:_identify(src/robot_description) by extension 'ignore_ament_install'
[0.365s] Level 1:colcon.colcon_core.package_identification:_identify(src/robot_description) by extensions ['colcon_pkg']
[0.365s] Level 1:colcon.colcon_core.package_identification:_identify(src/robot_description) by extension 'colcon_pkg'
[0.365s] Level 1:colcon.colcon_core.package_identification:_identify(src/robot_description) by extensions ['colcon_meta']
[0.365s] Level 1:colcon.colcon_core.package_identification:_identify(src/robot_description) by extension 'colcon_meta'
[0.366s] Level 1:colcon.colcon_core.package_identification:_identify(src/robot_description) by extensions ['ros']
[0.366s] Level 1:colcon.colcon_core.package_identification:_identify(src/robot_description) by extension 'ros'
[0.366s] DEBUG:colcon.colcon_core.package_identification:Package 'src/robot_description' with type 'ros.ament_python' and name 'robot_description'
[0.366s] Level 1:colcon.colcon_core.package_identification:_identify(src/rplidar_ros) by extensions ['ignore', 'ignore_ament_install']
[0.366s] Level 1:colcon.colcon_core.package_identification:_identify(src/rplidar_ros) by extension 'ignore'
[0.366s] Level 1:colcon.colcon_core.package_identification:_identify(src/rplidar_ros) by extension 'ignore_ament_install'
[0.367s] Level 1:colcon.colcon_core.package_identification:_identify(src/rplidar_ros) by extensions ['colcon_pkg']
[0.367s] Level 1:colcon.colcon_core.package_identification:_identify(src/rplidar_ros) by extension 'colcon_pkg'
[0.367s] Level 1:colcon.colcon_core.package_identification:_identify(src/rplidar_ros) by extensions ['colcon_meta']
[0.367s] Level 1:colcon.colcon_core.package_identification:_identify(src/rplidar_ros) by extension 'colcon_meta'
[0.367s] Level 1:colcon.colcon_core.package_identification:_identify(src/rplidar_ros) by extensions ['ros']
[0.367s] Level 1:colcon.colcon_core.package_identification:_identify(src/rplidar_ros) by extension 'ros'
[0.367s] DEBUG:colcon.colcon_core.package_identification:Package 'src/rplidar_ros' with type 'ros.ament_cmake' and name 'rplidar_ros'
[0.368s] Level 1:colcon.colcon_core.package_discovery:discover_packages(recursive) using defaults
[0.368s] Level 1:colcon.colcon_core.package_discovery:discover_packages(ignore) discover
[0.368s] Level 1:colcon.colcon_core.package_discovery:discover_packages(ignore) using defaults
[0.368s] Level 1:colcon.colcon_core.package_discovery:discover_packages(path) discover
[0.368s] Level 1:colcon.colcon_core.package_discovery:discover_packages(path) using defaults
[0.392s] Level 1:colcon.colcon_core.package_discovery:discover_packages(prefix_path) check parameters
[0.392s] Level 1:colcon.colcon_core.package_discovery:discover_packages(prefix_path) discover
[0.395s] DEBUG:colcon.colcon_installed_package_information.package_discovery:Found 5 installed packages in /home/p31h/project_ws/install
[0.397s] DEBUG:colcon.colcon_installed_package_information.package_discovery:Found 328 installed packages in /opt/ros/humble
[0.399s] Level 1:colcon.colcon_core.package_discovery:discover_packages(prefix_path) using defaults
[0.469s] Level 5:colcon.colcon_core.verb:set package 'esp32_serial' build argument 'cmake_args' from command line to 'None'
[0.469s] Level 5:colcon.colcon_core.verb:set package 'esp32_serial' build argument 'cmake_target' from command line to 'None'
[0.469s] Level 5:colcon.colcon_core.verb:set package 'esp32_serial' build argument 'cmake_target_skip_unavailable' from command line to 'False'
[0.469s] Level 5:colcon.colcon_core.verb:set package 'esp32_serial' build argument 'cmake_clean_cache' from command line to 'False'
[0.469s] Level 5:colcon.colcon_core.verb:set package 'esp32_serial' build argument 'cmake_clean_first' from command line to 'False'
[0.469s] Level 5:colcon.colcon_core.verb:set package 'esp32_serial' build argument 'cmake_force_configure' from command line to 'False'
[0.469s] Level 5:colcon.colcon_core.verb:set package 'esp32_serial' build argument 'ament_cmake_args' from command line to 'None'
[0.469s] Level 5:colcon.colcon_core.verb:set package 'esp32_serial' build argument 'catkin_cmake_args' from command line to 'None'
[0.469s] Level 5:colcon.colcon_core.verb:set package 'esp32_serial' build argument 'catkin_skip_building_tests' from command line to 'False'
[0.469s] DEBUG:colcon.colcon_core.verb:Building package 'esp32_serial' with the following arguments: {'ament_cmake_args': None, 'build_base': '/home/p31h/project_ws/build/esp32_serial', 'catkin_cmake_args': None, 'catkin_skip_building_tests': False, 'cmake_args': None, 'cmake_clean_cache': False, 'cmake_clean_first': False, 'cmake_force_configure': False, 'cmake_target': None, 'cmake_target_skip_unavailable': False, 'install_base': '/home/p31h/project_ws/install/esp32_serial', 'merge_install': False, 'path': '/home/p31h/project_ws/src/esp32_serial', 'symlink_install': True, 'test_result_base': None}
[0.470s] Level 5:colcon.colcon_core.verb:set package 'mapping' build argument 'cmake_args' from command line to 'None'
[0.470s] Level 5:colcon.colcon_core.verb:set package 'mapping' build argument 'cmake_target' from command line to 'None'
[0.470s] Level 5:colcon.colcon_core.verb:set package 'mapping' build argument 'cmake_target_skip_unavailable' from command line to 'False'
[0.470s] Level 5:colcon.colcon_core.verb:set package 'mapping' build argument 'cmake_clean_cache' from command line to 'False'
[0.470s] Level 5:colcon.colcon_core.verb:set package 'mapping' build argument 'cmake_clean_first' from command line to 'False'
[0.470s] Level 5:colcon.colcon_core.verb:set package 'mapping' build argument 'cmake_force_configure' from command line to 'False'
[0.470s] Level 5:colcon.colcon_core.verb:set package 'mapping' build argument 'ament_cmake_args' from command line to 'None'
[0.470s] Level 5:colcon.colcon_core.verb:set package 'mapping' build argument 'catkin_cmake_args' from command line to 'None'
[0.470s] Level 5:colcon.colcon_core.verb:set package 'mapping' build argument 'catkin_skip_building_tests' from command line to 'False'
[0.470s] DEBUG:colcon.colcon_core.verb:Building package 'mapping' with the following arguments: {'ament_cmake_args': None, 'build_base': '/home/p31h/project_ws/build/mapping', 'catkin_cmake_args': None, 'catkin_skip_building_tests': False, 'cmake_args': None, 'cmake_clean_cache': False, 'cmake_clean_first': False, 'cmake_force_configure': False, 'cmake_target': None, 'cmake_target_skip_unavailable': False, 'install_base': '/home/p31h/project_ws/install/mapping', 'merge_install': False, 'path': '/home/p31h/project_ws/src/mapping', 'symlink_install': True, 'test_result_base': None}
[0.471s] Level 5:colcon.colcon_core.verb:set package 'project_launch' build argument 'cmake_args' from command line to 'None'
[0.471s] Level 5:colcon.colcon_core.verb:set package 'project_launch' build argument 'cmake_target' from command line to 'None'
[0.471s] Level 5:colcon.colcon_core.verb:set package 'project_launch' build argument 'cmake_target_skip_unavailable' from command line to 'False'
[0.471s] Level 5:colcon.colcon_core.verb:set package 'project_launch' build argument 'cmake_clean_cache' from command line to 'False'
[0.471s] Level 5:colcon.colcon_core.verb:set package 'project_launch' build argument 'cmake_clean_first' from command line to 'False'
[0.471s] Level 5:colcon.colcon_core.verb:set package 'project_launch' build argument 'cmake_force_configure' from command line to 'False'
[0.471s] Level 5:colcon.colcon_core.verb:set package 'project_launch' build argument 'ament_cmake_args' from command line to 'None'
[0.471s] Level 5:colcon.colcon_core.verb:set package 'project_launch' build argument 'catkin_cmake_args' from command line to 'None'
[0.471s] Level 5:colcon.colcon_core.verb:set package 'project_launch' build argument 'catkin_skip_building_tests' from command line to 'False'
[0.471s] DEBUG:colcon.colcon_core.verb:Building package 'project_launch' with the following arguments: {'ament_cmake_args': None, 'build_base': '/home/p31h/project_ws/build/project_launch', 'catkin_cmake_args': None, 'catkin_skip_building_tests': False, 'cmake_args': None, 'cmake_clean_cache': False, 'cmake_clean_first': False, 'cmake_force_configure': False, 'cmake_target': None, 'cmake_target_skip_unavailable': False, 'install_base': '/home/p31h/project_ws/install/project_launch', 'merge_install': False, 'path': '/home/p31h/project_ws/src/project_launch', 'symlink_install': True, 'test_result_base': None}
[0.471s] Level 5:colcon.colcon_core.verb:set package 'robot_description' build argument 'cmake_args' from command line to 'None'
[0.471s] Level 5:colcon.colcon_core.verb:set package 'robot_description' build argument 'cmake_target' from command line to 'None'
[0.471s] Level 5:colcon.colcon_core.verb:set package 'robot_description' build argument 'cmake_target_skip_unavailable' from command line to 'False'
[0.471s] Level 5:colcon.colcon_core.verb:set package 'robot_description' build argument 'cmake_clean_cache' from command line to 'False'
[0.471s] Level 5:colcon.colcon_core.verb:set package 'robot_description' build argument 'cmake_clean_first' from command line to 'False'
[0.471s] Level 5:colcon.colcon_core.verb:set package 'robot_description' build argument 'cmake_force_configure' from command line to 'False'
[0.471s] Level 5:colcon.colcon_core.verb:set package 'robot_description' build argument 'ament_cmake_args' from command line to 'None'
[0.471s] Level 5:colcon.colcon_core.verb:set package 'robot_description' build argument 'catkin_cmake_args' from command line to 'None'
[0.471s] Level 5:colcon.colcon_core.verb:set package 'robot_description' build argument 'catkin_skip_building_tests' from command line to 'False'
[0.472s] DEBUG:colcon.colcon_core.verb:Building package 'robot_description' with the following arguments: {'ament_cmake_args': None, 'build_base': '/home/p31h/project_ws/build/robot_description', 'catkin_cmake_args': None, 'catkin_skip_building_tests': False, 'cmake_args': None, 'cmake_clean_cache': False, 'cmake_clean_first': False, 'cmake_force_configure': False, 'cmake_target': None, 'cmake_target_skip_unavailable': False, 'install_base': '/home/p31h/project_ws/install/robot_description', 'merge_install': False, 'path': '/home/p31h/project_ws/src/robot_description', 'symlink_install': True, 'test_result_base': None}
[0.472s] Level 5:colcon.colcon_core.verb:set package 'rplidar_ros' build argument 'cmake_args' from command line to 'None'
[0.472s] Level 5:colcon.colcon_core.verb:set package 'rplidar_ros' build argument 'cmake_target' from command line to 'None'
[0.472s] Level 5:colcon.colcon_core.verb:set package 'rplidar_ros' build argument 'cmake_target_skip_unavailable' from command line to 'False'
[0.472s] Level 5:colcon.colcon_core.verb:set package 'rplidar_ros' build argument 'cmake_clean_cache' from command line to 'False'
[0.472s] Level 5:colcon.colcon_core.verb:set package 'rplidar_ros' build argument 'cmake_clean_first' from command line to 'False'
[0.472s] Level 5:colcon.colcon_core.verb:set package 'rplidar_ros' build argument 'cmake_force_configure' from command line to 'False'
[0.472s] Level 5:colcon.colcon_core.verb:set package 'rplidar_ros' build argument 'ament_cmake_args' from command line to 'None'
[0.472s] Level 5:colcon.colcon_core.verb:set package 'rplidar_ros' build argument 'catkin_cmake_args' from command line to 'None'
[0.472s] Level 5:colcon.colcon_core.verb:set package 'rplidar_ros' build argument 'catkin_skip_building_tests' from command line to 'False'
[0.472s] DEBUG:colcon.colcon_core.verb:Building package 'rplidar_ros' with the following arguments: {'ament_cmake_args': None, 'build_base': '/home/p31h/project_ws/build/rplidar_ros', 'catkin_cmake_args': None, 'catkin_skip_building_tests': False, 'cmake_args': None, 'cmake_clean_cache': False, 'cmake_clean_first': False, 'cmake_force_configure': False, 'cmake_target': None, 'cmake_target_skip_unavailable': False, 'install_base': '/home/p31h/project_ws/install/rplidar_ros', 'merge_install': False, 'path': '/home/p31h/project_ws/src/rplidar_ros', 'symlink_install': True, 'test_result_base': None}
[0.472s] INFO:colcon.colcon_core.executor:Executing jobs using 'parallel' executor
[0.474s] DEBUG:colcon.colcon_parallel_executor.executor.parallel:run_until_complete
[0.474s] INFO:colcon.colcon_ros.task.ament_python.build:Building ROS package in '/home/p31h/project_ws/src/esp32_serial' with build type 'ament_python'
[0.474s] Level 1:colcon.colcon_core.shell:create_environment_hook('esp32_serial', 'ament_prefix_path')
[0.478s] INFO:colcon.colcon_core.plugin_system:Skipping extension 'colcon_core.shell.bat': Not used on non-Windows systems
[0.478s] INFO:colcon.colcon_core.shell:Creating environment hook '/home/p31h/project_ws/install/esp32_serial/share/esp32_serial/hook/ament_prefix_path.ps1'
[0.479s] INFO:colcon.colcon_core.shell:Creating environment descriptor '/home/p31h/project_ws/install/esp32_serial/share/esp32_serial/hook/ament_prefix_path.dsv'
[0.479s] INFO:colcon.colcon_core.shell:Creating environment hook '/home/p31h/project_ws/install/esp32_serial/share/esp32_serial/hook/ament_prefix_path.sh'
[0.480s] INFO:colcon.colcon_core.shell:Skip shell extension 'powershell' for command environment: Not usable outside of PowerShell
[0.480s] DEBUG:colcon.colcon_core.shell:Skip shell extension 'dsv' for command environment
[0.486s] INFO:colcon.colcon_ros.task.ament_python.build:Building ROS package in '/home/p31h/project_ws/src/mapping' with build type 'ament_python'
[0.486s] Level 1:colcon.colcon_core.shell:create_environment_hook('mapping', 'ament_prefix_path')
[0.486s] INFO:colcon.colcon_core.shell:Creating environment hook '/home/p31h/project_ws/install/mapping/share/mapping/hook/ament_prefix_path.ps1'
[0.487s] INFO:colcon.colcon_core.shell:Creating environment descriptor '/home/p31h/project_ws/install/mapping/share/mapping/hook/ament_prefix_path.dsv'
[0.488s] INFO:colcon.colcon_core.shell:Creating environment hook '/home/p31h/project_ws/install/mapping/share/mapping/hook/ament_prefix_path.sh'
[0.488s] INFO:colcon.colcon_core.shell:Skip shell extension 'powershell' for command environment: Not usable outside of PowerShell
[0.489s] DEBUG:colcon.colcon_core.shell:Skip shell extension 'dsv' for command environment
[0.495s] INFO:colcon.colcon_ros.task.ament_python.build:Building ROS package in '/home/p31h/project_ws/src/project_launch' with build type 'ament_python'
[0.495s] Level 1:colcon.colcon_core.shell:create_environment_hook('project_launch', 'ament_prefix_path')
[0.495s] INFO:colcon.colcon_core.shell:Creating environment hook '/home/p31h/project_ws/install/project_launch/share/project_launch/hook/ament_prefix_path.ps1'
[0.496s] INFO:colcon.colcon_core.shell:Creating environment descriptor '/home/p31h/project_ws/install/project_launch/share/project_launch/hook/ament_prefix_path.dsv'
[0.497s] INFO:colcon.colcon_core.shell:Creating environment hook '/home/p31h/project_ws/install/project_launch/share/project_launch/hook/ament_prefix_path.sh'
[0.498s] INFO:colcon.colcon_core.shell:Skip shell extension 'powershell' for command environment: Not usable outside of PowerShell
[0.498s] DEBUG:colcon.colcon_core.shell:Skip shell extension 'dsv' for command environment
[0.503s] INFO:colcon.colcon_ros.task.ament_python.build:Building ROS package in '/home/p31h/project_ws/src/robot_description' with build type 'ament_python'
[0.503s] Level 1:colcon.colcon_core.shell:create_environment_hook('robot_description', 'ament_prefix_path')
[0.504s] INFO:colcon.colcon_core.shell:Creating environment hook '/home/p31h/project_ws/install/robot_description/share/robot_description/hook/ament_prefix_path.ps1'
[0.505s] INFO:colcon.colcon_core.shell:Creating environment descriptor '/home/p31h/project_ws/install/robot_description/share/robot_description/hook/ament_prefix_path.dsv'
[0.505s] INFO:colcon.colcon_core.shell:Creating environment hook '/home/p31h/project_ws/install/robot_description/share/robot_description/hook/ament_prefix_path.sh'
[0.507s] INFO:colcon.colcon_core.shell:Skip shell extension 'powershell' for command environment: Not usable outside of PowerShell
[0.507s] DEBUG:colcon.colcon_core.shell:Skip shell extension 'dsv' for command environment
[0.860s] INFO:colcon.colcon_core.task.python.build:Building Python package in '/home/p31h/project_ws/src/esp32_serial'
[0.860s] INFO:colcon.colcon_core.shell:Skip shell extension 'powershell' for command environment: Not usable outside of PowerShell
[0.860s] DEBUG:colcon.colcon_core.shell:Skip shell extension 'dsv' for command environment
[1.220s] INFO:colcon.colcon_core.task.python.build:Building Python package in '/home/p31h/project_ws/src/mapping'
[1.220s] INFO:colcon.colcon_core.shell:Skip shell extension 'powershell' for command environment: Not usable outside of PowerShell
[1.220s] DEBUG:colcon.colcon_core.shell:Skip shell extension 'dsv' for command environment
[1.575s] INFO:colcon.colcon_core.task.python.build:Building Python package in '/home/p31h/project_ws/src/project_launch'
[1.576s] INFO:colcon.colcon_core.shell:Skip shell extension 'powershell' for command environment: Not usable outside of PowerShell
[1.576s] DEBUG:colcon.colcon_core.shell:Skip shell extension 'dsv' for command environment
[1.941s] INFO:colcon.colcon_core.task.python.build:Building Python package in '/home/p31h/project_ws/src/robot_description'
[1.941s] INFO:colcon.colcon_core.shell:Skip shell extension 'powershell' for command environment: Not usable outside of PowerShell
[1.942s] DEBUG:colcon.colcon_core.shell:Skip shell extension 'dsv' for command environment
[2.486s] DEBUG:colcon.colcon_core.event_handler.log_command:Invoking command in '/home/p31h/project_ws/build/esp32_serial': PYTHONPATH=/home/p31h/project_ws/build/esp32_serial/prefix_override:/usr/lib/python3/dist-packages/colcon_core/task/python/colcon_distutils_commands:/home/p31h/project_ws/install/esp32_serial/lib/python3.10/site-packages:${PYTHONPATH} /usr/bin/python3 -W ignore:setup.py install is deprecated setup.py develop --editable --build-directory /home/p31h/project_ws/build/esp32_serial/build --no-deps symlink_data
[2.616s] DEBUG:colcon.colcon_core.event_handler.log_command:Invoking command in '/home/p31h/project_ws/build/robot_description': PYTHONPATH=/home/p31h/project_ws/build/robot_description/prefix_override:/usr/lib/python3/dist-packages/colcon_core/task/python/colcon_distutils_commands:/home/p31h/project_ws/install/robot_description/lib/python3.10/site-packages:${PYTHONPATH} /usr/bin/python3 -W ignore:setup.py install is deprecated setup.py develop --editable --build-directory /home/p31h/project_ws/build/robot_description/build --no-deps symlink_data
[2.655s] DEBUG:colcon.colcon_core.event_handler.log_command:Invoking command in '/home/p31h/project_ws/build/mapping': PYTHONPATH=/home/p31h/project_ws/build/mapping/prefix_override:/usr/lib/python3/dist-packages/colcon_core/task/python/colcon_distutils_commands:/home/p31h/project_ws/install/mapping/lib/python3.10/site-packages:${PYTHONPATH} /usr/bin/python3 -W ignore:setup.py install is deprecated setup.py develop --editable --build-directory /home/p31h/project_ws/build/mapping/build --no-deps symlink_data
[2.843s] DEBUG:colcon.colcon_core.event_handler.log_command:Invoking command in '/home/p31h/project_ws/build/project_launch': PYTHONPATH=/home/p31h/project_ws/build/project_launch/prefix_override:/usr/lib/python3/dist-packages/colcon_core/task/python/colcon_distutils_commands:/home/p31h/project_ws/install/project_launch/lib/python3.10/site-packages:${PYTHONPATH} /usr/bin/python3 -W ignore:setup.py install is deprecated setup.py develop --editable --build-directory /home/p31h/project_ws/build/project_launch/build --no-deps symlink_data
[3.426s] Level 1:colcon.colcon_core.shell:create_environment_hook('esp32_serial', 'pythonpath_develop')
[3.428s] INFO:colcon.colcon_core.shell:Creating environment hook '/home/p31h/project_ws/build/esp32_serial/share/esp32_serial/hook/pythonpath_develop.ps1'
[3.429s] INFO:colcon.colcon_core.shell:Creating environment descriptor '/home/p31h/project_ws/build/esp32_serial/share/esp32_serial/hook/pythonpath_develop.dsv'
[3.427s] DEBUG:colcon.colcon_core.event_handler.log_command:Invoked command in '/home/p31h/project_ws/build/esp32_serial' returned '0': PYTHONPATH=/home/p31h/project_ws/build/esp32_serial/prefix_override:/usr/lib/python3/dist-packages/colcon_core/task/python/colcon_distutils_commands:/home/p31h/project_ws/install/esp32_serial/lib/python3.10/site-packages:${PYTHONPATH} /usr/bin/python3 -W ignore:setup.py install is deprecated setup.py develop --editable --build-directory /home/p31h/project_ws/build/esp32_serial/build --no-deps symlink_data
[3.430s] INFO:colcon.colcon_core.shell:Creating environment hook '/home/p31h/project_ws/build/esp32_serial/share/esp32_serial/hook/pythonpath_develop.sh'
[3.436s] Level 1:colcon.colcon_core.environment:checking '/home/p31h/project_ws/install/esp32_serial' for CMake module files
[3.437s] Level 1:colcon.colcon_core.environment:checking '/home/p31h/project_ws/install/esp32_serial' for CMake config files
[3.438s] Level 1:colcon.colcon_core.environment:checking '/home/p31h/project_ws/install/esp32_serial/lib'
[3.438s] Level 1:colcon.colcon_core.environment:checking '/home/p31h/project_ws/install/esp32_serial/bin'
[3.438s] Level 1:colcon.colcon_core.environment:checking '/home/p31h/project_ws/install/esp32_serial/lib/pkgconfig/esp32_serial.pc'
[3.438s] Level 1:colcon.colcon_core.environment:checking '/home/p31h/project_ws/install/esp32_serial/lib/python3.10/site-packages'
[3.438s] Level 1:colcon.colcon_core.shell:create_environment_hook('esp32_serial', 'pythonpath')
[3.439s] INFO:colcon.colcon_core.shell:Creating environment hook '/home/p31h/project_ws/install/esp32_serial/share/esp32_serial/hook/pythonpath.ps1'
[3.440s] INFO:colcon.colcon_core.shell:Creating environment descriptor '/home/p31h/project_ws/install/esp32_serial/share/esp32_serial/hook/pythonpath.dsv'
[3.440s] INFO:colcon.colcon_core.shell:Creating environment hook '/home/p31h/project_ws/install/esp32_serial/share/esp32_serial/hook/pythonpath.sh'
[3.441s] Level 1:colcon.colcon_core.environment:checking '/home/p31h/project_ws/install/esp32_serial/bin'
[3.441s] Level 1:colcon.colcon_core.environment:create_environment_scripts_only(esp32_serial)
[3.442s] INFO:colcon.colcon_core.shell:Creating package script '/home/p31h/project_ws/install/esp32_serial/share/esp32_serial/package.ps1'
[3.443s] INFO:colcon.colcon_core.shell:Creating package descriptor '/home/p31h/project_ws/install/esp32_serial/share/esp32_serial/package.dsv'
[3.444s] INFO:colcon.colcon_core.shell:Creating package script '/home/p31h/project_ws/install/esp32_serial/share/esp32_serial/package.sh'
[3.446s] INFO:colcon.colcon_core.shell:Creating package script '/home/p31h/project_ws/install/esp32_serial/share/esp32_serial/package.bash'
[3.447s] INFO:colcon.colcon_core.shell:Creating package script '/home/p31h/project_ws/install/esp32_serial/share/esp32_serial/package.zsh'
[3.448s] Level 1:colcon.colcon_core.environment:create_file_with_runtime_dependencies(/home/p31h/project_ws/install/esp32_serial/share/colcon-core/packages/esp32_serial)
[3.450s] INFO:colcon.colcon_ros.task.ament_cmake.build:Building ROS package in '/home/p31h/project_ws/src/rplidar_ros' with build type 'ament_cmake'
[3.450s] INFO:colcon.colcon_cmake.task.cmake.build:Building CMake package in '/home/p31h/project_ws/src/rplidar_ros'
[3.451s] INFO:colcon.colcon_core.shell:Skip shell extension 'powershell' for command environment: Not usable outside of PowerShell
[3.451s] DEBUG:colcon.colcon_core.shell:Skip shell extension 'dsv' for command environment
[3.464s] Level 1:colcon.colcon_core.shell:create_environment_hook('robot_description', 'pythonpath_develop')
[3.466s] INFO:colcon.colcon_core.shell:Creating environment hook '/home/p31h/project_ws/build/robot_description/share/robot_description/hook/pythonpath_develop.ps1'
[3.467s] INFO:colcon.colcon_core.shell:Creating environment descriptor '/home/p31h/project_ws/build/robot_description/share/robot_description/hook/pythonpath_develop.dsv'
[3.469s] DEBUG:colcon.colcon_core.event_handler.log_command:Invoked command in '/home/p31h/project_ws/build/robot_description' returned '0': PYTHONPATH=/home/p31h/project_ws/build/robot_description/prefix_override:/usr/lib/python3/dist-packages/colcon_core/task/python/colcon_distutils_commands:/home/p31h/project_ws/install/robot_description/lib/python3.10/site-packages:${PYTHONPATH} /usr/bin/python3 -W ignore:setup.py install is deprecated setup.py develop --editable --build-directory /home/p31h/project_ws/build/robot_description/build --no-deps symlink_data
[3.470s] INFO:colcon.colcon_core.shell:Creating environment hook '/home/p31h/project_ws/build/robot_description/share/robot_description/hook/pythonpath_develop.sh'
[3.472s] Level 1:colcon.colcon_core.environment:checking '/home/p31h/project_ws/install/robot_description' for CMake module files
[3.473s] Level 1:colcon.colcon_core.environment:checking '/home/p31h/project_ws/install/robot_description' for CMake config files
[3.476s] Level 1:colcon.colcon_core.environment:checking '/home/p31h/project_ws/install/robot_description/lib'
[3.476s] Level 1:colcon.colcon_core.environment:checking '/home/p31h/project_ws/install/robot_description/bin'
[3.476s] Level 1:colcon.colcon_core.environment:checking '/home/p31h/project_ws/install/robot_description/lib/pkgconfig/robot_description.pc'
[3.477s] Level 1:colcon.colcon_core.environment:checking '/home/p31h/project_ws/install/robot_description/lib/python3.10/site-packages'
[3.477s] Level 1:colcon.colcon_core.shell:create_environment_hook('robot_description', 'pythonpath')
[3.477s] INFO:colcon.colcon_core.shell:Creating environment hook '/home/p31h/project_ws/install/robot_description/share/robot_description/hook/pythonpath.ps1'
[3.478s] INFO:colcon.colcon_core.shell:Creating environment descriptor '/home/p31h/project_ws/install/robot_description/share/robot_description/hook/pythonpath.dsv'
[3.480s] INFO:colcon.colcon_core.shell:Creating environment hook '/home/p31h/project_ws/install/robot_description/share/robot_description/hook/pythonpath.sh'
[3.481s] Level 1:colcon.colcon_core.environment:checking '/home/p31h/project_ws/install/robot_description/bin'
[3.481s] Level 1:colcon.colcon_core.environment:create_environment_scripts_only(robot_description)
[3.482s] INFO:colcon.colcon_core.shell:Creating package script '/home/p31h/project_ws/install/robot_description/share/robot_description/package.ps1'
[3.484s] INFO:colcon.colcon_core.shell:Creating package descriptor '/home/p31h/project_ws/install/robot_description/share/robot_description/package.dsv'
[3.486s] INFO:colcon.colcon_core.shell:Creating package script '/home/p31h/project_ws/install/robot_description/share/robot_description/package.sh'
[3.488s] INFO:colcon.colcon_core.shell:Creating package script '/home/p31h/project_ws/install/robot_description/share/robot_description/package.bash'
[3.489s] INFO:colcon.colcon_core.shell:Creating package script '/home/p31h/project_ws/install/robot_description/share/robot_description/package.zsh'
[3.490s] Level 1:colcon.colcon_core.environment:create_file_with_runtime_dependencies(/home/p31h/project_ws/install/robot_description/share/colcon-core/packages/robot_description)
[3.496s] DEBUG:colcon.colcon_core.event_handler.log_command:Invoking command in '/home/p31h/project_ws/build/rplidar_ros': CMAKE_PREFIX_PATH=${CMAKE_PREFIX_PATH}:/home/p31h/project_ws/install/robot_description:/home/p31h/project_ws/install/project_launch:/home/p31h/project_ws/install/mapping:/home/p31h/project_ws/install/esp32_serial:/opt/ros/humble /usr/bin/cmake --build /home/p31h/project_ws/build/rplidar_ros -- -j4 -l4
[3.556s] Level 1:colcon.colcon_core.shell:create_environment_hook('mapping', 'pythonpath_develop')
[3.557s] INFO:colcon.colcon_core.shell:Creating environment hook '/home/p31h/project_ws/build/mapping/share/mapping/hook/pythonpath_develop.ps1'
[3.558s] DEBUG:colcon.colcon_core.event_handler.log_command:Invoked command in '/home/p31h/project_ws/build/mapping' returned '0': PYTHONPATH=/home/p31h/project_ws/build/mapping/prefix_override:/usr/lib/python3/dist-packages/colcon_core/task/python/colcon_distutils_commands:/home/p31h/project_ws/install/mapping/lib/python3.10/site-packages:${PYTHONPATH} /usr/bin/python3 -W ignore:setup.py install is deprecated setup.py develop --editable --build-directory /home/p31h/project_ws/build/mapping/build --no-deps symlink_data
[3.559s] INFO:colcon.colcon_core.shell:Creating environment descriptor '/home/p31h/project_ws/build/mapping/share/mapping/hook/pythonpath_develop.dsv'
[3.560s] INFO:colcon.colcon_core.shell:Creating environment hook '/home/p31h/project_ws/build/mapping/share/mapping/hook/pythonpath_develop.sh'
[3.560s] Level 1:colcon.colcon_core.environment:checking '/home/p31h/project_ws/install/mapping' for CMake module files
[3.561s] Level 1:colcon.colcon_core.environment:checking '/home/p31h/project_ws/install/mapping' for CMake config files
[3.562s] Level 1:colcon.colcon_core.environment:checking '/home/p31h/project_ws/install/mapping/lib'
[3.562s] Level 1:colcon.colcon_core.environment:checking '/home/p31h/project_ws/install/mapping/bin'
[3.562s] Level 1:colcon.colcon_core.environment:checking '/home/p31h/project_ws/install/mapping/lib/pkgconfig/mapping.pc'
[3.562s] Level 1:colcon.colcon_core.environment:checking '/home/p31h/project_ws/install/mapping/lib/python3.10/site-packages'
[3.562s] Level 1:colcon.colcon_core.shell:create_environment_hook('mapping', 'pythonpath')
[3.563s] INFO:colcon.colcon_core.shell:Creating environment hook '/home/p31h/project_ws/install/mapping/share/mapping/hook/pythonpath.ps1'
[3.563s] INFO:colcon.colcon_core.shell:Creating environment descriptor '/home/p31h/project_ws/install/mapping/share/mapping/hook/pythonpath.dsv'
[3.565s] INFO:colcon.colcon_core.shell:Creating environment hook '/home/p31h/project_ws/install/mapping/share/mapping/hook/pythonpath.sh'
[3.566s] Level 1:colcon.colcon_core.environment:checking '/home/p31h/project_ws/install/mapping/bin'
[3.566s] Level 1:colcon.colcon_core.environment:create_environment_scripts_only(mapping)
[3.566s] INFO:colcon.colcon_core.shell:Creating package script '/home/p31h/project_ws/install/mapping/share/mapping/package.ps1'
[3.567s] INFO:colcon.colcon_core.shell:Creating package descriptor '/home/p31h/project_ws/install/mapping/share/mapping/package.dsv'
[3.568s] INFO:colcon.colcon_core.shell:Creating package script '/home/p31h/project_ws/install/mapping/share/mapping/package.sh'
[3.569s] INFO:colcon.colcon_core.shell:Creating package script '/home/p31h/project_ws/install/mapping/share/mapping/package.bash'
[3.569s] INFO:colcon.colcon_core.shell:Creating package script '/home/p31h/project_ws/install/mapping/share/mapping/package.zsh'
[3.570s] Level 1:colcon.colcon_core.environment:create_file_with_runtime_dependencies(/home/p31h/project_ws/install/mapping/share/colcon-core/packages/mapping)
[3.694s] DEBUG:colcon.colcon_core.event_handler.log_command:Invoked command in '/home/p31h/project_ws/build/rplidar_ros' returned '0': CMAKE_PREFIX_PATH=${CMAKE_PREFIX_PATH}:/home/p31h/project_ws/install/robot_description:/home/p31h/project_ws/install/project_launch:/home/p31h/project_ws/install/mapping:/home/p31h/project_ws/install/esp32_serial:/opt/ros/humble /usr/bin/cmake --build /home/p31h/project_ws/build/rplidar_ros -- -j4 -l4
[3.817s] Level 1:colcon.colcon_core.shell:create_environment_hook('project_launch', 'pythonpath_develop')
[3.818s] INFO:colcon.colcon_core.shell:Creating environment hook '/home/p31h/project_ws/build/project_launch/share/project_launch/hook/pythonpath_develop.ps1'
[3.818s] DEBUG:colcon.colcon_core.event_handler.log_command:Invoked command in '/home/p31h/project_ws/build/project_launch' returned '0': PYTHONPATH=/home/p31h/project_ws/build/project_launch/prefix_override:/usr/lib/python3/dist-packages/colcon_core/task/python/colcon_distutils_commands:/home/p31h/project_ws/install/project_launch/lib/python3.10/site-packages:${PYTHONPATH} /usr/bin/python3 -W ignore:setup.py install is deprecated setup.py develop --editable --build-directory /home/p31h/project_ws/build/project_launch/build --no-deps symlink_data
[3.819s] INFO:colcon.colcon_core.shell:Creating environment descriptor '/home/p31h/project_ws/build/project_launch/share/project_launch/hook/pythonpath_develop.dsv'
[3.819s] INFO:colcon.colcon_core.shell:Creating environment hook '/home/p31h/project_ws/build/project_launch/share/project_launch/hook/pythonpath_develop.sh'
[3.820s] Level 1:colcon.colcon_core.environment:checking '/home/p31h/project_ws/install/project_launch' for CMake module files
[3.821s] Level 1:colcon.colcon_core.environment:checking '/home/p31h/project_ws/install/project_launch' for CMake config files
[3.822s] Level 1:colcon.colcon_core.environment:checking '/home/p31h/project_ws/install/project_launch/lib'
[3.822s] Level 1:colcon.colcon_core.environment:checking '/home/p31h/project_ws/install/project_launch/bin'
[3.822s] Level 1:colcon.colcon_core.environment:checking '/home/p31h/project_ws/install/project_launch/lib/pkgconfig/project_launch.pc'
[3.822s] Level 1:colcon.colcon_core.environment:checking '/home/p31h/project_ws/install/project_launch/lib/python3.10/site-packages'
[3.822s] Level 1:colcon.colcon_core.shell:create_environment_hook('project_launch', 'pythonpath')
[3.822s] INFO:colcon.colcon_core.shell:Creating environment hook '/home/p31h/project_ws/install/project_launch/share/project_launch/hook/pythonpath.ps1'
[3.823s] INFO:colcon.colcon_core.shell:Creating environment descriptor '/home/p31h/project_ws/install/project_launch/share/project_launch/hook/pythonpath.dsv'
[3.823s] INFO:colcon.colcon_core.shell:Creating environment hook '/home/p31h/project_ws/install/project_launch/share/project_launch/hook/pythonpath.sh'
[3.824s] Level 1:colcon.colcon_core.environment:checking '/home/p31h/project_ws/install/project_launch/bin'
[3.824s] Level 1:colcon.colcon_core.environment:create_environment_scripts_only(project_launch)
[3.825s] INFO:colcon.colcon_core.shell:Creating package script '/home/p31h/project_ws/install/project_launch/share/project_launch/package.ps1'
[3.825s] INFO:colcon.colcon_core.shell:Creating package descriptor '/home/p31h/project_ws/install/project_launch/share/project_launch/package.dsv'
[3.826s] INFO:colcon.colcon_core.shell:Creating package script '/home/p31h/project_ws/install/project_launch/share/project_launch/package.sh'
[3.826s] INFO:colcon.colcon_core.shell:Creating package script '/home/p31h/project_ws/install/project_launch/share/project_launch/package.bash'
[3.827s] INFO:colcon.colcon_core.shell:Creating package script '/home/p31h/project_ws/install/project_launch/share/project_launch/package.zsh'
[3.827s] Level 1:colcon.colcon_core.environment:create_file_with_runtime_dependencies(/home/p31h/project_ws/install/project_launch/share/colcon-core/packages/project_launch)
[3.849s] DEBUG:colcon.colcon_core.event_handler.log_command:Invoking command in '/home/p31h/project_ws/build/rplidar_ros': CMAKE_PREFIX_PATH=${CMAKE_PREFIX_PATH}:/home/p31h/project_ws/install/robot_description:/home/p31h/project_ws/install/project_launch:/home/p31h/project_ws/install/mapping:/home/p31h/project_ws/install/esp32_serial:/opt/ros/humble /usr/bin/cmake --install /home/p31h/project_ws/build/rplidar_ros
[3.891s] Level 1:colcon.colcon_core.environment:create_environment_scripts_only(rplidar_ros)
[3.892s] Level 1:colcon.colcon_core.environment:checking '/home/p31h/project_ws/install/rplidar_ros' for CMake module files
[3.892s] DEBUG:colcon.colcon_core.event_handler.log_command:Invoked command in '/home/p31h/project_ws/build/rplidar_ros' returned '0': CMAKE_PREFIX_PATH=${CMAKE_PREFIX_PATH}:/home/p31h/project_ws/install/robot_description:/home/p31h/project_ws/install/project_launch:/home/p31h/project_ws/install/mapping:/home/p31h/project_ws/install/esp32_serial:/opt/ros/humble /usr/bin/cmake --install /home/p31h/project_ws/build/rplidar_ros
[3.893s] Level 1:colcon.colcon_core.environment:checking '/home/p31h/project_ws/install/rplidar_ros' for CMake config files
[3.894s] Level 1:colcon.colcon_core.shell:create_environment_hook('rplidar_ros', 'cmake_prefix_path')
[3.894s] INFO:colcon.colcon_core.shell:Creating environment hook '/home/p31h/project_ws/install/rplidar_ros/share/rplidar_ros/hook/cmake_prefix_path.ps1'
[3.895s] INFO:colcon.colcon_core.shell:Creating environment descriptor '/home/p31h/project_ws/install/rplidar_ros/share/rplidar_ros/hook/cmake_prefix_path.dsv'
[3.895s] INFO:colcon.colcon_core.shell:Creating environment hook '/home/p31h/project_ws/install/rplidar_ros/share/rplidar_ros/hook/cmake_prefix_path.sh'
[3.896s] Level 1:colcon.colcon_core.environment:checking '/home/p31h/project_ws/install/rplidar_ros/lib'
[3.896s] Level 1:colcon.colcon_core.environment:checking '/home/p31h/project_ws/install/rplidar_ros/bin'
[3.896s] Level 1:colcon.colcon_core.environment:checking '/home/p31h/project_ws/install/rplidar_ros/lib/pkgconfig/rplidar_ros.pc'
[3.896s] Level 1:colcon.colcon_core.environment:checking '/home/p31h/project_ws/install/rplidar_ros/lib/python3.10/site-packages'
[3.897s] Level 1:colcon.colcon_core.environment:checking '/home/p31h/project_ws/install/rplidar_ros/bin'
[3.897s] INFO:colcon.colcon_core.shell:Creating package script '/home/p31h/project_ws/install/rplidar_ros/share/rplidar_ros/package.ps1'
[3.898s] INFO:colcon.colcon_core.shell:Creating package descriptor '/home/p31h/project_ws/install/rplidar_ros/share/rplidar_ros/package.dsv'
[3.898s] INFO:colcon.colcon_core.shell:Creating package script '/home/p31h/project_ws/install/rplidar_ros/share/rplidar_ros/package.sh'
[3.899s] INFO:colcon.colcon_core.shell:Creating package script '/home/p31h/project_ws/install/rplidar_ros/share/rplidar_ros/package.bash'
[3.899s] INFO:colcon.colcon_core.shell:Creating package script '/home/p31h/project_ws/install/rplidar_ros/share/rplidar_ros/package.zsh'
[3.900s] Level 1:colcon.colcon_core.environment:create_file_with_runtime_dependencies(/home/p31h/project_ws/install/rplidar_ros/share/colcon-core/packages/rplidar_ros)
[4.035s] Level 1:colcon.colcon_core.environment:create_environment_scripts_only(rplidar_ros)
[4.035s] Level 1:colcon.colcon_core.environment:checking '/home/p31h/project_ws/install/rplidar_ros' for CMake module files
[4.037s] Level 1:colcon.colcon_core.environment:checking '/home/p31h/project_ws/install/rplidar_ros' for CMake config files
[4.038s] Level 1:colcon.colcon_core.shell:create_environment_hook('rplidar_ros', 'cmake_prefix_path')
[4.038s] INFO:colcon.colcon_core.shell:Creating environment hook '/home/p31h/project_ws/install/rplidar_ros/share/rplidar_ros/hook/cmake_prefix_path.ps1'
[4.039s] INFO:colcon.colcon_core.shell:Creating environment descriptor '/home/p31h/project_ws/install/rplidar_ros/share/rplidar_ros/hook/cmake_prefix_path.dsv'
[4.040s] INFO:colcon.colcon_core.shell:Creating environment hook '/home/p31h/project_ws/install/rplidar_ros/share/rplidar_ros/hook/cmake_prefix_path.sh'
[4.040s] Level 1:colcon.colcon_core.environment:checking '/home/p31h/project_ws/install/rplidar_ros/lib'
[4.041s] Level 1:colcon.colcon_core.environment:checking '/home/p31h/project_ws/install/rplidar_ros/bin'
[4.041s] Level 1:colcon.colcon_core.environment:checking '/home/p31h/project_ws/install/rplidar_ros/lib/pkgconfig/rplidar_ros.pc'
[4.041s] Level 1:colcon.colcon_core.environment:checking '/home/p31h/project_ws/install/rplidar_ros/lib/python3.10/site-packages'
[4.041s] Level 1:colcon.colcon_core.environment:checking '/home/p31h/project_ws/install/rplidar_ros/bin'
[4.042s] INFO:colcon.colcon_core.shell:Creating package script '/home/p31h/project_ws/install/rplidar_ros/share/rplidar_ros/package.ps1'
[4.042s] INFO:colcon.colcon_core.shell:Creating package descriptor '/home/p31h/project_ws/install/rplidar_ros/share/rplidar_ros/package.dsv'
[4.043s] INFO:colcon.colcon_core.shell:Creating package script '/home/p31h/project_ws/install/rplidar_ros/share/rplidar_ros/package.sh'
[4.043s] INFO:colcon.colcon_core.shell:Creating package script '/home/p31h/project_ws/install/rplidar_ros/share/rplidar_ros/package.bash'
[4.044s] INFO:colcon.colcon_core.shell:Creating package script '/home/p31h/project_ws/install/rplidar_ros/share/rplidar_ros/package.zsh'
[4.045s] Level 1:colcon.colcon_core.environment:create_file_with_runtime_dependencies(/home/p31h/project_ws/install/rplidar_ros/share/colcon-core/packages/rplidar_ros)
[4.046s] DEBUG:colcon.colcon_parallel_executor.executor.parallel:closing loop
[4.046s] DEBUG:colcon.colcon_parallel_executor.executor.parallel:loop closed
[4.046s] DEBUG:colcon.colcon_parallel_executor.executor.parallel:run_until_complete finished with '0'
[4.047s] DEBUG:colcon.colcon_core.event_reactor:joining thread
[4.054s] INFO:colcon.colcon_core.plugin_system:Skipping extension 'colcon_notification.desktop_notification.terminal_notifier': Not used on non-Darwin systems
[4.054s] INFO:colcon.colcon_core.plugin_system:Skipping extension 'colcon_notification.desktop_notification.win32': Not used on non-Windows systems
[4.054s] INFO:colcon.colcon_notification.desktop_notification:Sending desktop notification using 'notify2'
[4.071s] DEBUG:colcon.colcon_core.event_reactor:joined thread
[4.072s] INFO:colcon.colcon_core.shell:Creating prefix script '/home/p31h/project_ws/install/local_setup.ps1'
[4.073s] INFO:colcon.colcon_core.shell:Creating prefix util module '/home/p31h/project_ws/install/_local_setup_util_ps1.py'
[4.075s] INFO:colcon.colcon_core.shell:Creating prefix chain script '/home/p31h/project_ws/install/setup.ps1'
[4.077s] INFO:colcon.colcon_core.shell:Creating prefix script '/home/p31h/project_ws/install/local_setup.sh'
[4.078s] INFO:colcon.colcon_core.shell:Creating prefix util module '/home/p31h/project_ws/install/_local_setup_util_sh.py'
[4.079s] INFO:colcon.colcon_core.shell:Creating prefix chain script '/home/p31h/project_ws/install/setup.sh'
[4.081s] INFO:colcon.colcon_core.shell:Creating prefix script '/home/p31h/project_ws/install/local_setup.bash'
[4.082s] INFO:colcon.colcon_core.shell:Creating prefix chain script '/home/p31h/project_ws/install/setup.bash'
[4.087s] INFO:colcon.colcon_core.shell:Creating prefix script '/home/p31h/project_ws/install/local_setup.zsh'
[4.088s] INFO:colcon.colcon_core.shell:Creating prefix chain script '/home/p31h/project_ws/install/setup.zsh'
