[2.877s] Invoking command in '/home/p31h/project_ws/build/project_launch': PYTHONPATH=/home/p31h/project_ws/build/project_launch/prefix_override:/usr/lib/python3/dist-packages/colcon_core/task/python/colcon_distutils_commands:/home/p31h/project_ws/install/project_launch/lib/python3.10/site-packages:${PYTHONPATH} /usr/bin/python3 -W ignore:setup.py install is deprecated setup.py develop --uninstall --editable --build-directory /home/p31h/project_ws/build/project_launch/build
[3.298s] running develop
[3.299s] /usr/lib/python3/dist-packages/setuptools/command/easy_install.py:158: EasyInstallDeprecationWarning: easy_install command is deprecated. Use build and pip and other standards-based tools.
[3.299s]   warnings.warn(
[3.642s] Removing /home/p31h/project_ws/install/project_launch/lib/python3.10/site-packages/project-launch.egg-link (link to .)
[3.719s] Invoked command in '/home/p31h/project_ws/build/project_launch' returned '0': PYTHONPATH=/home/p31h/project_ws/build/project_launch/prefix_override:/usr/lib/python3/dist-packages/colcon_core/task/python/colcon_distutils_commands:/home/p31h/project_ws/install/project_launch/lib/python3.10/site-packages:${PYTHONPATH} /usr/bin/python3 -W ignore:setup.py install is deprecated setup.py develop --uninstall --editable --build-directory /home/p31h/project_ws/build/project_launch/build
[3.720s] Invoking command in '/home/p31h/project_ws/src/project_launch': PYTHONPATH=/home/p31h/project_ws/build/project_launch/prefix_override:/usr/lib/python3/dist-packages/colcon_core/task/python/colcon_distutils_commands:/home/p31h/project_ws/install/project_launch/lib/python3.10/site-packages:${PYTHONPATH} /usr/bin/python3 -W ignore:setup.py install is deprecated setup.py egg_info --egg-base ../../build/project_launch build --build-base /home/p31h/project_ws/build/project_launch/build install --record /home/p31h/project_ws/build/project_launch/install.log --single-version-externally-managed install_data --force
[4.152s] running egg_info
[4.152s] writing ../../build/project_launch/project_launch.egg-info/PKG-INFO
[4.152s] writing dependency_links to ../../build/project_launch/project_launch.egg-info/dependency_links.txt
[4.152s] writing entry points to ../../build/project_launch/project_launch.egg-info/entry_points.txt
[4.153s] writing requirements to ../../build/project_launch/project_launch.egg-info/requires.txt
[4.153s] writing top-level names to ../../build/project_launch/project_launch.egg-info/top_level.txt
[4.156s] reading manifest file '../../build/project_launch/project_launch.egg-info/SOURCES.txt'
[4.246s] adding license file 'LICENSE'
[4.247s] writing manifest file '../../build/project_launch/project_launch.egg-info/SOURCES.txt'
[4.247s] running build
[4.247s] running build_py
[4.250s] running install
[4.250s] running install_lib
[4.251s] creating /home/p31h/project_ws/install/project_launch/lib/python3.10/site-packages/project_launch
[4.251s] copying /home/p31h/project_ws/build/project_launch/build/lib/project_launch/__init__.py -> /home/p31h/project_ws/install/project_launch/lib/python3.10/site-packages/project_launch
[4.251s] byte-compiling /home/p31h/project_ws/install/project_launch/lib/python3.10/site-packages/project_launch/__init__.py to __init__.cpython-310.pyc
[4.251s] running install_data
[4.251s] copying launch/esp32_launch.xml -> /home/p31h/project_ws/install/project_launch/share/project_launch
[4.319s] copying launch/nav2_launch.py -> /home/p31h/project_ws/install/project_launch/share/project_launch
[4.355s] copying launch/project_launch.xml -> /home/p31h/project_ws/install/project_launch/share/project_launch
[4.356s] copying launch/robot_descirp_launch.xml -> /home/p31h/project_ws/install/project_launch/share/project_launch
[4.394s] copying config/my_map4.yaml -> /home/p31h/project_ws/install/project_launch/share/project_launch
[4.432s] copying config/my_map3.pgm -> /home/p31h/project_ws/install/project_launch/share/project_launch
[4.440s] copying config/ekf2.yaml -> /home/p31h/project_ws/install/project_launch/share/project_launch
[4.456s] copying config/my_map3.yaml -> /home/p31h/project_ws/install/project_launch/share/project_launch
[4.486s] copying config/nav2_config.yaml -> /home/p31h/project_ws/install/project_launch/share/project_launch
[4.545s] copying config/my_map4.pgm -> /home/p31h/project_ws/install/project_launch/share/project_launch
[4.560s] copying config/ekf.yaml -> /home/p31h/project_ws/install/project_launch/share/project_launch
[4.612s] copying resource/project_launch -> /home/p31h/project_ws/install/project_launch/share/ament_index/resource_index/packages
[4.626s] copying package.xml -> /home/p31h/project_ws/install/project_launch/share/project_launch
[4.626s] running install_egg_info
[4.629s] Copying ../../build/project_launch/project_launch.egg-info to /home/p31h/project_ws/install/project_launch/lib/python3.10/site-packages/project_launch-0.0.0-py3.10.egg-info
[4.638s] running install_scripts
[4.667s] writing list of installed files to '/home/p31h/project_ws/build/project_launch/install.log'
[4.759s] Invoked command in '/home/p31h/project_ws/src/project_launch' returned '0': PYTHONPATH=/home/p31h/project_ws/build/project_launch/prefix_override:/usr/lib/python3/dist-packages/colcon_core/task/python/colcon_distutils_commands:/home/p31h/project_ws/install/project_launch/lib/python3.10/site-packages:${PYTHONPATH} /usr/bin/python3 -W ignore:setup.py install is deprecated setup.py egg_info --egg-base ../../build/project_launch build --build-base /home/p31h/project_ws/build/project_launch/build install --record /home/p31h/project_ws/build/project_launch/install.log --single-version-externally-managed install_data --force
