running develop
running egg_info
creating project_launch.egg-info
writing project_launch.egg-info/PKG-INFO
writing dependency_links to project_launch.egg-info/dependency_links.txt
writing entry points to project_launch.egg-info/entry_points.txt
writing requirements to project_launch.egg-info/requires.txt
writing top-level names to project_launch.egg-info/top_level.txt
writing manifest file 'project_launch.egg-info/SOURCES.txt'
reading manifest file 'project_launch.egg-info/SOURCES.txt'
writing manifest file 'project_launch.egg-info/SOURCES.txt'
running build_ext
Creating /home/p31h/project_ws/install/project_launch/lib/python3.10/site-packages/project-launch.egg-link (link to .)

Installed /home/p31h/project_ws/build/project_launch
running symlink_data
symbolically linking /home/p31h/project_ws/build/project_launch/launch/esp32_launch.xml -> /home/p31h/project_ws/install/project_launch/share/project_launch
symbolically linking /home/p31h/project_ws/build/project_launch/launch/nav2_launch.py -> /home/p31h/project_ws/install/project_launch/share/project_launch
symbolically linking /home/p31h/project_ws/build/project_launch/launch/project_launch.xml -> /home/p31h/project_ws/install/project_launch/share/project_launch
symbolically linking /home/p31h/project_ws/build/project_launch/launch/robot_descirp_launch.xml -> /home/p31h/project_ws/install/project_launch/share/project_launch
symbolically linking /home/p31h/project_ws/build/project_launch/config/my_map3.pgm -> /home/p31h/project_ws/install/project_launch/share/project_launch
symbolically linking /home/p31h/project_ws/build/project_launch/config/ekf2.yaml -> /home/p31h/project_ws/install/project_launch/share/project_launch
symbolically linking /home/p31h/project_ws/build/project_launch/config/my_map3.yaml -> /home/p31h/project_ws/install/project_launch/share/project_launch
symbolically linking /home/p31h/project_ws/build/project_launch/config/nav2_config.yaml -> /home/p31h/project_ws/install/project_launch/share/project_launch
symbolically linking /home/p31h/project_ws/build/project_launch/config/ekf.yaml -> /home/p31h/project_ws/install/project_launch/share/project_launch
creating /home/p31h/project_ws/install/project_launch/share/ament_index
creating /home/p31h/project_ws/install/project_launch/share/ament_index/resource_index
creating /home/p31h/project_ws/install/project_launch/share/ament_index/resource_index/packages
symbolically linking /home/p31h/project_ws/build/project_launch/resource/project_launch -> /home/p31h/project_ws/install/project_launch/share/ament_index/resource_index/packages
symbolically linking /home/p31h/project_ws/build/project_launch/package.xml -> /home/p31h/project_ws/install/project_launch/share/project_launch
