[3.095s] Invoking command in '/home/p31h/project_ws/build/mapping': PYTHONPATH=/home/p31h/project_ws/build/mapping/prefix_override:/usr/lib/python3/dist-packages/colcon_core/task/python/colcon_distutils_commands:/home/p31h/project_ws/install/mapping/lib/python3.10/site-packages:${PYTHONPATH} /usr/bin/python3 -W ignore:setup.py install is deprecated setup.py develop --editable --build-directory /home/p31h/project_ws/build/mapping/build --no-deps symlink_data --force
[4.057s] running develop
[4.058s] /usr/lib/python3/dist-packages/setuptools/command/easy_install.py:158: EasyInstallDeprecationWarning: easy_install command is deprecated. Use build and pip and other standards-based tools.
[4.058s]   warnings.warn(
[4.557s] running egg_info
[4.557s] writing mapping.egg-info/PKG-INFO
[4.560s] writing dependency_links to mapping.egg-info/dependency_links.txt
[4.560s] writing entry points to mapping.egg-info/entry_points.txt
[4.561s] writing requirements to mapping.egg-info/requires.txt
[4.561s] writing top-level names to mapping.egg-info/top_level.txt
[4.566s] reading manifest file 'mapping.egg-info/SOURCES.txt'
[4.566s] writing manifest file 'mapping.egg-info/SOURCES.txt'
[4.572s] running build_ext
[4.572s] Creating /home/p31h/project_ws/install/mapping/lib/python3.10/site-packages/mapping.egg-link (link to .)
[4.573s] 
[4.574s] Installed /home/p31h/project_ws/build/mapping
[4.574s] running symlink_data
[4.574s] symbolically linking /home/p31h/project_ws/build/mapping/launch/mapping.xml -> /home/p31h/project_ws/install/mapping/share/mapping
[4.575s] symbolically linking /home/p31h/project_ws/build/mapping/config/slam_toolbox.yaml -> /home/p31h/project_ws/install/mapping/share/mapping
[4.575s] symbolically linking /home/p31h/project_ws/build/mapping/resource/mapping -> /home/p31h/project_ws/install/mapping/share/ament_index/resource_index/packages
[4.575s] symbolically linking /home/p31h/project_ws/build/mapping/package.xml -> /home/p31h/project_ws/install/mapping/share/mapping
[4.675s] Invoked command in '/home/p31h/project_ws/build/mapping' returned '0': PYTHONPATH=/home/p31h/project_ws/build/mapping/prefix_override:/usr/lib/python3/dist-packages/colcon_core/task/python/colcon_distutils_commands:/home/p31h/project_ws/install/mapping/lib/python3.10/site-packages:${PYTHONPATH} /usr/bin/python3 -W ignore:setup.py install is deprecated setup.py develop --editable --build-directory /home/p31h/project_ws/build/mapping/build --no-deps symlink_data --force
