[3.950s] Invoking command in '/home/p31h/project_ws/build/esp32_serial': PYTHONPATH=/home/p31h/project_ws/build/esp32_serial/prefix_override:/usr/lib/python3/dist-packages/colcon_core/task/python/colcon_distutils_commands:/home/p31h/project_ws/install/esp32_serial/lib/python3.10/site-packages:${PYTHONPATH} /usr/bin/python3 -W ignore:setup.py install is deprecated setup.py develop --editable --build-directory /home/p31h/project_ws/build/esp32_serial/build --no-deps symlink_data
[4.887s] running develop
[4.889s] /usr/lib/python3/dist-packages/setuptools/command/easy_install.py:158: EasyInstallDeprecationWarning: easy_install command is deprecated. Use build and pip and other standards-based tools.
[4.889s]   warnings.warn(
[5.473s] running egg_info
[5.474s] writing esp32_serial.egg-info/PKG-INFO
[5.474s] writing dependency_links to esp32_serial.egg-info/dependency_links.txt
[5.475s] writing entry points to esp32_serial.egg-info/entry_points.txt
[5.475s] writing requirements to esp32_serial.egg-info/requires.txt
[5.476s] writing top-level names to esp32_serial.egg-info/top_level.txt
[5.482s] reading manifest file 'esp32_serial.egg-info/SOURCES.txt'
[5.499s] writing manifest file 'esp32_serial.egg-info/SOURCES.txt'
[5.505s] running build_ext
[5.505s] Creating /home/p31h/project_ws/install/esp32_serial/lib/python3.10/site-packages/esp32-serial.egg-link (link to .)
[5.507s] Installing esp32_serial_node script to /home/p31h/project_ws/install/esp32_serial/lib/esp32_serial
[5.509s] Installing vel_test_node script to /home/p31h/project_ws/install/esp32_serial/lib/esp32_serial
[5.509s] 
[5.510s] Installed /home/p31h/project_ws/build/esp32_serial
[5.510s] running symlink_data
[5.673s] Invoked command in '/home/p31h/project_ws/build/esp32_serial' returned '0': PYTHONPATH=/home/p31h/project_ws/build/esp32_serial/prefix_override:/usr/lib/python3/dist-packages/colcon_core/task/python/colcon_distutils_commands:/home/p31h/project_ws/install/esp32_serial/lib/python3.10/site-packages:${PYTHONPATH} /usr/bin/python3 -W ignore:setup.py install is deprecated setup.py develop --editable --build-directory /home/p31h/project_ws/build/esp32_serial/build --no-deps symlink_data
