[2.190s] Invoking command in '/home/p31h/project_ws/build/esp32_serial': PYTHONPATH=/home/p31h/project_ws/build/esp32_serial/prefix_override:/usr/lib/python3/dist-packages/colcon_core/task/python/colcon_distutils_commands:/home/p31h/project_ws/install/esp32_serial/lib/python3.10/site-packages:${PYTHONPATH} /usr/bin/python3 -W ignore:setup.py install is deprecated setup.py develop --editable --build-directory /home/p31h/project_ws/build/esp32_serial/build --no-deps symlink_data --force
[2.690s] /usr/lib/python3/dist-packages/setuptools/command/easy_install.py:158: EasyInstallDeprecationWarning: easy_install command is deprecated. Use build and pip and other standards-based tools.
[2.690s]   warnings.warn(
[2.691s] running develop
[2.994s] running egg_info
[2.994s] writing esp32_serial.egg-info/PKG-INFO
[2.995s] writing dependency_links to esp32_serial.egg-info/dependency_links.txt
[2.995s] writing entry points to esp32_serial.egg-info/entry_points.txt
[2.997s] writing requirements to esp32_serial.egg-info/requires.txt
[2.997s] writing top-level names to esp32_serial.egg-info/top_level.txt
[2.999s] reading manifest file 'esp32_serial.egg-info/SOURCES.txt'
[3.000s] writing manifest file 'esp32_serial.egg-info/SOURCES.txt'
[3.003s] running build_ext
[3.003s] Creating /home/p31h/project_ws/install/esp32_serial/lib/python3.10/site-packages/esp32-serial.egg-link (link to .)
[3.008s] Installing esp32_serial_node script to /home/p31h/project_ws/install/esp32_serial/lib/esp32_serial
[3.008s] Installing vel_test_node script to /home/p31h/project_ws/install/esp32_serial/lib/esp32_serial
[3.008s] 
[3.008s] Installed /home/p31h/project_ws/build/esp32_serial
[3.008s] running symlink_data
[3.008s] symbolically linking /home/p31h/project_ws/build/esp32_serial/resource/esp32_serial -> /home/p31h/project_ws/install/esp32_serial/share/ament_index/resource_index/packages
[3.008s] symbolically linking /home/p31h/project_ws/build/esp32_serial/package.xml -> /home/p31h/project_ws/install/esp32_serial/share/esp32_serial
[3.105s] Invoked command in '/home/p31h/project_ws/build/esp32_serial' returned '0': PYTHONPATH=/home/p31h/project_ws/build/esp32_serial/prefix_override:/usr/lib/python3/dist-packages/colcon_core/task/python/colcon_distutils_commands:/home/p31h/project_ws/install/esp32_serial/lib/python3.10/site-packages:${PYTHONPATH} /usr/bin/python3 -W ignore:setup.py install is deprecated setup.py develop --editable --build-directory /home/p31h/project_ws/build/esp32_serial/build --no-deps symlink_data --force
