[2.130s] Invoking command in '/home/p31h/project_ws/build/esp32_serial': PYTHONPATH=/home/p31h/project_ws/build/esp32_serial/prefix_override:/usr/lib/python3/dist-packages/colcon_core/task/python/colcon_distutils_commands:/home/p31h/project_ws/install/esp32_serial/lib/python3.10/site-packages:${PYTHONPATH} /usr/bin/python3 -W ignore:setup.py install is deprecated setup.py develop --editable --build-directory /home/p31h/project_ws/build/esp32_serial/build --no-deps symlink_data --force
[2.607s] running develop
[2.608s] /usr/lib/python3/dist-packages/setuptools/command/easy_install.py:158: EasyInstallDeprecationWarning: easy_install command is deprecated. Use build and pip and other standards-based tools.
[2.608s]   warnings.warn(
[2.932s] running egg_info
[2.932s] writing esp32_serial.egg-info/PKG-INFO
[2.932s] writing dependency_links to esp32_serial.egg-info/dependency_links.txt
[2.933s] writing entry points to esp32_serial.egg-info/entry_points.txt
[2.933s] writing requirements to esp32_serial.egg-info/requires.txt
[2.933s] writing top-level names to esp32_serial.egg-info/top_level.txt
[2.933s] reading manifest file 'esp32_serial.egg-info/SOURCES.txt'
[2.933s] writing manifest file 'esp32_serial.egg-info/SOURCES.txt'
[2.936s] running build_ext
[2.936s] Creating /home/p31h/project_ws/install/esp32_serial/lib/python3.10/site-packages/esp32-serial.egg-link (link to .)
[2.936s] Installing esp32_serial_node script to /home/p31h/project_ws/install/esp32_serial/lib/esp32_serial
[2.936s] Installing vel_test_node script to /home/p31h/project_ws/install/esp32_serial/lib/esp32_serial
[2.938s] 
[2.938s] Installed /home/p31h/project_ws/build/esp32_serial
[2.938s] running symlink_data
[2.938s] symbolically linking /home/p31h/project_ws/build/esp32_serial/resource/esp32_serial -> /home/p31h/project_ws/install/esp32_serial/share/ament_index/resource_index/packages
[2.938s] symbolically linking /home/p31h/project_ws/build/esp32_serial/package.xml -> /home/p31h/project_ws/install/esp32_serial/share/esp32_serial
[3.034s] Invoked command in '/home/p31h/project_ws/build/esp32_serial' returned '0': PYTHONPATH=/home/p31h/project_ws/build/esp32_serial/prefix_override:/usr/lib/python3/dist-packages/colcon_core/task/python/colcon_distutils_commands:/home/p31h/project_ws/install/esp32_serial/lib/python3.10/site-packages:${PYTHONPATH} /usr/bin/python3 -W ignore:setup.py install is deprecated setup.py develop --editable --build-directory /home/p31h/project_ws/build/esp32_serial/build --no-deps symlink_data --force
