[2.305s] Invoking command in '/home/p31h/project_ws/build/project_launch': PYTHONPATH=/home/p31h/project_ws/build/project_launch/prefix_override:/usr/lib/python3/dist-packages/colcon_core/task/python/colcon_distutils_commands:/home/p31h/project_ws/install/project_launch/lib/python3.10/site-packages:${PYTHONPATH} /usr/bin/python3 -W ignore:setup.py install is deprecated setup.py develop --editable --build-directory /home/p31h/project_ws/build/project_launch/build --no-deps symlink_data --force
[2.848s] running develop
[2.849s] /usr/lib/python3/dist-packages/setuptools/command/easy_install.py:158: EasyInstallDeprecationWarning: easy_install command is deprecated. Use build and pip and other standards-based tools.
[2.849s]   warnings.warn(
[3.210s] running egg_info
[3.210s] writing project_launch.egg-info/PKG-INFO
[3.211s] writing dependency_links to project_launch.egg-info/dependency_links.txt
[3.211s] writing entry points to project_launch.egg-info/entry_points.txt
[3.212s] writing requirements to project_launch.egg-info/requires.txt
[3.212s] writing top-level names to project_launch.egg-info/top_level.txt
[3.215s] reading manifest file 'project_launch.egg-info/SOURCES.txt'
[3.218s] writing manifest file 'project_launch.egg-info/SOURCES.txt'
[3.221s] running build_ext
[3.222s] Creating /home/p31h/project_ws/install/project_launch/lib/python3.10/site-packages/project-launch.egg-link (link to .)
[3.225s] 
[3.226s] Installed /home/p31h/project_ws/build/project_launch
[3.226s] running symlink_data
[3.226s] symbolically linking /home/p31h/project_ws/build/project_launch/launch/esp32_launch.xml -> /home/p31h/project_ws/install/project_launch/share/project_launch
[3.226s] symbolically linking /home/p31h/project_ws/build/project_launch/launch/nav2_launch.py -> /home/p31h/project_ws/install/project_launch/share/project_launch
[3.226s] symbolically linking /home/p31h/project_ws/build/project_launch/launch/project_launch.xml -> /home/p31h/project_ws/install/project_launch/share/project_launch
[3.226s] symbolically linking /home/p31h/project_ws/build/project_launch/launch/robot_descirp_launch.xml -> /home/p31h/project_ws/install/project_launch/share/project_launch
[3.227s] symbolically linking /home/p31h/project_ws/build/project_launch/config/my_map4.yaml -> /home/p31h/project_ws/install/project_launch/share/project_launch
[3.227s] symbolically linking /home/p31h/project_ws/build/project_launch/config/my_map3.pgm -> /home/p31h/project_ws/install/project_launch/share/project_launch
[3.227s] symbolically linking /home/p31h/project_ws/build/project_launch/config/ekf2.yaml -> /home/p31h/project_ws/install/project_launch/share/project_launch
[3.227s] symbolically linking /home/p31h/project_ws/build/project_launch/config/my_map3.yaml -> /home/p31h/project_ws/install/project_launch/share/project_launch
[3.227s] symbolically linking /home/p31h/project_ws/build/project_launch/config/nav2_config.yaml -> /home/p31h/project_ws/install/project_launch/share/project_launch
[3.228s] symbolically linking /home/p31h/project_ws/build/project_launch/config/my_map4.pgm -> /home/p31h/project_ws/install/project_launch/share/project_launch
[3.228s] symbolically linking /home/p31h/project_ws/build/project_launch/config/ekf.yaml -> /home/p31h/project_ws/install/project_launch/share/project_launch
[3.228s] symbolically linking /home/p31h/project_ws/build/project_launch/resource/project_launch -> /home/p31h/project_ws/install/project_launch/share/ament_index/resource_index/packages
[3.228s] symbolically linking /home/p31h/project_ws/build/project_launch/package.xml -> /home/p31h/project_ws/install/project_launch/share/project_launch
[3.286s] Invoked command in '/home/p31h/project_ws/build/project_launch' returned '0': PYTHONPATH=/home/p31h/project_ws/build/project_launch/prefix_override:/usr/lib/python3/dist-packages/colcon_core/task/python/colcon_distutils_commands:/home/p31h/project_ws/install/project_launch/lib/python3.10/site-packages:${PYTHONPATH} /usr/bin/python3 -W ignore:setup.py install is deprecated setup.py develop --editable --build-directory /home/p31h/project_ws/build/project_launch/build --no-deps symlink_data --force
