[2.735s] Invoking command in '/home/p31h/project_ws/build/project_launch': PYTHONPATH=/home/p31h/project_ws/build/project_launch/prefix_override:/usr/lib/python3/dist-packages/colcon_core/task/python/colcon_distutils_commands:/home/p31h/project_ws/install/project_launch/lib/python3.10/site-packages:${PYTHONPATH} /usr/bin/python3 -W ignore:setup.py install is deprecated setup.py develop --editable --build-directory /home/p31h/project_ws/build/project_launch/build --no-deps symlink_data
[3.402s] running develop
[3.406s] /usr/lib/python3/dist-packages/setuptools/command/easy_install.py:158: EasyInstallDeprecationWarning: easy_install command is deprecated. Use build and pip and other standards-based tools.
[3.406s]   warnings.warn(
[3.899s] running egg_info
[3.899s] writing project_launch.egg-info/PKG-INFO
[3.899s] writing dependency_links to project_launch.egg-info/dependency_links.txt
[3.899s] writing entry points to project_launch.egg-info/entry_points.txt
[3.899s] writing requirements to project_launch.egg-info/requires.txt
[3.899s] writing top-level names to project_launch.egg-info/top_level.txt
[3.902s] reading manifest file 'project_launch.egg-info/SOURCES.txt'
[3.906s] writing manifest file 'project_launch.egg-info/SOURCES.txt'
[3.907s] running build_ext
[3.907s] Creating /home/p31h/project_ws/install/project_launch/lib/python3.10/site-packages/project-launch.egg-link (link to .)
[3.911s] 
[3.912s] Installed /home/p31h/project_ws/build/project_launch
[3.912s] running symlink_data
[3.912s] symbolically linking /home/p31h/project_ws/build/project_launch/config/my_map4.yaml -> /home/p31h/project_ws/install/project_launch/share/project_launch
[3.912s] symbolically linking /home/p31h/project_ws/build/project_launch/config/my_map4.pgm -> /home/p31h/project_ws/install/project_launch/share/project_launch
[4.003s] Invoked command in '/home/p31h/project_ws/build/project_launch' returned '0': PYTHONPATH=/home/p31h/project_ws/build/project_launch/prefix_override:/usr/lib/python3/dist-packages/colcon_core/task/python/colcon_distutils_commands:/home/p31h/project_ws/install/project_launch/lib/python3.10/site-packages:${PYTHONPATH} /usr/bin/python3 -W ignore:setup.py install is deprecated setup.py develop --editable --build-directory /home/p31h/project_ws/build/project_launch/build --no-deps symlink_data
