[2.580s] Invoking command in '/home/p31h/project_ws/build/mapping': PYTHONPATH=/home/p31h/project_ws/build/mapping/prefix_override:/usr/lib/python3/dist-packages/colcon_core/task/python/colcon_distutils_commands:/home/p31h/project_ws/install/mapping/lib/python3.10/site-packages:${PYTHONPATH} /usr/bin/python3 -W ignore:setup.py install is deprecated setup.py develop --editable --build-directory /home/p31h/project_ws/build/mapping/build --no-deps symlink_data --force
[3.225s] running develop
[3.227s] /usr/lib/python3/dist-packages/setuptools/command/easy_install.py:158: EasyInstallDeprecationWarning: easy_install command is deprecated. Use build and pip and other standards-based tools.
[3.228s]   warnings.warn(
[3.647s] running egg_info
[3.648s] writing mapping.egg-info/PKG-INFO
[3.648s] writing dependency_links to mapping.egg-info/dependency_links.txt
[3.651s] writing entry points to mapping.egg-info/entry_points.txt
[3.651s] writing requirements to mapping.egg-info/requires.txt
[3.651s] writing top-level names to mapping.egg-info/top_level.txt
[3.655s] reading manifest file 'mapping.egg-info/SOURCES.txt'
[3.663s] writing manifest file 'mapping.egg-info/SOURCES.txt'
[3.666s] running build_ext
[3.666s] Creating /home/p31h/project_ws/install/mapping/lib/python3.10/site-packages/mapping.egg-link (link to .)
[3.671s] 
[3.674s] Installed /home/p31h/project_ws/build/mapping
[3.677s] running symlink_data
[3.679s] symbolically linking /home/p31h/project_ws/build/mapping/launch/mapping.xml -> /home/p31h/project_ws/install/mapping/share/mapping
[3.679s] symbolically linking /home/p31h/project_ws/build/mapping/config/slam_toolbox.yaml -> /home/p31h/project_ws/install/mapping/share/mapping
[3.679s] symbolically linking /home/p31h/project_ws/build/mapping/resource/mapping -> /home/p31h/project_ws/install/mapping/share/ament_index/resource_index/packages
[3.679s] symbolically linking /home/p31h/project_ws/build/mapping/package.xml -> /home/p31h/project_ws/install/mapping/share/mapping
