[2.220s] Invoking command in '/home/p31h/project_ws/build/mapping': PYTHONPATH=/home/p31h/project_ws/build/mapping/prefix_override:/usr/lib/python3/dist-packages/colcon_core/task/python/colcon_distutils_commands:/home/p31h/project_ws/install/mapping/lib/python3.10/site-packages:${PYTHONPATH} /usr/bin/python3 -W ignore:setup.py install is deprecated setup.py develop --editable --build-directory /home/p31h/project_ws/build/mapping/build --no-deps symlink_data --force
[2.707s] /usr/lib/python3/dist-packages/setuptools/command/easy_install.py:158: EasyInstallDeprecationWarning: easy_install command is deprecated. Use build and pip and other standards-based tools.
[2.707s]   warnings.warn(
[2.707s] running develop
[3.030s] running egg_info
[3.030s] writing mapping.egg-info/PKG-INFO
[3.030s] writing dependency_links to mapping.egg-info/dependency_links.txt
[3.030s] writing entry points to mapping.egg-info/entry_points.txt
[3.030s] writing requirements to mapping.egg-info/requires.txt
[3.030s] writing top-level names to mapping.egg-info/top_level.txt
[3.036s] reading manifest file 'mapping.egg-info/SOURCES.txt'
[3.036s] writing manifest file 'mapping.egg-info/SOURCES.txt'
[3.039s] running build_ext
[3.042s] Creating /home/p31h/project_ws/install/mapping/lib/python3.10/site-packages/mapping.egg-link (link to .)
[3.042s] 
[3.042s] Installed /home/p31h/project_ws/build/mapping
[3.042s] running symlink_data
[3.044s] symbolically linking /home/p31h/project_ws/build/mapping/launch/mapping.xml -> /home/p31h/project_ws/install/mapping/share/mapping
[3.044s] symbolically linking /home/p31h/project_ws/build/mapping/config/slam_toolbox.yaml -> /home/p31h/project_ws/install/mapping/share/mapping
[3.044s] symbolically linking /home/p31h/project_ws/build/mapping/resource/mapping -> /home/p31h/project_ws/install/mapping/share/ament_index/resource_index/packages
[3.044s] symbolically linking /home/p31h/project_ws/build/mapping/package.xml -> /home/p31h/project_ws/install/mapping/share/mapping
[3.130s] Invoked command in '/home/p31h/project_ws/build/mapping' returned '0': PYTHONPATH=/home/p31h/project_ws/build/mapping/prefix_override:/usr/lib/python3/dist-packages/colcon_core/task/python/colcon_distutils_commands:/home/p31h/project_ws/install/mapping/lib/python3.10/site-packages:${PYTHONPATH} /usr/bin/python3 -W ignore:setup.py install is deprecated setup.py develop --editable --build-directory /home/p31h/project_ws/build/mapping/build --no-deps symlink_data --force
