[0.028s] Invoking command in '/home/p31h/project_ws/build/rplidar_ros': CMAKE_PREFIX_PATH=${CMAKE_PREFIX_PATH}:/home/p31h/project_ws/install/robot_description:/home/p31h/project_ws/install/project_launch:/home/p31h/project_ws/install/mapping:/home/p31h/project_ws/install/esp32_serial:/opt/ros/humble /usr/bin/cmake /home/p31h/project_ws/src/rplidar_ros -DAMENT_CMAKE_SYMLINK_INSTALL=1 -DCMAKE_INSTALL_PREFIX=/home/p31h/project_ws/install/rplidar_ros
[0.066s] -- Found ament_cmake: 1.3.10 (/opt/ros/humble/share/ament_cmake/cmake)
[0.291s] -- Override CMake install command with custom implementation using symlinks instead of copying resources
[0.302s] -- Found rclcpp: 16.0.10 (/opt/ros/humble/share/rclcpp/cmake)
[0.344s] -- Found rosidl_generator_c: 3.1.5 (/opt/ros/humble/share/rosidl_generator_c/cmake)
[0.347s] -- Found rosidl_adapter: 3.1.5 (/opt/ros/humble/share/rosidl_adapter/cmake)
[0.356s] -- Found rosidl_generator_cpp: 3.1.5 (/opt/ros/humble/share/rosidl_generator_cpp/cmake)
[0.370s] -- Using all available rosidl_typesupport_c: rosidl_typesupport_fastrtps_c;rosidl_typesupport_introspection_c
[0.386s] -- Using all available rosidl_typesupport_cpp: rosidl_typesupport_fastrtps_cpp;rosidl_typesupport_introspection_cpp
[0.429s] -- Found rmw_implementation_cmake: 6.1.2 (/opt/ros/humble/share/rmw_implementation_cmake/cmake)
[0.431s] -- Found rmw_fastrtps_cpp: 6.2.7 (/opt/ros/humble/share/rmw_fastrtps_cpp/cmake)
[0.622s] -- Using RMW implementation 'rmw_fastrtps_cpp' as default
[0.688s] -- Found sensor_msgs: 4.2.4 (/opt/ros/humble/share/sensor_msgs/cmake)
[0.724s] -- Found std_srvs: 4.2.4 (/opt/ros/humble/share/std_srvs/cmake)
[0.840s] -- Configuring done
[0.875s] -- Generating done
[0.880s] -- Build files have been written to: /home/p31h/project_ws/build/rplidar_ros
[0.892s] Invoked command in '/home/p31h/project_ws/build/rplidar_ros' returned '0': CMAKE_PREFIX_PATH=${CMAKE_PREFIX_PATH}:/home/p31h/project_ws/install/robot_description:/home/p31h/project_ws/install/project_launch:/home/p31h/project_ws/install/mapping:/home/p31h/project_ws/install/esp32_serial:/opt/ros/humble /usr/bin/cmake /home/p31h/project_ws/src/rplidar_ros -DAMENT_CMAKE_SYMLINK_INSTALL=1 -DCMAKE_INSTALL_PREFIX=/home/p31h/project_ws/install/rplidar_ros
[0.896s] Invoking command in '/home/p31h/project_ws/build/rplidar_ros': CMAKE_PREFIX_PATH=${CMAKE_PREFIX_PATH}:/home/p31h/project_ws/install/robot_description:/home/p31h/project_ws/install/project_launch:/home/p31h/project_ws/install/mapping:/home/p31h/project_ws/install/esp32_serial:/opt/ros/humble /usr/bin/cmake --build /home/p31h/project_ws/build/rplidar_ros -- -j4 -l4
[0.974s] [35m[1mConsolidate compiler generated dependencies of target rplidar_client[0m
[0.976s] [35m[1mConsolidate compiler generated dependencies of target rplidar_composition[0m
[0.976s] [35m[1mConsolidate compiler generated dependencies of target rplidar_node[0m
[1.012s] [  5%] Built target rplidar_client
[1.028s] [ 52%] Built target rplidar_composition
[1.029s] [100%] Built target rplidar_node
[1.052s] Invoked command in '/home/p31h/project_ws/build/rplidar_ros' returned '0': CMAKE_PREFIX_PATH=${CMAKE_PREFIX_PATH}:/home/p31h/project_ws/install/robot_description:/home/p31h/project_ws/install/project_launch:/home/p31h/project_ws/install/mapping:/home/p31h/project_ws/install/esp32_serial:/opt/ros/humble /usr/bin/cmake --build /home/p31h/project_ws/build/rplidar_ros -- -j4 -l4
[1.209s] Invoking command in '/home/p31h/project_ws/build/rplidar_ros': CMAKE_PREFIX_PATH=${CMAKE_PREFIX_PATH}:/home/p31h/project_ws/install/robot_description:/home/p31h/project_ws/install/project_launch:/home/p31h/project_ws/install/mapping:/home/p31h/project_ws/install/esp32_serial:/opt/ros/humble /usr/bin/cmake --install /home/p31h/project_ws/build/rplidar_ros
[1.221s] -- Install configuration: ""
[1.222s] -- Execute custom install script
[1.223s] -- Up-to-date symlink: /home/p31h/project_ws/install/rplidar_ros/share/rplidar_ros/launch/rplidar_a1_launch.py
[1.223s] -- Up-to-date symlink: /home/p31h/project_ws/install/rplidar_ros/share/rplidar_ros/launch/rplidar_a2m12_launch.py
[1.223s] -- Up-to-date symlink: /home/p31h/project_ws/install/rplidar_ros/share/rplidar_ros/launch/rplidar_a2m7_launch.py
[1.223s] -- Up-to-date symlink: /home/p31h/project_ws/install/rplidar_ros/share/rplidar_ros/launch/rplidar_a2m8_launch.py
[1.223s] -- Up-to-date symlink: /home/p31h/project_ws/install/rplidar_ros/share/rplidar_ros/launch/rplidar_a3_launch.py
[1.224s] -- Up-to-date symlink: /home/p31h/project_ws/install/rplidar_ros/share/rplidar_ros/launch/rplidar_c1_launch.py
[1.224s] -- Up-to-date symlink: /home/p31h/project_ws/install/rplidar_ros/share/rplidar_ros/launch/rplidar_s1_launch.py
[1.224s] -- Up-to-date symlink: /home/p31h/project_ws/install/rplidar_ros/share/rplidar_ros/launch/rplidar_s1_tcp_launch.py
[1.225s] -- Up-to-date symlink: /home/p31h/project_ws/install/rplidar_ros/share/rplidar_ros/launch/rplidar_s2_launch.py
[1.225s] -- Up-to-date symlink: /home/p31h/project_ws/install/rplidar_ros/share/rplidar_ros/launch/rplidar_s2e_launch.py
[1.225s] -- Up-to-date symlink: /home/p31h/project_ws/install/rplidar_ros/share/rplidar_ros/launch/rplidar_s3_launch.py
[1.225s] -- Up-to-date symlink: /home/p31h/project_ws/install/rplidar_ros/share/rplidar_ros/launch/rplidar_t1_launch.py
[1.225s] -- Up-to-date symlink: /home/p31h/project_ws/install/rplidar_ros/share/rplidar_ros/launch/view_rplidar_a1_launch.py
[1.225s] -- Up-to-date symlink: /home/p31h/project_ws/install/rplidar_ros/share/rplidar_ros/launch/view_rplidar_a2m12_launch.py
[1.226s] -- Up-to-date symlink: /home/p31h/project_ws/install/rplidar_ros/share/rplidar_ros/launch/view_rplidar_a2m7_launch.py
[1.226s] -- Up-to-date symlink: /home/p31h/project_ws/install/rplidar_ros/share/rplidar_ros/launch/view_rplidar_a2m8_launch.py
[1.226s] -- Up-to-date symlink: /home/p31h/project_ws/install/rplidar_ros/share/rplidar_ros/launch/view_rplidar_a3_launch.py
[1.226s] -- Up-to-date symlink: /home/p31h/project_ws/install/rplidar_ros/share/rplidar_ros/launch/view_rplidar_c1_launch.py
[1.227s] -- Up-to-date symlink: /home/p31h/project_ws/install/rplidar_ros/share/rplidar_ros/launch/view_rplidar_s1_launch.py
[1.229s] -- Up-to-date symlink: /home/p31h/project_ws/install/rplidar_ros/share/rplidar_ros/launch/view_rplidar_s1_tcp_launch.py
[1.229s] -- Up-to-date symlink: /home/p31h/project_ws/install/rplidar_ros/share/rplidar_ros/launch/view_rplidar_s2_launch.py
[1.229s] -- Up-to-date symlink: /home/p31h/project_ws/install/rplidar_ros/share/rplidar_ros/launch/view_rplidar_s2e_launch.py
[1.229s] -- Up-to-date symlink: /home/p31h/project_ws/install/rplidar_ros/share/rplidar_ros/launch/view_rplidar_s3_launch.py
[1.230s] -- Up-to-date symlink: /home/p31h/project_ws/install/rplidar_ros/share/rplidar_ros/launch/view_rplidar_t1_launch.py
[1.230s] -- Up-to-date symlink: /home/p31h/project_ws/install/rplidar_ros/share/rplidar_ros/rviz/rplidar_ros.rviz
[1.230s] -- Up-to-date symlink: /home/p31h/project_ws/install/rplidar_ros/lib/rplidar_ros/rplidar_node
[1.230s] -- Up-to-date symlink: /home/p31h/project_ws/install/rplidar_ros/lib/rplidar_ros/rplidar_composition
[1.230s] -- Up-to-date symlink: /home/p31h/project_ws/install/rplidar_ros/lib/rplidar_ros/rplidar_client
[1.230s] -- Up-to-date symlink: /home/p31h/project_ws/install/rplidar_ros/share/ament_index/resource_index/package_run_dependencies/rplidar_ros
[1.231s] -- Up-to-date symlink: /home/p31h/project_ws/install/rplidar_ros/share/ament_index/resource_index/parent_prefix_path/rplidar_ros
[1.231s] -- Up-to-date symlink: /home/p31h/project_ws/install/rplidar_ros/share/rplidar_ros/environment/ament_prefix_path.sh
[1.231s] -- Up-to-date symlink: /home/p31h/project_ws/install/rplidar_ros/share/rplidar_ros/environment/ament_prefix_path.dsv
[1.231s] -- Up-to-date symlink: /home/p31h/project_ws/install/rplidar_ros/share/rplidar_ros/environment/path.sh
[1.232s] -- Up-to-date symlink: /home/p31h/project_ws/install/rplidar_ros/share/rplidar_ros/environment/path.dsv
[1.232s] -- Up-to-date symlink: /home/p31h/project_ws/install/rplidar_ros/share/rplidar_ros/local_setup.bash
[1.232s] -- Up-to-date symlink: /home/p31h/project_ws/install/rplidar_ros/share/rplidar_ros/local_setup.sh
[1.233s] -- Up-to-date symlink: /home/p31h/project_ws/install/rplidar_ros/share/rplidar_ros/local_setup.zsh
[1.233s] -- Up-to-date symlink: /home/p31h/project_ws/install/rplidar_ros/share/rplidar_ros/local_setup.dsv
[1.233s] -- Symlinking: /home/p31h/project_ws/install/rplidar_ros/share/rplidar_ros/package.dsv
[1.250s] -- Up-to-date symlink: /home/p31h/project_ws/install/rplidar_ros/share/ament_index/resource_index/packages/rplidar_ros
[1.250s] -- Up-to-date symlink: /home/p31h/project_ws/install/rplidar_ros/share/rplidar_ros/cmake/ament_cmake_export_dependencies-extras.cmake
[1.251s] -- Up-to-date symlink: /home/p31h/project_ws/install/rplidar_ros/share/rplidar_ros/cmake/ament_cmake_export_include_directories-extras.cmake
[1.251s] -- Up-to-date symlink: /home/p31h/project_ws/install/rplidar_ros/share/rplidar_ros/cmake/rplidar_rosConfig.cmake
[1.251s] -- Up-to-date symlink: /home/p31h/project_ws/install/rplidar_ros/share/rplidar_ros/cmake/rplidar_rosConfig-version.cmake
[1.251s] -- Up-to-date symlink: /home/p31h/project_ws/install/rplidar_ros/share/rplidar_ros/package.xml
[1.256s] Invoked command in '/home/p31h/project_ws/build/rplidar_ros' returned '0': CMAKE_PREFIX_PATH=${CMAKE_PREFIX_PATH}:/home/p31h/project_ws/install/robot_description:/home/p31h/project_ws/install/project_launch:/home/p31h/project_ws/install/mapping:/home/p31h/project_ws/install/esp32_serial:/opt/ros/humble /usr/bin/cmake --install /home/p31h/project_ws/build/rplidar_ros
