[0.140s] DEBUG:colcon:Command line arguments: ['/usr/bin/colcon', 'build']
[0.141s] DEBUG:colcon:Parsed command line arguments: Namespace(log_base=None, log_level=None, verb_name='build', build_base='build', install_base='install', merge_install=False, symlink_install=False, test_result_base=None, continue_on_error=False, executor='parallel', parallel_workers=4, event_handlers=None, ignore_user_meta=False, metas=['./colcon.meta'], base_paths=['.'], packages_ignore=None, packages_ignore_regex=None, paths=None, packages_up_to=None, packages_up_to_regex=None, packages_above=None, packages_above_and_dependencies=None, packages_above_depth=None, packages_select_by_dep=None, packages_skip_by_dep=None, packages_skip_up_to=None, packages_select_build_failed=False, packages_skip_build_finished=False, packages_select_test_failures=False, packages_skip_test_passed=False, packages_select=None, packages_skip=None, packages_select_regex=None, packages_skip_regex=None, packages_start=None, packages_end=None, allow_overriding=[], cmake_args=None, cmake_target=None, cmake_target_skip_unavailable=False, cmake_clean_cache=False, cmake_clean_first=False, cmake_force_configure=False, ament_cmake_args=None, catkin_cmake_args=None, catkin_skip_building_tests=False, verb_parser=<colcon_defaults.argument_parser.defaults.DefaultArgumentsDecorator object at 0x7b79562ee230>, verb_extension=<colcon_core.verb.build.BuildVerb object at 0x7b79562ed930>, main=<bound method BuildVerb.main of <colcon_core.verb.build.BuildVerb object at 0x7b79562ed930>>)
[0.354s] Level 1:colcon.colcon_core.package_discovery:discover_packages(colcon_meta) check parameters
[0.355s] Level 1:colcon.colcon_core.package_discovery:discover_packages(recursive) check parameters
[0.355s] Level 1:colcon.colcon_core.package_discovery:discover_packages(ignore) check parameters
[0.355s] Level 1:colcon.colcon_core.package_discovery:discover_packages(path) check parameters
[0.355s] Level 1:colcon.colcon_core.package_discovery:discover_packages(colcon_meta) discover
[0.355s] Level 1:colcon.colcon_core.package_discovery:discover_packages(recursive) discover
[0.355s] INFO:colcon.colcon_core.package_discovery:Crawling recursively for packages in '/home/p31h/project_ws'
[0.355s] Level 1:colcon.colcon_core.package_identification:_identify(.) by extensions ['ignore', 'ignore_ament_install']
[0.355s] Level 1:colcon.colcon_core.package_identification:_identify(.) by extension 'ignore'
[0.355s] Level 1:colcon.colcon_core.package_identification:_identify(.) by extension 'ignore_ament_install'
[0.355s] Level 1:colcon.colcon_core.package_identification:_identify(.) by extensions ['colcon_pkg']
[0.355s] Level 1:colcon.colcon_core.package_identification:_identify(.) by extension 'colcon_pkg'
[0.355s] Level 1:colcon.colcon_core.package_identification:_identify(.) by extensions ['colcon_meta']
[0.355s] Level 1:colcon.colcon_core.package_identification:_identify(.) by extension 'colcon_meta'
[0.355s] Level 1:colcon.colcon_core.package_identification:_identify(.) by extensions ['ros']
[0.355s] Level 1:colcon.colcon_core.package_identification:_identify(.) by extension 'ros'
[0.370s] Level 1:colcon.colcon_core.package_identification:_identify(.) by extensions ['cmake', 'python']
[0.370s] Level 1:colcon.colcon_core.package_identification:_identify(.) by extension 'cmake'
[0.370s] Level 1:colcon.colcon_core.package_identification:_identify(.) by extension 'python'
[0.370s] Level 1:colcon.colcon_core.package_identification:_identify(.) by extensions ['python_setup_py']
[0.370s] Level 1:colcon.colcon_core.package_identification:_identify(.) by extension 'python_setup_py'
[0.370s] Level 1:colcon.colcon_core.package_identification:_identify(build) by extensions ['ignore', 'ignore_ament_install']
[0.370s] Level 1:colcon.colcon_core.package_identification:_identify(build) by extension 'ignore'
[0.370s] Level 1:colcon.colcon_core.package_identification:_identify(build) ignored
[0.371s] Level 1:colcon.colcon_core.package_identification:_identify(install) by extensions ['ignore', 'ignore_ament_install']
[0.371s] Level 1:colcon.colcon_core.package_identification:_identify(install) by extension 'ignore'
[0.371s] Level 1:colcon.colcon_core.package_identification:_identify(install) ignored
[0.371s] Level 1:colcon.colcon_core.package_identification:_identify(log) by extensions ['ignore', 'ignore_ament_install']
[0.371s] Level 1:colcon.colcon_core.package_identification:_identify(log) by extension 'ignore'
[0.371s] Level 1:colcon.colcon_core.package_identification:_identify(log) ignored
[0.371s] Level 1:colcon.colcon_core.package_identification:_identify(src) by extensions ['ignore', 'ignore_ament_install']
[0.371s] Level 1:colcon.colcon_core.package_identification:_identify(src) by extension 'ignore'
[0.371s] Level 1:colcon.colcon_core.package_identification:_identify(src) by extension 'ignore_ament_install'
[0.371s] Level 1:colcon.colcon_core.package_identification:_identify(src) by extensions ['colcon_pkg']
[0.371s] Level 1:colcon.colcon_core.package_identification:_identify(src) by extension 'colcon_pkg'
[0.371s] Level 1:colcon.colcon_core.package_identification:_identify(src) by extensions ['colcon_meta']
[0.371s] Level 1:colcon.colcon_core.package_identification:_identify(src) by extension 'colcon_meta'
[0.372s] Level 1:colcon.colcon_core.package_identification:_identify(src) by extensions ['ros']
[0.372s] Level 1:colcon.colcon_core.package_identification:_identify(src) by extension 'ros'
[0.372s] Level 1:colcon.colcon_core.package_identification:_identify(src) by extensions ['cmake', 'python']
[0.372s] Level 1:colcon.colcon_core.package_identification:_identify(src) by extension 'cmake'
[0.372s] Level 1:colcon.colcon_core.package_identification:_identify(src) by extension 'python'
[0.372s] Level 1:colcon.colcon_core.package_identification:_identify(src) by extensions ['python_setup_py']
[0.372s] Level 1:colcon.colcon_core.package_identification:_identify(src) by extension 'python_setup_py'
[0.372s] Level 1:colcon.colcon_core.package_identification:_identify(src/esp32_serial) by extensions ['ignore', 'ignore_ament_install']
[0.372s] Level 1:colcon.colcon_core.package_identification:_identify(src/esp32_serial) by extension 'ignore'
[0.372s] Level 1:colcon.colcon_core.package_identification:_identify(src/esp32_serial) by extension 'ignore_ament_install'
[0.372s] Level 1:colcon.colcon_core.package_identification:_identify(src/esp32_serial) by extensions ['colcon_pkg']
[0.372s] Level 1:colcon.colcon_core.package_identification:_identify(src/esp32_serial) by extension 'colcon_pkg'
[0.372s] Level 1:colcon.colcon_core.package_identification:_identify(src/esp32_serial) by extensions ['colcon_meta']
[0.372s] Level 1:colcon.colcon_core.package_identification:_identify(src/esp32_serial) by extension 'colcon_meta'
[0.372s] Level 1:colcon.colcon_core.package_identification:_identify(src/esp32_serial) by extensions ['ros']
[0.372s] Level 1:colcon.colcon_core.package_identification:_identify(src/esp32_serial) by extension 'ros'
[0.375s] DEBUG:colcon.colcon_core.package_identification:Package 'src/esp32_serial' with type 'ros.ament_python' and name 'esp32_serial'
[0.375s] Level 1:colcon.colcon_core.package_identification:_identify(src/mapping) by extensions ['ignore', 'ignore_ament_install']
[0.375s] Level 1:colcon.colcon_core.package_identification:_identify(src/mapping) by extension 'ignore'
[0.375s] Level 1:colcon.colcon_core.package_identification:_identify(src/mapping) by extension 'ignore_ament_install'
[0.375s] Level 1:colcon.colcon_core.package_identification:_identify(src/mapping) by extensions ['colcon_pkg']
[0.375s] Level 1:colcon.colcon_core.package_identification:_identify(src/mapping) by extension 'colcon_pkg'
[0.375s] Level 1:colcon.colcon_core.package_identification:_identify(src/mapping) by extensions ['colcon_meta']
[0.375s] Level 1:colcon.colcon_core.package_identification:_identify(src/mapping) by extension 'colcon_meta'
[0.376s] Level 1:colcon.colcon_core.package_identification:_identify(src/mapping) by extensions ['ros']
[0.376s] Level 1:colcon.colcon_core.package_identification:_identify(src/mapping) by extension 'ros'
[0.376s] DEBUG:colcon.colcon_core.package_identification:Package 'src/mapping' with type 'ros.ament_python' and name 'mapping'
[0.376s] Level 1:colcon.colcon_core.package_identification:_identify(src/project_launch) by extensions ['ignore', 'ignore_ament_install']
[0.377s] Level 1:colcon.colcon_core.package_identification:_identify(src/project_launch) by extension 'ignore'
[0.377s] Level 1:colcon.colcon_core.package_identification:_identify(src/project_launch) by extension 'ignore_ament_install'
[0.377s] Level 1:colcon.colcon_core.package_identification:_identify(src/project_launch) by extensions ['colcon_pkg']
[0.377s] Level 1:colcon.colcon_core.package_identification:_identify(src/project_launch) by extension 'colcon_pkg'
[0.377s] Level 1:colcon.colcon_core.package_identification:_identify(src/project_launch) by extensions ['colcon_meta']
[0.377s] Level 1:colcon.colcon_core.package_identification:_identify(src/project_launch) by extension 'colcon_meta'
[0.377s] Level 1:colcon.colcon_core.package_identification:_identify(src/project_launch) by extensions ['ros']
[0.377s] Level 1:colcon.colcon_core.package_identification:_identify(src/project_launch) by extension 'ros'
[0.377s] DEBUG:colcon.colcon_core.package_identification:Package 'src/project_launch' with type 'ros.ament_python' and name 'project_launch'
[0.378s] Level 1:colcon.colcon_core.package_identification:_identify(src/robot_description) by extensions ['ignore', 'ignore_ament_install']
[0.378s] Level 1:colcon.colcon_core.package_identification:_identify(src/robot_description) by extension 'ignore'
[0.378s] Level 1:colcon.colcon_core.package_identification:_identify(src/robot_description) by extension 'ignore_ament_install'
[0.378s] Level 1:colcon.colcon_core.package_identification:_identify(src/robot_description) by extensions ['colcon_pkg']
[0.378s] Level 1:colcon.colcon_core.package_identification:_identify(src/robot_description) by extension 'colcon_pkg'
[0.378s] Level 1:colcon.colcon_core.package_identification:_identify(src/robot_description) by extensions ['colcon_meta']
[0.378s] Level 1:colcon.colcon_core.package_identification:_identify(src/robot_description) by extension 'colcon_meta'
[0.378s] Level 1:colcon.colcon_core.package_identification:_identify(src/robot_description) by extensions ['ros']
[0.378s] Level 1:colcon.colcon_core.package_identification:_identify(src/robot_description) by extension 'ros'
[0.379s] DEBUG:colcon.colcon_core.package_identification:Package 'src/robot_description' with type 'ros.ament_python' and name 'robot_description'
[0.379s] Level 1:colcon.colcon_core.package_identification:_identify(src/rplidar_ros) by extensions ['ignore', 'ignore_ament_install']
[0.379s] Level 1:colcon.colcon_core.package_identification:_identify(src/rplidar_ros) by extension 'ignore'
[0.379s] Level 1:colcon.colcon_core.package_identification:_identify(src/rplidar_ros) by extension 'ignore_ament_install'
[0.379s] Level 1:colcon.colcon_core.package_identification:_identify(src/rplidar_ros) by extensions ['colcon_pkg']
[0.379s] Level 1:colcon.colcon_core.package_identification:_identify(src/rplidar_ros) by extension 'colcon_pkg'
[0.379s] Level 1:colcon.colcon_core.package_identification:_identify(src/rplidar_ros) by extensions ['colcon_meta']
[0.379s] Level 1:colcon.colcon_core.package_identification:_identify(src/rplidar_ros) by extension 'colcon_meta'
[0.379s] Level 1:colcon.colcon_core.package_identification:_identify(src/rplidar_ros) by extensions ['ros']
[0.379s] Level 1:colcon.colcon_core.package_identification:_identify(src/rplidar_ros) by extension 'ros'
[0.380s] DEBUG:colcon.colcon_core.package_identification:Package 'src/rplidar_ros' with type 'ros.ament_cmake' and name 'rplidar_ros'
[0.380s] Level 1:colcon.colcon_core.package_discovery:discover_packages(recursive) using defaults
[0.380s] Level 1:colcon.colcon_core.package_discovery:discover_packages(ignore) discover
[0.380s] Level 1:colcon.colcon_core.package_discovery:discover_packages(ignore) using defaults
[0.380s] Level 1:colcon.colcon_core.package_discovery:discover_packages(path) discover
[0.380s] Level 1:colcon.colcon_core.package_discovery:discover_packages(path) using defaults
[0.406s] Level 1:colcon.colcon_core.package_discovery:discover_packages(prefix_path) check parameters
[0.406s] Level 1:colcon.colcon_core.package_discovery:discover_packages(prefix_path) discover
[0.409s] DEBUG:colcon.colcon_installed_package_information.package_discovery:Found 2 installed packages in /home/p31h/chapter1_Pub_n_Sub/install
[0.409s] DEBUG:colcon.colcon_installed_package_information.package_discovery:Found 8 installed packages in /home/p31h/ros2_ws/install
[0.410s] DEBUG:colcon.colcon_installed_package_information.package_discovery:Found 2 installed packages in /home/p31h/ros2_test_ws/install
[0.412s] DEBUG:colcon.colcon_installed_package_information.package_discovery:Found 328 installed packages in /opt/ros/humble
[0.414s] Level 1:colcon.colcon_core.package_discovery:discover_packages(prefix_path) using defaults
[0.486s] Level 5:colcon.colcon_core.verb:set package 'esp32_serial' build argument 'cmake_args' from command line to 'None'
[0.486s] Level 5:colcon.colcon_core.verb:set package 'esp32_serial' build argument 'cmake_target' from command line to 'None'
[0.486s] Level 5:colcon.colcon_core.verb:set package 'esp32_serial' build argument 'cmake_target_skip_unavailable' from command line to 'False'
[0.486s] Level 5:colcon.colcon_core.verb:set package 'esp32_serial' build argument 'cmake_clean_cache' from command line to 'False'
[0.486s] Level 5:colcon.colcon_core.verb:set package 'esp32_serial' build argument 'cmake_clean_first' from command line to 'False'
[0.486s] Level 5:colcon.colcon_core.verb:set package 'esp32_serial' build argument 'cmake_force_configure' from command line to 'False'
[0.486s] Level 5:colcon.colcon_core.verb:set package 'esp32_serial' build argument 'ament_cmake_args' from command line to 'None'
[0.486s] Level 5:colcon.colcon_core.verb:set package 'esp32_serial' build argument 'catkin_cmake_args' from command line to 'None'
[0.486s] Level 5:colcon.colcon_core.verb:set package 'esp32_serial' build argument 'catkin_skip_building_tests' from command line to 'False'
[0.486s] DEBUG:colcon.colcon_core.verb:Building package 'esp32_serial' with the following arguments: {'ament_cmake_args': None, 'build_base': '/home/p31h/project_ws/build/esp32_serial', 'catkin_cmake_args': None, 'catkin_skip_building_tests': False, 'cmake_args': None, 'cmake_clean_cache': False, 'cmake_clean_first': False, 'cmake_force_configure': False, 'cmake_target': None, 'cmake_target_skip_unavailable': False, 'install_base': '/home/p31h/project_ws/install/esp32_serial', 'merge_install': False, 'path': '/home/p31h/project_ws/src/esp32_serial', 'symlink_install': False, 'test_result_base': None}
[0.486s] Level 5:colcon.colcon_core.verb:set package 'mapping' build argument 'cmake_args' from command line to 'None'
[0.486s] Level 5:colcon.colcon_core.verb:set package 'mapping' build argument 'cmake_target' from command line to 'None'
[0.486s] Level 5:colcon.colcon_core.verb:set package 'mapping' build argument 'cmake_target_skip_unavailable' from command line to 'False'
[0.486s] Level 5:colcon.colcon_core.verb:set package 'mapping' build argument 'cmake_clean_cache' from command line to 'False'
[0.486s] Level 5:colcon.colcon_core.verb:set package 'mapping' build argument 'cmake_clean_first' from command line to 'False'
[0.486s] Level 5:colcon.colcon_core.verb:set package 'mapping' build argument 'cmake_force_configure' from command line to 'False'
[0.486s] Level 5:colcon.colcon_core.verb:set package 'mapping' build argument 'ament_cmake_args' from command line to 'None'
[0.487s] Level 5:colcon.colcon_core.verb:set package 'mapping' build argument 'catkin_cmake_args' from command line to 'None'
[0.487s] Level 5:colcon.colcon_core.verb:set package 'mapping' build argument 'catkin_skip_building_tests' from command line to 'False'
[0.487s] DEBUG:colcon.colcon_core.verb:Building package 'mapping' with the following arguments: {'ament_cmake_args': None, 'build_base': '/home/p31h/project_ws/build/mapping', 'catkin_cmake_args': None, 'catkin_skip_building_tests': False, 'cmake_args': None, 'cmake_clean_cache': False, 'cmake_clean_first': False, 'cmake_force_configure': False, 'cmake_target': None, 'cmake_target_skip_unavailable': False, 'install_base': '/home/p31h/project_ws/install/mapping', 'merge_install': False, 'path': '/home/p31h/project_ws/src/mapping', 'symlink_install': False, 'test_result_base': None}
[0.487s] Level 5:colcon.colcon_core.verb:set package 'project_launch' build argument 'cmake_args' from command line to 'None'
[0.487s] Level 5:colcon.colcon_core.verb:set package 'project_launch' build argument 'cmake_target' from command line to 'None'
[0.487s] Level 5:colcon.colcon_core.verb:set package 'project_launch' build argument 'cmake_target_skip_unavailable' from command line to 'False'
[0.487s] Level 5:colcon.colcon_core.verb:set package 'project_launch' build argument 'cmake_clean_cache' from command line to 'False'
[0.487s] Level 5:colcon.colcon_core.verb:set package 'project_launch' build argument 'cmake_clean_first' from command line to 'False'
[0.487s] Level 5:colcon.colcon_core.verb:set package 'project_launch' build argument 'cmake_force_configure' from command line to 'False'
[0.487s] Level 5:colcon.colcon_core.verb:set package 'project_launch' build argument 'ament_cmake_args' from command line to 'None'
[0.487s] Level 5:colcon.colcon_core.verb:set package 'project_launch' build argument 'catkin_cmake_args' from command line to 'None'
[0.487s] Level 5:colcon.colcon_core.verb:set package 'project_launch' build argument 'catkin_skip_building_tests' from command line to 'False'
[0.487s] DEBUG:colcon.colcon_core.verb:Building package 'project_launch' with the following arguments: {'ament_cmake_args': None, 'build_base': '/home/p31h/project_ws/build/project_launch', 'catkin_cmake_args': None, 'catkin_skip_building_tests': False, 'cmake_args': None, 'cmake_clean_cache': False, 'cmake_clean_first': False, 'cmake_force_configure': False, 'cmake_target': None, 'cmake_target_skip_unavailable': False, 'install_base': '/home/p31h/project_ws/install/project_launch', 'merge_install': False, 'path': '/home/p31h/project_ws/src/project_launch', 'symlink_install': False, 'test_result_base': None}
[0.488s] Level 5:colcon.colcon_core.verb:set package 'robot_description' build argument 'cmake_args' from command line to 'None'
[0.488s] Level 5:colcon.colcon_core.verb:set package 'robot_description' build argument 'cmake_target' from command line to 'None'
[0.488s] Level 5:colcon.colcon_core.verb:set package 'robot_description' build argument 'cmake_target_skip_unavailable' from command line to 'False'
[0.488s] Level 5:colcon.colcon_core.verb:set package 'robot_description' build argument 'cmake_clean_cache' from command line to 'False'
[0.488s] Level 5:colcon.colcon_core.verb:set package 'robot_description' build argument 'cmake_clean_first' from command line to 'False'
[0.488s] Level 5:colcon.colcon_core.verb:set package 'robot_description' build argument 'cmake_force_configure' from command line to 'False'
[0.488s] Level 5:colcon.colcon_core.verb:set package 'robot_description' build argument 'ament_cmake_args' from command line to 'None'
[0.488s] Level 5:colcon.colcon_core.verb:set package 'robot_description' build argument 'catkin_cmake_args' from command line to 'None'
[0.488s] Level 5:colcon.colcon_core.verb:set package 'robot_description' build argument 'catkin_skip_building_tests' from command line to 'False'
[0.488s] DEBUG:colcon.colcon_core.verb:Building package 'robot_description' with the following arguments: {'ament_cmake_args': None, 'build_base': '/home/p31h/project_ws/build/robot_description', 'catkin_cmake_args': None, 'catkin_skip_building_tests': False, 'cmake_args': None, 'cmake_clean_cache': False, 'cmake_clean_first': False, 'cmake_force_configure': False, 'cmake_target': None, 'cmake_target_skip_unavailable': False, 'install_base': '/home/p31h/project_ws/install/robot_description', 'merge_install': False, 'path': '/home/p31h/project_ws/src/robot_description', 'symlink_install': False, 'test_result_base': None}
[0.488s] Level 5:colcon.colcon_core.verb:set package 'rplidar_ros' build argument 'cmake_args' from command line to 'None'
[0.488s] Level 5:colcon.colcon_core.verb:set package 'rplidar_ros' build argument 'cmake_target' from command line to 'None'
[0.488s] Level 5:colcon.colcon_core.verb:set package 'rplidar_ros' build argument 'cmake_target_skip_unavailable' from command line to 'False'
[0.488s] Level 5:colcon.colcon_core.verb:set package 'rplidar_ros' build argument 'cmake_clean_cache' from command line to 'False'
[0.488s] Level 5:colcon.colcon_core.verb:set package 'rplidar_ros' build argument 'cmake_clean_first' from command line to 'False'
[0.488s] Level 5:colcon.colcon_core.verb:set package 'rplidar_ros' build argument 'cmake_force_configure' from command line to 'False'
[0.489s] Level 5:colcon.colcon_core.verb:set package 'rplidar_ros' build argument 'ament_cmake_args' from command line to 'None'
[0.489s] Level 5:colcon.colcon_core.verb:set package 'rplidar_ros' build argument 'catkin_cmake_args' from command line to 'None'
[0.489s] Level 5:colcon.colcon_core.verb:set package 'rplidar_ros' build argument 'catkin_skip_building_tests' from command line to 'False'
[0.489s] DEBUG:colcon.colcon_core.verb:Building package 'rplidar_ros' with the following arguments: {'ament_cmake_args': None, 'build_base': '/home/p31h/project_ws/build/rplidar_ros', 'catkin_cmake_args': None, 'catkin_skip_building_tests': False, 'cmake_args': None, 'cmake_clean_cache': False, 'cmake_clean_first': False, 'cmake_force_configure': False, 'cmake_target': None, 'cmake_target_skip_unavailable': False, 'install_base': '/home/p31h/project_ws/install/rplidar_ros', 'merge_install': False, 'path': '/home/p31h/project_ws/src/rplidar_ros', 'symlink_install': False, 'test_result_base': None}
[0.489s] INFO:colcon.colcon_core.executor:Executing jobs using 'parallel' executor
[0.490s] DEBUG:colcon.colcon_parallel_executor.executor.parallel:run_until_complete
[0.490s] INFO:colcon.colcon_ros.task.ament_python.build:Building ROS package in '/home/p31h/project_ws/src/esp32_serial' with build type 'ament_python'
[0.491s] Level 1:colcon.colcon_core.shell:create_environment_hook('esp32_serial', 'ament_prefix_path')
[0.494s] INFO:colcon.colcon_core.plugin_system:Skipping extension 'colcon_core.shell.bat': Not used on non-Windows systems
[0.494s] INFO:colcon.colcon_core.shell:Creating environment hook '/home/p31h/project_ws/install/esp32_serial/share/esp32_serial/hook/ament_prefix_path.ps1'
[0.495s] INFO:colcon.colcon_core.shell:Creating environment descriptor '/home/p31h/project_ws/install/esp32_serial/share/esp32_serial/hook/ament_prefix_path.dsv'
[0.496s] INFO:colcon.colcon_core.shell:Creating environment hook '/home/p31h/project_ws/install/esp32_serial/share/esp32_serial/hook/ament_prefix_path.sh'
[0.497s] INFO:colcon.colcon_core.shell:Skip shell extension 'powershell' for command environment: Not usable outside of PowerShell
[0.497s] DEBUG:colcon.colcon_core.shell:Skip shell extension 'dsv' for command environment
[0.503s] INFO:colcon.colcon_ros.task.ament_python.build:Building ROS package in '/home/p31h/project_ws/src/mapping' with build type 'ament_python'
[0.504s] Level 1:colcon.colcon_core.shell:create_environment_hook('mapping', 'ament_prefix_path')
[0.504s] INFO:colcon.colcon_core.shell:Creating environment hook '/home/p31h/project_ws/install/mapping/share/mapping/hook/ament_prefix_path.ps1'
[0.505s] INFO:colcon.colcon_core.shell:Creating environment descriptor '/home/p31h/project_ws/install/mapping/share/mapping/hook/ament_prefix_path.dsv'
[0.506s] INFO:colcon.colcon_core.shell:Creating environment hook '/home/p31h/project_ws/install/mapping/share/mapping/hook/ament_prefix_path.sh'
[0.507s] INFO:colcon.colcon_core.shell:Skip shell extension 'powershell' for command environment: Not usable outside of PowerShell
[0.507s] DEBUG:colcon.colcon_core.shell:Skip shell extension 'dsv' for command environment
[0.515s] INFO:colcon.colcon_ros.task.ament_python.build:Building ROS package in '/home/p31h/project_ws/src/project_launch' with build type 'ament_python'
[0.515s] Level 1:colcon.colcon_core.shell:create_environment_hook('project_launch', 'ament_prefix_path')
[0.515s] INFO:colcon.colcon_core.shell:Creating environment hook '/home/p31h/project_ws/install/project_launch/share/project_launch/hook/ament_prefix_path.ps1'
[0.516s] INFO:colcon.colcon_core.shell:Creating environment descriptor '/home/p31h/project_ws/install/project_launch/share/project_launch/hook/ament_prefix_path.dsv'
[0.517s] INFO:colcon.colcon_core.shell:Creating environment hook '/home/p31h/project_ws/install/project_launch/share/project_launch/hook/ament_prefix_path.sh'
[0.518s] INFO:colcon.colcon_core.shell:Skip shell extension 'powershell' for command environment: Not usable outside of PowerShell
[0.518s] DEBUG:colcon.colcon_core.shell:Skip shell extension 'dsv' for command environment
[0.525s] INFO:colcon.colcon_ros.task.ament_python.build:Building ROS package in '/home/p31h/project_ws/src/robot_description' with build type 'ament_python'
[0.525s] Level 1:colcon.colcon_core.shell:create_environment_hook('robot_description', 'ament_prefix_path')
[0.525s] INFO:colcon.colcon_core.shell:Creating environment hook '/home/p31h/project_ws/install/robot_description/share/robot_description/hook/ament_prefix_path.ps1'
[0.527s] INFO:colcon.colcon_core.shell:Creating environment descriptor '/home/p31h/project_ws/install/robot_description/share/robot_description/hook/ament_prefix_path.dsv'
[0.528s] INFO:colcon.colcon_core.shell:Creating environment hook '/home/p31h/project_ws/install/robot_description/share/robot_description/hook/ament_prefix_path.sh'
[0.530s] INFO:colcon.colcon_core.shell:Skip shell extension 'powershell' for command environment: Not usable outside of PowerShell
[0.530s] DEBUG:colcon.colcon_core.shell:Skip shell extension 'dsv' for command environment
[0.916s] INFO:colcon.colcon_core.task.python.build:Building Python package in '/home/p31h/project_ws/src/esp32_serial'
[0.917s] INFO:colcon.colcon_core.shell:Skip shell extension 'powershell' for command environment: Not usable outside of PowerShell
[0.917s] DEBUG:colcon.colcon_core.shell:Skip shell extension 'dsv' for command environment
[1.280s] INFO:colcon.colcon_core.task.python.build:Building Python package in '/home/p31h/project_ws/src/mapping'
[1.281s] INFO:colcon.colcon_core.shell:Skip shell extension 'powershell' for command environment: Not usable outside of PowerShell
[1.281s] DEBUG:colcon.colcon_core.shell:Skip shell extension 'dsv' for command environment
[1.654s] INFO:colcon.colcon_core.task.python.build:Building Python package in '/home/p31h/project_ws/src/project_launch'
[1.654s] INFO:colcon.colcon_core.shell:Skip shell extension 'powershell' for command environment: Not usable outside of PowerShell
[1.654s] DEBUG:colcon.colcon_core.shell:Skip shell extension 'dsv' for command environment
[2.009s] INFO:colcon.colcon_core.task.python.build:Building Python package in '/home/p31h/project_ws/src/robot_description'
[2.010s] INFO:colcon.colcon_core.shell:Skip shell extension 'powershell' for command environment: Not usable outside of PowerShell
[2.010s] DEBUG:colcon.colcon_core.shell:Skip shell extension 'dsv' for command environment
[2.641s] DEBUG:colcon.colcon_core.event_handler.log_command:Invoking command in '/home/p31h/project_ws/build/esp32_serial': PYTHONPATH=/home/p31h/project_ws/build/esp32_serial/prefix_override:/usr/lib/python3/dist-packages/colcon_core/task/python/colcon_distutils_commands:/home/p31h/project_ws/install/esp32_serial/lib/python3.10/site-packages:${PYTHONPATH} /usr/bin/python3 -W ignore:setup.py install is deprecated setup.py develop --uninstall --editable --build-directory /home/p31h/project_ws/build/esp32_serial/build
[2.719s] DEBUG:colcon.colcon_core.event_handler.log_command:Invoking command in '/home/p31h/project_ws/build/robot_description': PYTHONPATH=/home/p31h/project_ws/build/robot_description/prefix_override:/usr/lib/python3/dist-packages/colcon_core/task/python/colcon_distutils_commands:/home/p31h/project_ws/install/robot_description/lib/python3.10/site-packages:${PYTHONPATH} /usr/bin/python3 -W ignore:setup.py install is deprecated setup.py develop --uninstall --editable --build-directory /home/p31h/project_ws/build/robot_description/build
[2.797s] DEBUG:colcon.colcon_core.event_handler.log_command:Invoking command in '/home/p31h/project_ws/build/project_launch': PYTHONPATH=/home/p31h/project_ws/build/project_launch/prefix_override:/usr/lib/python3/dist-packages/colcon_core/task/python/colcon_distutils_commands:/home/p31h/project_ws/install/project_launch/lib/python3.10/site-packages:${PYTHONPATH} /usr/bin/python3 -W ignore:setup.py install is deprecated setup.py develop --uninstall --editable --build-directory /home/p31h/project_ws/build/project_launch/build
[2.820s] DEBUG:colcon.colcon_core.event_handler.log_command:Invoking command in '/home/p31h/project_ws/build/mapping': PYTHONPATH=/home/p31h/project_ws/build/mapping/prefix_override:/usr/lib/python3/dist-packages/colcon_core/task/python/colcon_distutils_commands:/home/p31h/project_ws/install/mapping/lib/python3.10/site-packages:${PYTHONPATH} /usr/bin/python3 -W ignore:setup.py install is deprecated setup.py develop --uninstall --editable --build-directory /home/p31h/project_ws/build/mapping/build
[3.646s] DEBUG:colcon.colcon_core.event_handler.log_command:Invoked command in '/home/p31h/project_ws/build/esp32_serial' returned '0': PYTHONPATH=/home/p31h/project_ws/build/esp32_serial/prefix_override:/usr/lib/python3/dist-packages/colcon_core/task/python/colcon_distutils_commands:/home/p31h/project_ws/install/esp32_serial/lib/python3.10/site-packages:${PYTHONPATH} /usr/bin/python3 -W ignore:setup.py install is deprecated setup.py develop --uninstall --editable --build-directory /home/p31h/project_ws/build/esp32_serial/build
[3.646s] DEBUG:colcon.colcon_core.event_handler.log_command:Invoking command in '/home/p31h/project_ws/src/esp32_serial': PYTHONPATH=/home/p31h/project_ws/build/esp32_serial/prefix_override:/usr/lib/python3/dist-packages/colcon_core/task/python/colcon_distutils_commands:/home/p31h/project_ws/install/esp32_serial/lib/python3.10/site-packages:${PYTHONPATH} /usr/bin/python3 -W ignore:setup.py install is deprecated setup.py egg_info --egg-base ../../build/esp32_serial build --build-base /home/p31h/project_ws/build/esp32_serial/build install --record /home/p31h/project_ws/build/esp32_serial/install.log --single-version-externally-managed install_data --force
[3.650s] DEBUG:colcon.colcon_core.event_handler.log_command:Invoked command in '/home/p31h/project_ws/build/robot_description' returned '0': PYTHONPATH=/home/p31h/project_ws/build/robot_description/prefix_override:/usr/lib/python3/dist-packages/colcon_core/task/python/colcon_distutils_commands:/home/p31h/project_ws/install/robot_description/lib/python3.10/site-packages:${PYTHONPATH} /usr/bin/python3 -W ignore:setup.py install is deprecated setup.py develop --uninstall --editable --build-directory /home/p31h/project_ws/build/robot_description/build
[3.651s] DEBUG:colcon.colcon_core.event_handler.log_command:Invoking command in '/home/p31h/project_ws/src/robot_description': PYTHONPATH=/home/p31h/project_ws/build/robot_description/prefix_override:/usr/lib/python3/dist-packages/colcon_core/task/python/colcon_distutils_commands:/home/p31h/project_ws/install/robot_description/lib/python3.10/site-packages:${PYTHONPATH} /usr/bin/python3 -W ignore:setup.py install is deprecated setup.py egg_info --egg-base ../../build/robot_description build --build-base /home/p31h/project_ws/build/robot_description/build install --record /home/p31h/project_ws/build/robot_description/install.log --single-version-externally-managed install_data --force
[3.717s] DEBUG:colcon.colcon_core.event_handler.log_command:Invoked command in '/home/p31h/project_ws/build/project_launch' returned '0': PYTHONPATH=/home/p31h/project_ws/build/project_launch/prefix_override:/usr/lib/python3/dist-packages/colcon_core/task/python/colcon_distutils_commands:/home/p31h/project_ws/install/project_launch/lib/python3.10/site-packages:${PYTHONPATH} /usr/bin/python3 -W ignore:setup.py install is deprecated setup.py develop --uninstall --editable --build-directory /home/p31h/project_ws/build/project_launch/build
[3.718s] DEBUG:colcon.colcon_core.event_handler.log_command:Invoking command in '/home/p31h/project_ws/src/project_launch': PYTHONPATH=/home/p31h/project_ws/build/project_launch/prefix_override:/usr/lib/python3/dist-packages/colcon_core/task/python/colcon_distutils_commands:/home/p31h/project_ws/install/project_launch/lib/python3.10/site-packages:${PYTHONPATH} /usr/bin/python3 -W ignore:setup.py install is deprecated setup.py egg_info --egg-base ../../build/project_launch build --build-base /home/p31h/project_ws/build/project_launch/build install --record /home/p31h/project_ws/build/project_launch/install.log --single-version-externally-managed install_data --force
[3.787s] DEBUG:colcon.colcon_core.event_handler.log_command:Invoked command in '/home/p31h/project_ws/build/mapping' returned '0': PYTHONPATH=/home/p31h/project_ws/build/mapping/prefix_override:/usr/lib/python3/dist-packages/colcon_core/task/python/colcon_distutils_commands:/home/p31h/project_ws/install/mapping/lib/python3.10/site-packages:${PYTHONPATH} /usr/bin/python3 -W ignore:setup.py install is deprecated setup.py develop --uninstall --editable --build-directory /home/p31h/project_ws/build/mapping/build
[3.793s] DEBUG:colcon.colcon_core.event_handler.log_command:Invoking command in '/home/p31h/project_ws/src/mapping': PYTHONPATH=/home/p31h/project_ws/build/mapping/prefix_override:/usr/lib/python3/dist-packages/colcon_core/task/python/colcon_distutils_commands:/home/p31h/project_ws/install/mapping/lib/python3.10/site-packages:${PYTHONPATH} /usr/bin/python3 -W ignore:setup.py install is deprecated setup.py egg_info --egg-base ../../build/mapping build --build-base /home/p31h/project_ws/build/mapping/build install --record /home/p31h/project_ws/build/mapping/install.log --single-version-externally-managed install_data --force
[4.377s] DEBUG:colcon.colcon_core.event_handler.log_command:Invoked command in '/home/p31h/project_ws/src/robot_description' returned '0': PYTHONPATH=/home/p31h/project_ws/build/robot_description/prefix_override:/usr/lib/python3/dist-packages/colcon_core/task/python/colcon_distutils_commands:/home/p31h/project_ws/install/robot_description/lib/python3.10/site-packages:${PYTHONPATH} /usr/bin/python3 -W ignore:setup.py install is deprecated setup.py egg_info --egg-base ../../build/robot_description build --build-base /home/p31h/project_ws/build/robot_description/build install --record /home/p31h/project_ws/build/robot_description/install.log --single-version-externally-managed install_data --force
[4.384s] Level 1:colcon.colcon_core.environment:checking '/home/p31h/project_ws/install/robot_description' for CMake module files
[4.385s] Level 1:colcon.colcon_core.environment:checking '/home/p31h/project_ws/install/robot_description' for CMake config files
[4.387s] Level 1:colcon.colcon_core.environment:checking '/home/p31h/project_ws/install/robot_description/lib'
[4.388s] Level 1:colcon.colcon_core.environment:checking '/home/p31h/project_ws/install/robot_description/bin'
[4.389s] Level 1:colcon.colcon_core.environment:checking '/home/p31h/project_ws/install/robot_description/lib/pkgconfig/robot_description.pc'
[4.390s] Level 1:colcon.colcon_core.environment:checking '/home/p31h/project_ws/install/robot_description/lib/python3.10/site-packages'
[4.390s] Level 1:colcon.colcon_core.shell:create_environment_hook('robot_description', 'pythonpath')
[4.391s] INFO:colcon.colcon_core.shell:Creating environment hook '/home/p31h/project_ws/install/robot_description/share/robot_description/hook/pythonpath.ps1'
[4.393s] INFO:colcon.colcon_core.shell:Creating environment descriptor '/home/p31h/project_ws/install/robot_description/share/robot_description/hook/pythonpath.dsv'
[4.394s] INFO:colcon.colcon_core.shell:Creating environment hook '/home/p31h/project_ws/install/robot_description/share/robot_description/hook/pythonpath.sh'
[4.396s] Level 1:colcon.colcon_core.environment:checking '/home/p31h/project_ws/install/robot_description/bin'
[4.397s] Level 1:colcon.colcon_core.environment:create_environment_scripts_only(robot_description)
[4.398s] INFO:colcon.colcon_core.shell:Creating package script '/home/p31h/project_ws/install/robot_description/share/robot_description/package.ps1'
[4.401s] INFO:colcon.colcon_core.shell:Creating package descriptor '/home/p31h/project_ws/install/robot_description/share/robot_description/package.dsv'
[4.403s] INFO:colcon.colcon_core.shell:Creating package script '/home/p31h/project_ws/install/robot_description/share/robot_description/package.sh'
[4.406s] INFO:colcon.colcon_core.shell:Creating package script '/home/p31h/project_ws/install/robot_description/share/robot_description/package.bash'
[4.409s] INFO:colcon.colcon_core.shell:Creating package script '/home/p31h/project_ws/install/robot_description/share/robot_description/package.zsh'
[4.412s] Level 1:colcon.colcon_core.environment:create_file_with_runtime_dependencies(/home/p31h/project_ws/install/robot_description/share/colcon-core/packages/robot_description)
[4.414s] INFO:colcon.colcon_ros.task.ament_cmake.build:Building ROS package in '/home/p31h/project_ws/src/rplidar_ros' with build type 'ament_cmake'
[4.415s] INFO:colcon.colcon_cmake.task.cmake.build:Building CMake package in '/home/p31h/project_ws/src/rplidar_ros'
[4.416s] INFO:colcon.colcon_core.shell:Skip shell extension 'powershell' for command environment: Not usable outside of PowerShell
[4.416s] DEBUG:colcon.colcon_core.shell:Skip shell extension 'dsv' for command environment
[4.450s] Level 1:colcon.colcon_core.environment:checking '/home/p31h/project_ws/install/mapping' for CMake module files
[4.453s] Level 1:colcon.colcon_core.environment:checking '/home/p31h/project_ws/install/mapping' for CMake config files
[4.455s] Level 1:colcon.colcon_core.environment:checking '/home/p31h/project_ws/install/mapping/lib'
[4.452s] DEBUG:colcon.colcon_core.event_handler.log_command:Invoking command in '/home/p31h/project_ws/build/rplidar_ros': CMAKE_PREFIX_PATH=${CMAKE_PREFIX_PATH}:/home/p31h/chapter1_Pub_n_Sub/install/week2:/home/p31h/chapter1_Pub_n_Sub/install/week1:/home/p31h/ros2_ws/install/velocity_cmd:/home/p31h/ros2_ws/install/tf2_robot_test_py:/home/p31h/ros2_ws/install/test_robot_descriptions_py:/home/p31h/ros2_ws/install/project_launch:/home/p31h/ros2_ws/install/mapping:/home/p31h/ros2_ws/install/esp32_package:/home/p31h/ros2_ws/install/ESP32_pakage:/home/p31h/ros2_test_ws/install/my_pkg_2:/home/p31h/ros2_test_ws/install/my_pkg_1:/opt/ros/humble /usr/bin/cmake /home/p31h/project_ws/src/rplidar_ros -DCMAKE_INSTALL_PREFIX=/home/p31h/project_ws/install/rplidar_ros
[4.458s] DEBUG:colcon.colcon_core.event_handler.log_command:Invoked command in '/home/p31h/project_ws/src/mapping' returned '0': PYTHONPATH=/home/p31h/project_ws/build/mapping/prefix_override:/usr/lib/python3/dist-packages/colcon_core/task/python/colcon_distutils_commands:/home/p31h/project_ws/install/mapping/lib/python3.10/site-packages:${PYTHONPATH} /usr/bin/python3 -W ignore:setup.py install is deprecated setup.py egg_info --egg-base ../../build/mapping build --build-base /home/p31h/project_ws/build/mapping/build install --record /home/p31h/project_ws/build/mapping/install.log --single-version-externally-managed install_data --force
[4.456s] Level 1:colcon.colcon_core.environment:checking '/home/p31h/project_ws/install/mapping/bin'
[4.460s] Level 1:colcon.colcon_core.environment:checking '/home/p31h/project_ws/install/mapping/lib/pkgconfig/mapping.pc'
[4.462s] Level 1:colcon.colcon_core.environment:checking '/home/p31h/project_ws/install/mapping/lib/python3.10/site-packages'
[4.462s] Level 1:colcon.colcon_core.shell:create_environment_hook('mapping', 'pythonpath')
[4.463s] INFO:colcon.colcon_core.shell:Creating environment hook '/home/p31h/project_ws/install/mapping/share/mapping/hook/pythonpath.ps1'
[4.463s] INFO:colcon.colcon_core.shell:Creating environment descriptor '/home/p31h/project_ws/install/mapping/share/mapping/hook/pythonpath.dsv'
[4.464s] INFO:colcon.colcon_core.shell:Creating environment hook '/home/p31h/project_ws/install/mapping/share/mapping/hook/pythonpath.sh'
[4.466s] Level 1:colcon.colcon_core.environment:checking '/home/p31h/project_ws/install/mapping/bin'
[4.466s] Level 1:colcon.colcon_core.environment:create_environment_scripts_only(mapping)
[4.467s] INFO:colcon.colcon_core.shell:Creating package script '/home/p31h/project_ws/install/mapping/share/mapping/package.ps1'
[4.468s] INFO:colcon.colcon_core.shell:Creating package descriptor '/home/p31h/project_ws/install/mapping/share/mapping/package.dsv'
[4.469s] INFO:colcon.colcon_core.shell:Creating package script '/home/p31h/project_ws/install/mapping/share/mapping/package.sh'
[4.470s] INFO:colcon.colcon_core.shell:Creating package script '/home/p31h/project_ws/install/mapping/share/mapping/package.bash'
[4.471s] INFO:colcon.colcon_core.shell:Creating package script '/home/p31h/project_ws/install/mapping/share/mapping/package.zsh'
[4.471s] Level 1:colcon.colcon_core.environment:create_file_with_runtime_dependencies(/home/p31h/project_ws/install/mapping/share/colcon-core/packages/mapping)
[4.474s] Level 1:colcon.colcon_core.environment:checking '/home/p31h/project_ws/install/esp32_serial' for CMake module files
[4.475s] Level 1:colcon.colcon_core.environment:checking '/home/p31h/project_ws/install/esp32_serial' for CMake config files
[4.476s] Level 1:colcon.colcon_core.environment:checking '/home/p31h/project_ws/install/esp32_serial/lib'
[4.475s] DEBUG:colcon.colcon_core.event_handler.log_command:Invoked command in '/home/p31h/project_ws/src/esp32_serial' returned '0': PYTHONPATH=/home/p31h/project_ws/build/esp32_serial/prefix_override:/usr/lib/python3/dist-packages/colcon_core/task/python/colcon_distutils_commands:/home/p31h/project_ws/install/esp32_serial/lib/python3.10/site-packages:${PYTHONPATH} /usr/bin/python3 -W ignore:setup.py install is deprecated setup.py egg_info --egg-base ../../build/esp32_serial build --build-base /home/p31h/project_ws/build/esp32_serial/build install --record /home/p31h/project_ws/build/esp32_serial/install.log --single-version-externally-managed install_data --force
[4.476s] Level 1:colcon.colcon_core.environment:checking '/home/p31h/project_ws/install/esp32_serial/bin'
[4.477s] Level 1:colcon.colcon_core.environment:checking '/home/p31h/project_ws/install/esp32_serial/lib/pkgconfig/esp32_serial.pc'
[4.477s] Level 1:colcon.colcon_core.environment:checking '/home/p31h/project_ws/install/esp32_serial/lib/python3.10/site-packages'
[4.477s] Level 1:colcon.colcon_core.shell:create_environment_hook('esp32_serial', 'pythonpath')
[4.477s] INFO:colcon.colcon_core.shell:Creating environment hook '/home/p31h/project_ws/install/esp32_serial/share/esp32_serial/hook/pythonpath.ps1'
[4.478s] INFO:colcon.colcon_core.shell:Creating environment descriptor '/home/p31h/project_ws/install/esp32_serial/share/esp32_serial/hook/pythonpath.dsv'
[4.479s] INFO:colcon.colcon_core.shell:Creating environment hook '/home/p31h/project_ws/install/esp32_serial/share/esp32_serial/hook/pythonpath.sh'
[4.480s] Level 1:colcon.colcon_core.environment:checking '/home/p31h/project_ws/install/esp32_serial/bin'
[4.480s] Level 1:colcon.colcon_core.environment:create_environment_scripts_only(esp32_serial)
[4.480s] INFO:colcon.colcon_core.shell:Creating package script '/home/p31h/project_ws/install/esp32_serial/share/esp32_serial/package.ps1'
[4.481s] INFO:colcon.colcon_core.shell:Creating package descriptor '/home/p31h/project_ws/install/esp32_serial/share/esp32_serial/package.dsv'
[4.482s] INFO:colcon.colcon_core.shell:Creating package script '/home/p31h/project_ws/install/esp32_serial/share/esp32_serial/package.sh'
[4.482s] INFO:colcon.colcon_core.shell:Creating package script '/home/p31h/project_ws/install/esp32_serial/share/esp32_serial/package.bash'
[4.483s] INFO:colcon.colcon_core.shell:Creating package script '/home/p31h/project_ws/install/esp32_serial/share/esp32_serial/package.zsh'
[4.483s] Level 1:colcon.colcon_core.environment:create_file_with_runtime_dependencies(/home/p31h/project_ws/install/esp32_serial/share/colcon-core/packages/esp32_serial)
[4.499s] Level 1:colcon.colcon_core.environment:checking '/home/p31h/project_ws/install/project_launch' for CMake module files
[4.499s] DEBUG:colcon.colcon_core.event_handler.log_command:Invoked command in '/home/p31h/project_ws/src/project_launch' returned '0': PYTHONPATH=/home/p31h/project_ws/build/project_launch/prefix_override:/usr/lib/python3/dist-packages/colcon_core/task/python/colcon_distutils_commands:/home/p31h/project_ws/install/project_launch/lib/python3.10/site-packages:${PYTHONPATH} /usr/bin/python3 -W ignore:setup.py install is deprecated setup.py egg_info --egg-base ../../build/project_launch build --build-base /home/p31h/project_ws/build/project_launch/build install --record /home/p31h/project_ws/build/project_launch/install.log --single-version-externally-managed install_data --force
[4.501s] Level 1:colcon.colcon_core.environment:checking '/home/p31h/project_ws/install/project_launch' for CMake config files
[4.502s] Level 1:colcon.colcon_core.environment:checking '/home/p31h/project_ws/install/project_launch/lib'
[4.503s] Level 1:colcon.colcon_core.environment:checking '/home/p31h/project_ws/install/project_launch/bin'
[4.503s] Level 1:colcon.colcon_core.environment:checking '/home/p31h/project_ws/install/project_launch/lib/pkgconfig/project_launch.pc'
[4.503s] Level 1:colcon.colcon_core.environment:checking '/home/p31h/project_ws/install/project_launch/lib/python3.10/site-packages'
[4.504s] Level 1:colcon.colcon_core.shell:create_environment_hook('project_launch', 'pythonpath')
[4.504s] INFO:colcon.colcon_core.shell:Creating environment hook '/home/p31h/project_ws/install/project_launch/share/project_launch/hook/pythonpath.ps1'
[4.505s] INFO:colcon.colcon_core.shell:Creating environment descriptor '/home/p31h/project_ws/install/project_launch/share/project_launch/hook/pythonpath.dsv'
[4.506s] INFO:colcon.colcon_core.shell:Creating environment hook '/home/p31h/project_ws/install/project_launch/share/project_launch/hook/pythonpath.sh'
[4.507s] Level 1:colcon.colcon_core.environment:checking '/home/p31h/project_ws/install/project_launch/bin'
[4.507s] Level 1:colcon.colcon_core.environment:create_environment_scripts_only(project_launch)
[4.508s] INFO:colcon.colcon_core.shell:Creating package script '/home/p31h/project_ws/install/project_launch/share/project_launch/package.ps1'
[4.509s] INFO:colcon.colcon_core.shell:Creating package descriptor '/home/p31h/project_ws/install/project_launch/share/project_launch/package.dsv'
[4.509s] INFO:colcon.colcon_core.shell:Creating package script '/home/p31h/project_ws/install/project_launch/share/project_launch/package.sh'
[4.510s] INFO:colcon.colcon_core.shell:Creating package script '/home/p31h/project_ws/install/project_launch/share/project_launch/package.bash'
[4.510s] INFO:colcon.colcon_core.shell:Creating package script '/home/p31h/project_ws/install/project_launch/share/project_launch/package.zsh'
[4.511s] Level 1:colcon.colcon_core.environment:create_file_with_runtime_dependencies(/home/p31h/project_ws/install/project_launch/share/colcon-core/packages/project_launch)
[6.611s] DEBUG:colcon.colcon_core.event_handler.log_command:Invoked command in '/home/p31h/project_ws/build/rplidar_ros' returned '0': CMAKE_PREFIX_PATH=${CMAKE_PREFIX_PATH}:/home/p31h/chapter1_Pub_n_Sub/install/week2:/home/p31h/chapter1_Pub_n_Sub/install/week1:/home/p31h/ros2_ws/install/velocity_cmd:/home/p31h/ros2_ws/install/tf2_robot_test_py:/home/p31h/ros2_ws/install/test_robot_descriptions_py:/home/p31h/ros2_ws/install/project_launch:/home/p31h/ros2_ws/install/mapping:/home/p31h/ros2_ws/install/esp32_package:/home/p31h/ros2_ws/install/ESP32_pakage:/home/p31h/ros2_test_ws/install/my_pkg_2:/home/p31h/ros2_test_ws/install/my_pkg_1:/opt/ros/humble /usr/bin/cmake /home/p31h/project_ws/src/rplidar_ros -DCMAKE_INSTALL_PREFIX=/home/p31h/project_ws/install/rplidar_ros
[6.614s] DEBUG:colcon.colcon_core.event_handler.log_command:Invoking command in '/home/p31h/project_ws/build/rplidar_ros': CMAKE_PREFIX_PATH=${CMAKE_PREFIX_PATH}:/home/p31h/chapter1_Pub_n_Sub/install/week2:/home/p31h/chapter1_Pub_n_Sub/install/week1:/home/p31h/ros2_ws/install/velocity_cmd:/home/p31h/ros2_ws/install/tf2_robot_test_py:/home/p31h/ros2_ws/install/test_robot_descriptions_py:/home/p31h/ros2_ws/install/project_launch:/home/p31h/ros2_ws/install/mapping:/home/p31h/ros2_ws/install/esp32_package:/home/p31h/ros2_ws/install/ESP32_pakage:/home/p31h/ros2_test_ws/install/my_pkg_2:/home/p31h/ros2_test_ws/install/my_pkg_1:/opt/ros/humble /usr/bin/cmake --build /home/p31h/project_ws/build/rplidar_ros -- -j4 -l4
[6.830s] DEBUG:colcon.colcon_core.event_handler.log_command:Invoked command in '/home/p31h/project_ws/build/rplidar_ros' returned '0': CMAKE_PREFIX_PATH=${CMAKE_PREFIX_PATH}:/home/p31h/chapter1_Pub_n_Sub/install/week2:/home/p31h/chapter1_Pub_n_Sub/install/week1:/home/p31h/ros2_ws/install/velocity_cmd:/home/p31h/ros2_ws/install/tf2_robot_test_py:/home/p31h/ros2_ws/install/test_robot_descriptions_py:/home/p31h/ros2_ws/install/project_launch:/home/p31h/ros2_ws/install/mapping:/home/p31h/ros2_ws/install/esp32_package:/home/p31h/ros2_ws/install/ESP32_pakage:/home/p31h/ros2_test_ws/install/my_pkg_2:/home/p31h/ros2_test_ws/install/my_pkg_1:/opt/ros/humble /usr/bin/cmake --build /home/p31h/project_ws/build/rplidar_ros -- -j4 -l4
[6.979s] DEBUG:colcon.colcon_core.event_handler.log_command:Invoking command in '/home/p31h/project_ws/build/rplidar_ros': CMAKE_PREFIX_PATH=${CMAKE_PREFIX_PATH}:/home/p31h/chapter1_Pub_n_Sub/install/week2:/home/p31h/chapter1_Pub_n_Sub/install/week1:/home/p31h/ros2_ws/install/velocity_cmd:/home/p31h/ros2_ws/install/tf2_robot_test_py:/home/p31h/ros2_ws/install/test_robot_descriptions_py:/home/p31h/ros2_ws/install/project_launch:/home/p31h/ros2_ws/install/mapping:/home/p31h/ros2_ws/install/esp32_package:/home/p31h/ros2_ws/install/ESP32_pakage:/home/p31h/ros2_test_ws/install/my_pkg_2:/home/p31h/ros2_test_ws/install/my_pkg_1:/opt/ros/humble /usr/bin/cmake --install /home/p31h/project_ws/build/rplidar_ros
[7.021s] Level 1:colcon.colcon_core.environment:create_environment_scripts_only(rplidar_ros)
[7.022s] Level 1:colcon.colcon_core.environment:checking '/home/p31h/project_ws/install/rplidar_ros' for CMake module files
[7.022s] DEBUG:colcon.colcon_core.event_handler.log_command:Invoked command in '/home/p31h/project_ws/build/rplidar_ros' returned '0': CMAKE_PREFIX_PATH=${CMAKE_PREFIX_PATH}:/home/p31h/chapter1_Pub_n_Sub/install/week2:/home/p31h/chapter1_Pub_n_Sub/install/week1:/home/p31h/ros2_ws/install/velocity_cmd:/home/p31h/ros2_ws/install/tf2_robot_test_py:/home/p31h/ros2_ws/install/test_robot_descriptions_py:/home/p31h/ros2_ws/install/project_launch:/home/p31h/ros2_ws/install/mapping:/home/p31h/ros2_ws/install/esp32_package:/home/p31h/ros2_ws/install/ESP32_pakage:/home/p31h/ros2_test_ws/install/my_pkg_2:/home/p31h/ros2_test_ws/install/my_pkg_1:/opt/ros/humble /usr/bin/cmake --install /home/p31h/project_ws/build/rplidar_ros
[7.023s] Level 1:colcon.colcon_core.environment:checking '/home/p31h/project_ws/install/rplidar_ros' for CMake config files
[7.024s] Level 1:colcon.colcon_core.shell:create_environment_hook('rplidar_ros', 'cmake_prefix_path')
[7.024s] INFO:colcon.colcon_core.shell:Creating environment hook '/home/p31h/project_ws/install/rplidar_ros/share/rplidar_ros/hook/cmake_prefix_path.ps1'
[7.024s] INFO:colcon.colcon_core.shell:Creating environment descriptor '/home/p31h/project_ws/install/rplidar_ros/share/rplidar_ros/hook/cmake_prefix_path.dsv'
[7.025s] INFO:colcon.colcon_core.shell:Creating environment hook '/home/p31h/project_ws/install/rplidar_ros/share/rplidar_ros/hook/cmake_prefix_path.sh'
[7.026s] Level 1:colcon.colcon_core.environment:checking '/home/p31h/project_ws/install/rplidar_ros/lib'
[7.026s] Level 1:colcon.colcon_core.environment:checking '/home/p31h/project_ws/install/rplidar_ros/bin'
[7.026s] Level 1:colcon.colcon_core.environment:checking '/home/p31h/project_ws/install/rplidar_ros/lib/pkgconfig/rplidar_ros.pc'
[7.026s] Level 1:colcon.colcon_core.environment:checking '/home/p31h/project_ws/install/rplidar_ros/lib/python3.10/site-packages'
[7.026s] Level 1:colcon.colcon_core.environment:checking '/home/p31h/project_ws/install/rplidar_ros/bin'
[7.027s] INFO:colcon.colcon_core.shell:Creating package script '/home/p31h/project_ws/install/rplidar_ros/share/rplidar_ros/package.ps1'
[7.027s] INFO:colcon.colcon_core.shell:Creating package descriptor '/home/p31h/project_ws/install/rplidar_ros/share/rplidar_ros/package.dsv'
[7.028s] INFO:colcon.colcon_core.shell:Creating package script '/home/p31h/project_ws/install/rplidar_ros/share/rplidar_ros/package.sh'
[7.028s] INFO:colcon.colcon_core.shell:Creating package script '/home/p31h/project_ws/install/rplidar_ros/share/rplidar_ros/package.bash'
[7.029s] INFO:colcon.colcon_core.shell:Creating package script '/home/p31h/project_ws/install/rplidar_ros/share/rplidar_ros/package.zsh'
[7.029s] Level 1:colcon.colcon_core.environment:create_file_with_runtime_dependencies(/home/p31h/project_ws/install/rplidar_ros/share/colcon-core/packages/rplidar_ros)
[7.160s] Level 1:colcon.colcon_core.environment:create_environment_scripts_only(rplidar_ros)
[7.160s] Level 1:colcon.colcon_core.environment:checking '/home/p31h/project_ws/install/rplidar_ros' for CMake module files
[7.161s] Level 1:colcon.colcon_core.environment:checking '/home/p31h/project_ws/install/rplidar_ros' for CMake config files
[7.162s] Level 1:colcon.colcon_core.shell:create_environment_hook('rplidar_ros', 'cmake_prefix_path')
[7.163s] INFO:colcon.colcon_core.shell:Creating environment hook '/home/p31h/project_ws/install/rplidar_ros/share/rplidar_ros/hook/cmake_prefix_path.ps1'
[7.164s] INFO:colcon.colcon_core.shell:Creating environment descriptor '/home/p31h/project_ws/install/rplidar_ros/share/rplidar_ros/hook/cmake_prefix_path.dsv'
[7.165s] INFO:colcon.colcon_core.shell:Creating environment hook '/home/p31h/project_ws/install/rplidar_ros/share/rplidar_ros/hook/cmake_prefix_path.sh'
[7.166s] Level 1:colcon.colcon_core.environment:checking '/home/p31h/project_ws/install/rplidar_ros/lib'
[7.167s] Level 1:colcon.colcon_core.environment:checking '/home/p31h/project_ws/install/rplidar_ros/bin'
[7.167s] Level 1:colcon.colcon_core.environment:checking '/home/p31h/project_ws/install/rplidar_ros/lib/pkgconfig/rplidar_ros.pc'
[7.168s] Level 1:colcon.colcon_core.environment:checking '/home/p31h/project_ws/install/rplidar_ros/lib/python3.10/site-packages'
[7.168s] Level 1:colcon.colcon_core.environment:checking '/home/p31h/project_ws/install/rplidar_ros/bin'
[7.169s] INFO:colcon.colcon_core.shell:Creating package script '/home/p31h/project_ws/install/rplidar_ros/share/rplidar_ros/package.ps1'
[7.170s] INFO:colcon.colcon_core.shell:Creating package descriptor '/home/p31h/project_ws/install/rplidar_ros/share/rplidar_ros/package.dsv'
[7.170s] INFO:colcon.colcon_core.shell:Creating package script '/home/p31h/project_ws/install/rplidar_ros/share/rplidar_ros/package.sh'
[7.171s] INFO:colcon.colcon_core.shell:Creating package script '/home/p31h/project_ws/install/rplidar_ros/share/rplidar_ros/package.bash'
[7.172s] INFO:colcon.colcon_core.shell:Creating package script '/home/p31h/project_ws/install/rplidar_ros/share/rplidar_ros/package.zsh'
[7.172s] Level 1:colcon.colcon_core.environment:create_file_with_runtime_dependencies(/home/p31h/project_ws/install/rplidar_ros/share/colcon-core/packages/rplidar_ros)
[7.173s] DEBUG:colcon.colcon_parallel_executor.executor.parallel:closing loop
[7.174s] DEBUG:colcon.colcon_parallel_executor.executor.parallel:loop closed
[7.174s] DEBUG:colcon.colcon_parallel_executor.executor.parallel:run_until_complete finished with '0'
[7.174s] DEBUG:colcon.colcon_core.event_reactor:joining thread
[7.182s] INFO:colcon.colcon_core.plugin_system:Skipping extension 'colcon_notification.desktop_notification.terminal_notifier': Not used on non-Darwin systems
[7.183s] INFO:colcon.colcon_core.plugin_system:Skipping extension 'colcon_notification.desktop_notification.win32': Not used on non-Windows systems
[7.183s] INFO:colcon.colcon_notification.desktop_notification:Sending desktop notification using 'notify2'
[7.203s] DEBUG:colcon.colcon_core.event_reactor:joined thread
[7.203s] INFO:colcon.colcon_core.shell:Creating prefix script '/home/p31h/project_ws/install/local_setup.ps1'
[7.205s] INFO:colcon.colcon_core.shell:Creating prefix util module '/home/p31h/project_ws/install/_local_setup_util_ps1.py'
[7.207s] INFO:colcon.colcon_core.shell:Creating prefix chain script '/home/p31h/project_ws/install/setup.ps1'
[7.209s] INFO:colcon.colcon_core.shell:Creating prefix script '/home/p31h/project_ws/install/local_setup.sh'
[7.211s] INFO:colcon.colcon_core.shell:Creating prefix util module '/home/p31h/project_ws/install/_local_setup_util_sh.py'
[7.212s] INFO:colcon.colcon_core.shell:Creating prefix chain script '/home/p31h/project_ws/install/setup.sh'
[7.216s] INFO:colcon.colcon_core.shell:Creating prefix script '/home/p31h/project_ws/install/local_setup.bash'
[7.217s] INFO:colcon.colcon_core.shell:Creating prefix chain script '/home/p31h/project_ws/install/setup.bash'
[7.220s] INFO:colcon.colcon_core.shell:Creating prefix script '/home/p31h/project_ws/install/local_setup.zsh'
[7.220s] INFO:colcon.colcon_core.shell:Creating prefix chain script '/home/p31h/project_ws/install/setup.zsh'
