[0.137s] DEBUG:colcon:Command line arguments: ['/usr/bin/colcon', 'build', '--symlink-install']
[0.137s] DEBUG:colcon:Parsed command line arguments: Namespace(log_base=None, log_level=None, verb_name='build', build_base='build', install_base='install', merge_install=False, symlink_install=True, test_result_base=None, continue_on_error=False, executor='parallel', parallel_workers=4, event_handlers=None, ignore_user_meta=False, metas=['./colcon.meta'], base_paths=['.'], packages_ignore=None, packages_ignore_regex=None, paths=None, packages_up_to=None, packages_up_to_regex=None, packages_above=None, packages_above_and_dependencies=None, packages_above_depth=None, packages_select_by_dep=None, packages_skip_by_dep=None, packages_skip_up_to=None, packages_select_build_failed=False, packages_skip_build_finished=False, packages_select_test_failures=False, packages_skip_test_passed=False, packages_select=None, packages_skip=None, packages_select_regex=None, packages_skip_regex=None, packages_start=None, packages_end=None, allow_overriding=[], cmake_args=None, cmake_target=None, cmake_target_skip_unavailable=False, cmake_clean_cache=False, cmake_clean_first=False, cmake_force_configure=False, ament_cmake_args=None, catkin_cmake_args=None, catkin_skip_building_tests=False, verb_parser=<colcon_defaults.argument_parser.defaults.DefaultArgumentsDecorator object at 0x701888bf51b0>, verb_extension=<colcon_core.verb.build.BuildVerb object at 0x701888bf48b0>, main=<bound method BuildVerb.main of <colcon_core.verb.build.BuildVerb object at 0x701888bf48b0>>)
[0.355s] Level 1:colcon.colcon_core.package_discovery:discover_packages(colcon_meta) check parameters
[0.355s] Level 1:colcon.colcon_core.package_discovery:discover_packages(recursive) check parameters
[0.355s] Level 1:colcon.colcon_core.package_discovery:discover_packages(ignore) check parameters
[0.355s] Level 1:colcon.colcon_core.package_discovery:discover_packages(path) check parameters
[0.355s] Level 1:colcon.colcon_core.package_discovery:discover_packages(colcon_meta) discover
[0.355s] Level 1:colcon.colcon_core.package_discovery:discover_packages(recursive) discover
[0.355s] INFO:colcon.colcon_core.package_discovery:Crawling recursively for packages in '/home/p31h/project_ws'
[0.355s] Level 1:colcon.colcon_core.package_identification:_identify(.) by extensions ['ignore', 'ignore_ament_install']
[0.355s] Level 1:colcon.colcon_core.package_identification:_identify(.) by extension 'ignore'
[0.356s] Level 1:colcon.colcon_core.package_identification:_identify(.) by extension 'ignore_ament_install'
[0.356s] Level 1:colcon.colcon_core.package_identification:_identify(.) by extensions ['colcon_pkg']
[0.356s] Level 1:colcon.colcon_core.package_identification:_identify(.) by extension 'colcon_pkg'
[0.356s] Level 1:colcon.colcon_core.package_identification:_identify(.) by extensions ['colcon_meta']
[0.356s] Level 1:colcon.colcon_core.package_identification:_identify(.) by extension 'colcon_meta'
[0.356s] Level 1:colcon.colcon_core.package_identification:_identify(.) by extensions ['ros']
[0.356s] Level 1:colcon.colcon_core.package_identification:_identify(.) by extension 'ros'
[0.371s] Level 1:colcon.colcon_core.package_identification:_identify(.) by extensions ['cmake', 'python']
[0.371s] Level 1:colcon.colcon_core.package_identification:_identify(.) by extension 'cmake'
[0.372s] Level 1:colcon.colcon_core.package_identification:_identify(.) by extension 'python'
[0.372s] Level 1:colcon.colcon_core.package_identification:_identify(.) by extensions ['python_setup_py']
[0.372s] Level 1:colcon.colcon_core.package_identification:_identify(.) by extension 'python_setup_py'
[0.372s] Level 1:colcon.colcon_core.package_identification:_identify(build) by extensions ['ignore', 'ignore_ament_install']
[0.372s] Level 1:colcon.colcon_core.package_identification:_identify(build) by extension 'ignore'
[0.372s] Level 1:colcon.colcon_core.package_identification:_identify(build) ignored
[0.372s] Level 1:colcon.colcon_core.package_identification:_identify(install) by extensions ['ignore', 'ignore_ament_install']
[0.372s] Level 1:colcon.colcon_core.package_identification:_identify(install) by extension 'ignore'
[0.372s] Level 1:colcon.colcon_core.package_identification:_identify(install) ignored
[0.373s] Level 1:colcon.colcon_core.package_identification:_identify(log) by extensions ['ignore', 'ignore_ament_install']
[0.373s] Level 1:colcon.colcon_core.package_identification:_identify(log) by extension 'ignore'
[0.373s] Level 1:colcon.colcon_core.package_identification:_identify(log) ignored
[0.373s] Level 1:colcon.colcon_core.package_identification:_identify(src) by extensions ['ignore', 'ignore_ament_install']
[0.373s] Level 1:colcon.colcon_core.package_identification:_identify(src) by extension 'ignore'
[0.373s] Level 1:colcon.colcon_core.package_identification:_identify(src) by extension 'ignore_ament_install'
[0.373s] Level 1:colcon.colcon_core.package_identification:_identify(src) by extensions ['colcon_pkg']
[0.373s] Level 1:colcon.colcon_core.package_identification:_identify(src) by extension 'colcon_pkg'
[0.373s] Level 1:colcon.colcon_core.package_identification:_identify(src) by extensions ['colcon_meta']
[0.373s] Level 1:colcon.colcon_core.package_identification:_identify(src) by extension 'colcon_meta'
[0.373s] Level 1:colcon.colcon_core.package_identification:_identify(src) by extensions ['ros']
[0.373s] Level 1:colcon.colcon_core.package_identification:_identify(src) by extension 'ros'
[0.373s] Level 1:colcon.colcon_core.package_identification:_identify(src) by extensions ['cmake', 'python']
[0.373s] Level 1:colcon.colcon_core.package_identification:_identify(src) by extension 'cmake'
[0.373s] Level 1:colcon.colcon_core.package_identification:_identify(src) by extension 'python'
[0.373s] Level 1:colcon.colcon_core.package_identification:_identify(src) by extensions ['python_setup_py']
[0.374s] Level 1:colcon.colcon_core.package_identification:_identify(src) by extension 'python_setup_py'
[0.374s] Level 1:colcon.colcon_core.package_identification:_identify(src/esp32_serial) by extensions ['ignore', 'ignore_ament_install']
[0.374s] Level 1:colcon.colcon_core.package_identification:_identify(src/esp32_serial) by extension 'ignore'
[0.374s] Level 1:colcon.colcon_core.package_identification:_identify(src/esp32_serial) by extension 'ignore_ament_install'
[0.374s] Level 1:colcon.colcon_core.package_identification:_identify(src/esp32_serial) by extensions ['colcon_pkg']
[0.374s] Level 1:colcon.colcon_core.package_identification:_identify(src/esp32_serial) by extension 'colcon_pkg'
[0.374s] Level 1:colcon.colcon_core.package_identification:_identify(src/esp32_serial) by extensions ['colcon_meta']
[0.374s] Level 1:colcon.colcon_core.package_identification:_identify(src/esp32_serial) by extension 'colcon_meta'
[0.374s] Level 1:colcon.colcon_core.package_identification:_identify(src/esp32_serial) by extensions ['ros']
[0.374s] Level 1:colcon.colcon_core.package_identification:_identify(src/esp32_serial) by extension 'ros'
[0.377s] DEBUG:colcon.colcon_core.package_identification:Package 'src/esp32_serial' with type 'ros.ament_python' and name 'esp32_serial'
[0.377s] Level 1:colcon.colcon_core.package_identification:_identify(src/mapping) by extensions ['ignore', 'ignore_ament_install']
[0.377s] Level 1:colcon.colcon_core.package_identification:_identify(src/mapping) by extension 'ignore'
[0.377s] Level 1:colcon.colcon_core.package_identification:_identify(src/mapping) by extension 'ignore_ament_install'
[0.377s] Level 1:colcon.colcon_core.package_identification:_identify(src/mapping) by extensions ['colcon_pkg']
[0.378s] Level 1:colcon.colcon_core.package_identification:_identify(src/mapping) by extension 'colcon_pkg'
[0.378s] Level 1:colcon.colcon_core.package_identification:_identify(src/mapping) by extensions ['colcon_meta']
[0.378s] Level 1:colcon.colcon_core.package_identification:_identify(src/mapping) by extension 'colcon_meta'
[0.378s] Level 1:colcon.colcon_core.package_identification:_identify(src/mapping) by extensions ['ros']
[0.378s] Level 1:colcon.colcon_core.package_identification:_identify(src/mapping) by extension 'ros'
[0.379s] DEBUG:colcon.colcon_core.package_identification:Package 'src/mapping' with type 'ros.ament_python' and name 'mapping'
[0.379s] Level 1:colcon.colcon_core.package_identification:_identify(src/project_launch) by extensions ['ignore', 'ignore_ament_install']
[0.379s] Level 1:colcon.colcon_core.package_identification:_identify(src/project_launch) by extension 'ignore'
[0.379s] Level 1:colcon.colcon_core.package_identification:_identify(src/project_launch) by extension 'ignore_ament_install'
[0.379s] Level 1:colcon.colcon_core.package_identification:_identify(src/project_launch) by extensions ['colcon_pkg']
[0.379s] Level 1:colcon.colcon_core.package_identification:_identify(src/project_launch) by extension 'colcon_pkg'
[0.379s] Level 1:colcon.colcon_core.package_identification:_identify(src/project_launch) by extensions ['colcon_meta']
[0.379s] Level 1:colcon.colcon_core.package_identification:_identify(src/project_launch) by extension 'colcon_meta'
[0.379s] Level 1:colcon.colcon_core.package_identification:_identify(src/project_launch) by extensions ['ros']
[0.379s] Level 1:colcon.colcon_core.package_identification:_identify(src/project_launch) by extension 'ros'
[0.380s] DEBUG:colcon.colcon_core.package_identification:Package 'src/project_launch' with type 'ros.ament_python' and name 'project_launch'
[0.380s] Level 1:colcon.colcon_core.package_identification:_identify(src/robot_description) by extensions ['ignore', 'ignore_ament_install']
[0.380s] Level 1:colcon.colcon_core.package_identification:_identify(src/robot_description) by extension 'ignore'
[0.380s] Level 1:colcon.colcon_core.package_identification:_identify(src/robot_description) by extension 'ignore_ament_install'
[0.380s] Level 1:colcon.colcon_core.package_identification:_identify(src/robot_description) by extensions ['colcon_pkg']
[0.380s] Level 1:colcon.colcon_core.package_identification:_identify(src/robot_description) by extension 'colcon_pkg'
[0.380s] Level 1:colcon.colcon_core.package_identification:_identify(src/robot_description) by extensions ['colcon_meta']
[0.380s] Level 1:colcon.colcon_core.package_identification:_identify(src/robot_description) by extension 'colcon_meta'
[0.380s] Level 1:colcon.colcon_core.package_identification:_identify(src/robot_description) by extensions ['ros']
[0.380s] Level 1:colcon.colcon_core.package_identification:_identify(src/robot_description) by extension 'ros'
[0.381s] DEBUG:colcon.colcon_core.package_identification:Package 'src/robot_description' with type 'ros.ament_python' and name 'robot_description'
[0.381s] Level 1:colcon.colcon_core.package_identification:_identify(src/rplidar_ros) by extensions ['ignore', 'ignore_ament_install']
[0.381s] Level 1:colcon.colcon_core.package_identification:_identify(src/rplidar_ros) by extension 'ignore'
[0.381s] Level 1:colcon.colcon_core.package_identification:_identify(src/rplidar_ros) by extension 'ignore_ament_install'
[0.381s] Level 1:colcon.colcon_core.package_identification:_identify(src/rplidar_ros) by extensions ['colcon_pkg']
[0.381s] Level 1:colcon.colcon_core.package_identification:_identify(src/rplidar_ros) by extension 'colcon_pkg'
[0.381s] Level 1:colcon.colcon_core.package_identification:_identify(src/rplidar_ros) by extensions ['colcon_meta']
[0.381s] Level 1:colcon.colcon_core.package_identification:_identify(src/rplidar_ros) by extension 'colcon_meta'
[0.382s] Level 1:colcon.colcon_core.package_identification:_identify(src/rplidar_ros) by extensions ['ros']
[0.382s] Level 1:colcon.colcon_core.package_identification:_identify(src/rplidar_ros) by extension 'ros'
[0.382s] DEBUG:colcon.colcon_core.package_identification:Package 'src/rplidar_ros' with type 'ros.ament_cmake' and name 'rplidar_ros'
[0.382s] Level 1:colcon.colcon_core.package_discovery:discover_packages(recursive) using defaults
[0.382s] Level 1:colcon.colcon_core.package_discovery:discover_packages(ignore) discover
[0.383s] Level 1:colcon.colcon_core.package_discovery:discover_packages(ignore) using defaults
[0.383s] Level 1:colcon.colcon_core.package_discovery:discover_packages(path) discover
[0.383s] Level 1:colcon.colcon_core.package_discovery:discover_packages(path) using defaults
[0.409s] Level 1:colcon.colcon_core.package_discovery:discover_packages(prefix_path) check parameters
[0.409s] Level 1:colcon.colcon_core.package_discovery:discover_packages(prefix_path) discover
[0.411s] DEBUG:colcon.colcon_installed_package_information.package_discovery:Found 5 installed packages in /home/p31h/project_ws/install
[0.414s] DEBUG:colcon.colcon_installed_package_information.package_discovery:Found 328 installed packages in /opt/ros/humble
[0.416s] Level 1:colcon.colcon_core.package_discovery:discover_packages(prefix_path) using defaults
[0.491s] Level 5:colcon.colcon_core.verb:set package 'esp32_serial' build argument 'cmake_args' from command line to 'None'
[0.491s] Level 5:colcon.colcon_core.verb:set package 'esp32_serial' build argument 'cmake_target' from command line to 'None'
[0.491s] Level 5:colcon.colcon_core.verb:set package 'esp32_serial' build argument 'cmake_target_skip_unavailable' from command line to 'False'
[0.491s] Level 5:colcon.colcon_core.verb:set package 'esp32_serial' build argument 'cmake_clean_cache' from command line to 'False'
[0.491s] Level 5:colcon.colcon_core.verb:set package 'esp32_serial' build argument 'cmake_clean_first' from command line to 'False'
[0.491s] Level 5:colcon.colcon_core.verb:set package 'esp32_serial' build argument 'cmake_force_configure' from command line to 'False'
[0.491s] Level 5:colcon.colcon_core.verb:set package 'esp32_serial' build argument 'ament_cmake_args' from command line to 'None'
[0.491s] Level 5:colcon.colcon_core.verb:set package 'esp32_serial' build argument 'catkin_cmake_args' from command line to 'None'
[0.491s] Level 5:colcon.colcon_core.verb:set package 'esp32_serial' build argument 'catkin_skip_building_tests' from command line to 'False'
[0.491s] DEBUG:colcon.colcon_core.verb:Building package 'esp32_serial' with the following arguments: {'ament_cmake_args': None, 'build_base': '/home/p31h/project_ws/build/esp32_serial', 'catkin_cmake_args': None, 'catkin_skip_building_tests': False, 'cmake_args': None, 'cmake_clean_cache': False, 'cmake_clean_first': False, 'cmake_force_configure': False, 'cmake_target': None, 'cmake_target_skip_unavailable': False, 'install_base': '/home/p31h/project_ws/install/esp32_serial', 'merge_install': False, 'path': '/home/p31h/project_ws/src/esp32_serial', 'symlink_install': True, 'test_result_base': None}
[0.491s] Level 5:colcon.colcon_core.verb:set package 'mapping' build argument 'cmake_args' from command line to 'None'
[0.491s] Level 5:colcon.colcon_core.verb:set package 'mapping' build argument 'cmake_target' from command line to 'None'
[0.491s] Level 5:colcon.colcon_core.verb:set package 'mapping' build argument 'cmake_target_skip_unavailable' from command line to 'False'
[0.491s] Level 5:colcon.colcon_core.verb:set package 'mapping' build argument 'cmake_clean_cache' from command line to 'False'
[0.492s] Level 5:colcon.colcon_core.verb:set package 'mapping' build argument 'cmake_clean_first' from command line to 'False'
[0.492s] Level 5:colcon.colcon_core.verb:set package 'mapping' build argument 'cmake_force_configure' from command line to 'False'
[0.492s] Level 5:colcon.colcon_core.verb:set package 'mapping' build argument 'ament_cmake_args' from command line to 'None'
[0.492s] Level 5:colcon.colcon_core.verb:set package 'mapping' build argument 'catkin_cmake_args' from command line to 'None'
[0.492s] Level 5:colcon.colcon_core.verb:set package 'mapping' build argument 'catkin_skip_building_tests' from command line to 'False'
[0.492s] DEBUG:colcon.colcon_core.verb:Building package 'mapping' with the following arguments: {'ament_cmake_args': None, 'build_base': '/home/p31h/project_ws/build/mapping', 'catkin_cmake_args': None, 'catkin_skip_building_tests': False, 'cmake_args': None, 'cmake_clean_cache': False, 'cmake_clean_first': False, 'cmake_force_configure': False, 'cmake_target': None, 'cmake_target_skip_unavailable': False, 'install_base': '/home/p31h/project_ws/install/mapping', 'merge_install': False, 'path': '/home/p31h/project_ws/src/mapping', 'symlink_install': True, 'test_result_base': None}
[0.492s] Level 5:colcon.colcon_core.verb:set package 'project_launch' build argument 'cmake_args' from command line to 'None'
[0.492s] Level 5:colcon.colcon_core.verb:set package 'project_launch' build argument 'cmake_target' from command line to 'None'
[0.492s] Level 5:colcon.colcon_core.verb:set package 'project_launch' build argument 'cmake_target_skip_unavailable' from command line to 'False'
[0.492s] Level 5:colcon.colcon_core.verb:set package 'project_launch' build argument 'cmake_clean_cache' from command line to 'False'
[0.492s] Level 5:colcon.colcon_core.verb:set package 'project_launch' build argument 'cmake_clean_first' from command line to 'False'
[0.492s] Level 5:colcon.colcon_core.verb:set package 'project_launch' build argument 'cmake_force_configure' from command line to 'False'
[0.492s] Level 5:colcon.colcon_core.verb:set package 'project_launch' build argument 'ament_cmake_args' from command line to 'None'
[0.492s] Level 5:colcon.colcon_core.verb:set package 'project_launch' build argument 'catkin_cmake_args' from command line to 'None'
[0.492s] Level 5:colcon.colcon_core.verb:set package 'project_launch' build argument 'catkin_skip_building_tests' from command line to 'False'
[0.492s] DEBUG:colcon.colcon_core.verb:Building package 'project_launch' with the following arguments: {'ament_cmake_args': None, 'build_base': '/home/p31h/project_ws/build/project_launch', 'catkin_cmake_args': None, 'catkin_skip_building_tests': False, 'cmake_args': None, 'cmake_clean_cache': False, 'cmake_clean_first': False, 'cmake_force_configure': False, 'cmake_target': None, 'cmake_target_skip_unavailable': False, 'install_base': '/home/p31h/project_ws/install/project_launch', 'merge_install': False, 'path': '/home/p31h/project_ws/src/project_launch', 'symlink_install': True, 'test_result_base': None}
[0.493s] Level 5:colcon.colcon_core.verb:set package 'robot_description' build argument 'cmake_args' from command line to 'None'
[0.493s] Level 5:colcon.colcon_core.verb:set package 'robot_description' build argument 'cmake_target' from command line to 'None'
[0.493s] Level 5:colcon.colcon_core.verb:set package 'robot_description' build argument 'cmake_target_skip_unavailable' from command line to 'False'
[0.493s] Level 5:colcon.colcon_core.verb:set package 'robot_description' build argument 'cmake_clean_cache' from command line to 'False'
[0.493s] Level 5:colcon.colcon_core.verb:set package 'robot_description' build argument 'cmake_clean_first' from command line to 'False'
[0.493s] Level 5:colcon.colcon_core.verb:set package 'robot_description' build argument 'cmake_force_configure' from command line to 'False'
[0.493s] Level 5:colcon.colcon_core.verb:set package 'robot_description' build argument 'ament_cmake_args' from command line to 'None'
[0.493s] Level 5:colcon.colcon_core.verb:set package 'robot_description' build argument 'catkin_cmake_args' from command line to 'None'
[0.493s] Level 5:colcon.colcon_core.verb:set package 'robot_description' build argument 'catkin_skip_building_tests' from command line to 'False'
[0.493s] DEBUG:colcon.colcon_core.verb:Building package 'robot_description' with the following arguments: {'ament_cmake_args': None, 'build_base': '/home/p31h/project_ws/build/robot_description', 'catkin_cmake_args': None, 'catkin_skip_building_tests': False, 'cmake_args': None, 'cmake_clean_cache': False, 'cmake_clean_first': False, 'cmake_force_configure': False, 'cmake_target': None, 'cmake_target_skip_unavailable': False, 'install_base': '/home/p31h/project_ws/install/robot_description', 'merge_install': False, 'path': '/home/p31h/project_ws/src/robot_description', 'symlink_install': True, 'test_result_base': None}
[0.493s] Level 5:colcon.colcon_core.verb:set package 'rplidar_ros' build argument 'cmake_args' from command line to 'None'
[0.493s] Level 5:colcon.colcon_core.verb:set package 'rplidar_ros' build argument 'cmake_target' from command line to 'None'
[0.493s] Level 5:colcon.colcon_core.verb:set package 'rplidar_ros' build argument 'cmake_target_skip_unavailable' from command line to 'False'
[0.494s] Level 5:colcon.colcon_core.verb:set package 'rplidar_ros' build argument 'cmake_clean_cache' from command line to 'False'
[0.494s] Level 5:colcon.colcon_core.verb:set package 'rplidar_ros' build argument 'cmake_clean_first' from command line to 'False'
[0.494s] Level 5:colcon.colcon_core.verb:set package 'rplidar_ros' build argument 'cmake_force_configure' from command line to 'False'
[0.494s] Level 5:colcon.colcon_core.verb:set package 'rplidar_ros' build argument 'ament_cmake_args' from command line to 'None'
[0.494s] Level 5:colcon.colcon_core.verb:set package 'rplidar_ros' build argument 'catkin_cmake_args' from command line to 'None'
[0.494s] Level 5:colcon.colcon_core.verb:set package 'rplidar_ros' build argument 'catkin_skip_building_tests' from command line to 'False'
[0.494s] DEBUG:colcon.colcon_core.verb:Building package 'rplidar_ros' with the following arguments: {'ament_cmake_args': None, 'build_base': '/home/p31h/project_ws/build/rplidar_ros', 'catkin_cmake_args': None, 'catkin_skip_building_tests': False, 'cmake_args': None, 'cmake_clean_cache': False, 'cmake_clean_first': False, 'cmake_force_configure': False, 'cmake_target': None, 'cmake_target_skip_unavailable': False, 'install_base': '/home/p31h/project_ws/install/rplidar_ros', 'merge_install': False, 'path': '/home/p31h/project_ws/src/rplidar_ros', 'symlink_install': True, 'test_result_base': None}
[0.494s] INFO:colcon.colcon_core.executor:Executing jobs using 'parallel' executor
[0.495s] DEBUG:colcon.colcon_parallel_executor.executor.parallel:run_until_complete
[0.496s] INFO:colcon.colcon_ros.task.ament_python.build:Building ROS package in '/home/p31h/project_ws/src/esp32_serial' with build type 'ament_python'
[0.496s] Level 1:colcon.colcon_core.shell:create_environment_hook('esp32_serial', 'ament_prefix_path')
[0.499s] INFO:colcon.colcon_core.plugin_system:Skipping extension 'colcon_core.shell.bat': Not used on non-Windows systems
[0.500s] INFO:colcon.colcon_core.shell:Creating environment hook '/home/p31h/project_ws/install/esp32_serial/share/esp32_serial/hook/ament_prefix_path.ps1'
[0.500s] INFO:colcon.colcon_core.shell:Creating environment descriptor '/home/p31h/project_ws/install/esp32_serial/share/esp32_serial/hook/ament_prefix_path.dsv'
[0.501s] INFO:colcon.colcon_core.shell:Creating environment hook '/home/p31h/project_ws/install/esp32_serial/share/esp32_serial/hook/ament_prefix_path.sh'
[0.502s] INFO:colcon.colcon_core.shell:Skip shell extension 'powershell' for command environment: Not usable outside of PowerShell
[0.502s] DEBUG:colcon.colcon_core.shell:Skip shell extension 'dsv' for command environment
[0.507s] INFO:colcon.colcon_ros.task.ament_python.build:Building ROS package in '/home/p31h/project_ws/src/mapping' with build type 'ament_python'
[0.508s] Level 1:colcon.colcon_core.shell:create_environment_hook('mapping', 'ament_prefix_path')
[0.508s] INFO:colcon.colcon_core.shell:Creating environment hook '/home/p31h/project_ws/install/mapping/share/mapping/hook/ament_prefix_path.ps1'
[0.509s] INFO:colcon.colcon_core.shell:Creating environment descriptor '/home/p31h/project_ws/install/mapping/share/mapping/hook/ament_prefix_path.dsv'
[0.509s] INFO:colcon.colcon_core.shell:Creating environment hook '/home/p31h/project_ws/install/mapping/share/mapping/hook/ament_prefix_path.sh'
[0.510s] INFO:colcon.colcon_core.shell:Skip shell extension 'powershell' for command environment: Not usable outside of PowerShell
[0.510s] DEBUG:colcon.colcon_core.shell:Skip shell extension 'dsv' for command environment
[0.516s] INFO:colcon.colcon_ros.task.ament_python.build:Building ROS package in '/home/p31h/project_ws/src/project_launch' with build type 'ament_python'
[0.516s] Level 1:colcon.colcon_core.shell:create_environment_hook('project_launch', 'ament_prefix_path')
[0.517s] INFO:colcon.colcon_core.shell:Creating environment hook '/home/p31h/project_ws/install/project_launch/share/project_launch/hook/ament_prefix_path.ps1'
[0.518s] INFO:colcon.colcon_core.shell:Creating environment descriptor '/home/p31h/project_ws/install/project_launch/share/project_launch/hook/ament_prefix_path.dsv'
[0.518s] INFO:colcon.colcon_core.shell:Creating environment hook '/home/p31h/project_ws/install/project_launch/share/project_launch/hook/ament_prefix_path.sh'
[0.519s] INFO:colcon.colcon_core.shell:Skip shell extension 'powershell' for command environment: Not usable outside of PowerShell
[0.519s] DEBUG:colcon.colcon_core.shell:Skip shell extension 'dsv' for command environment
[0.524s] INFO:colcon.colcon_ros.task.ament_python.build:Building ROS package in '/home/p31h/project_ws/src/robot_description' with build type 'ament_python'
[0.524s] Level 1:colcon.colcon_core.shell:create_environment_hook('robot_description', 'ament_prefix_path')
[0.524s] INFO:colcon.colcon_core.shell:Creating environment hook '/home/p31h/project_ws/install/robot_description/share/robot_description/hook/ament_prefix_path.ps1'
[0.525s] INFO:colcon.colcon_core.shell:Creating environment descriptor '/home/p31h/project_ws/install/robot_description/share/robot_description/hook/ament_prefix_path.dsv'
[0.525s] INFO:colcon.colcon_core.shell:Creating environment hook '/home/p31h/project_ws/install/robot_description/share/robot_description/hook/ament_prefix_path.sh'
[0.526s] INFO:colcon.colcon_core.shell:Skip shell extension 'powershell' for command environment: Not usable outside of PowerShell
[0.526s] DEBUG:colcon.colcon_core.shell:Skip shell extension 'dsv' for command environment
[0.890s] INFO:colcon.colcon_core.task.python.build:Building Python package in '/home/p31h/project_ws/src/esp32_serial'
[0.890s] INFO:colcon.colcon_core.shell:Skip shell extension 'powershell' for command environment: Not usable outside of PowerShell
[0.890s] DEBUG:colcon.colcon_core.shell:Skip shell extension 'dsv' for command environment
[1.227s] INFO:colcon.colcon_core.task.python.build:Building Python package in '/home/p31h/project_ws/src/mapping'
[1.227s] INFO:colcon.colcon_core.shell:Skip shell extension 'powershell' for command environment: Not usable outside of PowerShell
[1.227s] DEBUG:colcon.colcon_core.shell:Skip shell extension 'dsv' for command environment
[1.567s] INFO:colcon.colcon_core.task.python.build:Building Python package in '/home/p31h/project_ws/src/project_launch'
[1.567s] INFO:colcon.colcon_core.shell:Skip shell extension 'powershell' for command environment: Not usable outside of PowerShell
[1.567s] DEBUG:colcon.colcon_core.shell:Skip shell extension 'dsv' for command environment
[1.902s] INFO:colcon.colcon_core.task.python.build:Building Python package in '/home/p31h/project_ws/src/robot_description'
[1.903s] INFO:colcon.colcon_core.shell:Skip shell extension 'powershell' for command environment: Not usable outside of PowerShell
[1.903s] DEBUG:colcon.colcon_core.shell:Skip shell extension 'dsv' for command environment
[2.409s] DEBUG:colcon.colcon_core.event_handler.log_command:Invoking command in '/home/p31h/project_ws/build/project_launch': PYTHONPATH=/home/p31h/project_ws/build/project_launch/prefix_override:/usr/lib/python3/dist-packages/colcon_core/task/python/colcon_distutils_commands:/home/p31h/project_ws/install/project_launch/lib/python3.10/site-packages:${PYTHONPATH} /usr/bin/python3 -W ignore:setup.py install is deprecated setup.py develop --editable --build-directory /home/p31h/project_ws/build/project_launch/build --no-deps symlink_data
[2.430s] DEBUG:colcon.colcon_core.event_handler.log_command:Invoking command in '/home/p31h/project_ws/build/mapping': PYTHONPATH=/home/p31h/project_ws/build/mapping/prefix_override:/usr/lib/python3/dist-packages/colcon_core/task/python/colcon_distutils_commands:/home/p31h/project_ws/install/mapping/lib/python3.10/site-packages:${PYTHONPATH} /usr/bin/python3 -W ignore:setup.py install is deprecated setup.py develop --editable --build-directory /home/p31h/project_ws/build/mapping/build --no-deps symlink_data
[2.500s] DEBUG:colcon.colcon_core.event_handler.log_command:Invoking command in '/home/p31h/project_ws/build/robot_description': PYTHONPATH=/home/p31h/project_ws/build/robot_description/prefix_override:/usr/lib/python3/dist-packages/colcon_core/task/python/colcon_distutils_commands:/home/p31h/project_ws/install/robot_description/lib/python3.10/site-packages:${PYTHONPATH} /usr/bin/python3 -W ignore:setup.py install is deprecated setup.py develop --editable --build-directory /home/p31h/project_ws/build/robot_description/build --no-deps symlink_data
[2.535s] DEBUG:colcon.colcon_core.event_handler.log_command:Invoking command in '/home/p31h/project_ws/build/esp32_serial': PYTHONPATH=/home/p31h/project_ws/build/esp32_serial/prefix_override:/usr/lib/python3/dist-packages/colcon_core/task/python/colcon_distutils_commands:/home/p31h/project_ws/install/esp32_serial/lib/python3.10/site-packages:${PYTHONPATH} /usr/bin/python3 -W ignore:setup.py install is deprecated setup.py develop --editable --build-directory /home/p31h/project_ws/build/esp32_serial/build --no-deps symlink_data
[3.138s] Level 1:colcon.colcon_core.shell:create_environment_hook('mapping', 'pythonpath_develop')
[3.139s] INFO:colcon.colcon_core.shell:Creating environment hook '/home/p31h/project_ws/build/mapping/share/mapping/hook/pythonpath_develop.ps1'
[3.142s] INFO:colcon.colcon_core.shell:Creating environment descriptor '/home/p31h/project_ws/build/mapping/share/mapping/hook/pythonpath_develop.dsv'
[3.143s] DEBUG:colcon.colcon_core.event_handler.log_command:Invoked command in '/home/p31h/project_ws/build/mapping' returned '0': PYTHONPATH=/home/p31h/project_ws/build/mapping/prefix_override:/usr/lib/python3/dist-packages/colcon_core/task/python/colcon_distutils_commands:/home/p31h/project_ws/install/mapping/lib/python3.10/site-packages:${PYTHONPATH} /usr/bin/python3 -W ignore:setup.py install is deprecated setup.py develop --editable --build-directory /home/p31h/project_ws/build/mapping/build --no-deps symlink_data
[3.144s] INFO:colcon.colcon_core.shell:Creating environment hook '/home/p31h/project_ws/build/mapping/share/mapping/hook/pythonpath_develop.sh'
[3.154s] Level 1:colcon.colcon_core.environment:checking '/home/p31h/project_ws/install/mapping' for CMake module files
[3.155s] Level 1:colcon.colcon_core.environment:checking '/home/p31h/project_ws/install/mapping' for CMake config files
[3.157s] Level 1:colcon.colcon_core.environment:checking '/home/p31h/project_ws/install/mapping/lib'
[3.158s] Level 1:colcon.colcon_core.environment:checking '/home/p31h/project_ws/install/mapping/bin'
[3.158s] Level 1:colcon.colcon_core.environment:checking '/home/p31h/project_ws/install/mapping/lib/pkgconfig/mapping.pc'
[3.158s] Level 1:colcon.colcon_core.environment:checking '/home/p31h/project_ws/install/mapping/lib/python3.10/site-packages'
[3.159s] Level 1:colcon.colcon_core.shell:create_environment_hook('mapping', 'pythonpath')
[3.159s] INFO:colcon.colcon_core.shell:Creating environment hook '/home/p31h/project_ws/install/mapping/share/mapping/hook/pythonpath.ps1'
[3.160s] INFO:colcon.colcon_core.shell:Creating environment descriptor '/home/p31h/project_ws/install/mapping/share/mapping/hook/pythonpath.dsv'
[3.162s] INFO:colcon.colcon_core.shell:Creating environment hook '/home/p31h/project_ws/install/mapping/share/mapping/hook/pythonpath.sh'
[3.163s] Level 1:colcon.colcon_core.environment:checking '/home/p31h/project_ws/install/mapping/bin'
[3.163s] Level 1:colcon.colcon_core.environment:create_environment_scripts_only(mapping)
[3.164s] INFO:colcon.colcon_core.shell:Creating package script '/home/p31h/project_ws/install/mapping/share/mapping/package.ps1'
[3.167s] INFO:colcon.colcon_core.shell:Creating package descriptor '/home/p31h/project_ws/install/mapping/share/mapping/package.dsv'
[3.169s] INFO:colcon.colcon_core.shell:Creating package script '/home/p31h/project_ws/install/mapping/share/mapping/package.sh'
[3.172s] INFO:colcon.colcon_core.shell:Creating package script '/home/p31h/project_ws/install/mapping/share/mapping/package.bash'
[3.174s] INFO:colcon.colcon_core.shell:Creating package script '/home/p31h/project_ws/install/mapping/share/mapping/package.zsh'
[3.176s] Level 1:colcon.colcon_core.environment:create_file_with_runtime_dependencies(/home/p31h/project_ws/install/mapping/share/colcon-core/packages/mapping)
[3.177s] INFO:colcon.colcon_ros.task.ament_cmake.build:Building ROS package in '/home/p31h/project_ws/src/rplidar_ros' with build type 'ament_cmake'
[3.177s] INFO:colcon.colcon_cmake.task.cmake.build:Building CMake package in '/home/p31h/project_ws/src/rplidar_ros'
[3.178s] INFO:colcon.colcon_core.shell:Skip shell extension 'powershell' for command environment: Not usable outside of PowerShell
[3.179s] DEBUG:colcon.colcon_core.shell:Skip shell extension 'dsv' for command environment
[3.186s] Level 1:colcon.colcon_core.shell:create_environment_hook('project_launch', 'pythonpath_develop')
[3.186s] INFO:colcon.colcon_core.shell:Creating environment hook '/home/p31h/project_ws/build/project_launch/share/project_launch/hook/pythonpath_develop.ps1'
[3.187s] DEBUG:colcon.colcon_core.event_handler.log_command:Invoked command in '/home/p31h/project_ws/build/project_launch' returned '0': PYTHONPATH=/home/p31h/project_ws/build/project_launch/prefix_override:/usr/lib/python3/dist-packages/colcon_core/task/python/colcon_distutils_commands:/home/p31h/project_ws/install/project_launch/lib/python3.10/site-packages:${PYTHONPATH} /usr/bin/python3 -W ignore:setup.py install is deprecated setup.py develop --editable --build-directory /home/p31h/project_ws/build/project_launch/build --no-deps symlink_data
[3.188s] INFO:colcon.colcon_core.shell:Creating environment descriptor '/home/p31h/project_ws/build/project_launch/share/project_launch/hook/pythonpath_develop.dsv'
[3.189s] INFO:colcon.colcon_core.shell:Creating environment hook '/home/p31h/project_ws/build/project_launch/share/project_launch/hook/pythonpath_develop.sh'
[3.189s] Level 1:colcon.colcon_core.environment:checking '/home/p31h/project_ws/install/project_launch' for CMake module files
[3.190s] Level 1:colcon.colcon_core.environment:checking '/home/p31h/project_ws/install/project_launch' for CMake config files
[3.191s] Level 1:colcon.colcon_core.environment:checking '/home/p31h/project_ws/install/project_launch/lib'
[3.191s] Level 1:colcon.colcon_core.environment:checking '/home/p31h/project_ws/install/project_launch/bin'
[3.191s] Level 1:colcon.colcon_core.environment:checking '/home/p31h/project_ws/install/project_launch/lib/pkgconfig/project_launch.pc'
[3.192s] Level 1:colcon.colcon_core.environment:checking '/home/p31h/project_ws/install/project_launch/lib/python3.10/site-packages'
[3.192s] Level 1:colcon.colcon_core.shell:create_environment_hook('project_launch', 'pythonpath')
[3.192s] INFO:colcon.colcon_core.shell:Creating environment hook '/home/p31h/project_ws/install/project_launch/share/project_launch/hook/pythonpath.ps1'
[3.193s] INFO:colcon.colcon_core.shell:Creating environment descriptor '/home/p31h/project_ws/install/project_launch/share/project_launch/hook/pythonpath.dsv'
[3.194s] INFO:colcon.colcon_core.shell:Creating environment hook '/home/p31h/project_ws/install/project_launch/share/project_launch/hook/pythonpath.sh'
[3.195s] Level 1:colcon.colcon_core.environment:checking '/home/p31h/project_ws/install/project_launch/bin'
[3.195s] Level 1:colcon.colcon_core.environment:create_environment_scripts_only(project_launch)
[3.196s] INFO:colcon.colcon_core.shell:Creating package script '/home/p31h/project_ws/install/project_launch/share/project_launch/package.ps1'
[3.197s] INFO:colcon.colcon_core.shell:Creating package descriptor '/home/p31h/project_ws/install/project_launch/share/project_launch/package.dsv'
[3.198s] INFO:colcon.colcon_core.shell:Creating package script '/home/p31h/project_ws/install/project_launch/share/project_launch/package.sh'
[3.199s] INFO:colcon.colcon_core.shell:Creating package script '/home/p31h/project_ws/install/project_launch/share/project_launch/package.bash'
[3.199s] INFO:colcon.colcon_core.shell:Creating package script '/home/p31h/project_ws/install/project_launch/share/project_launch/package.zsh'
[3.200s] Level 1:colcon.colcon_core.environment:create_file_with_runtime_dependencies(/home/p31h/project_ws/install/project_launch/share/colcon-core/packages/project_launch)
[3.202s] Level 1:colcon.colcon_core.shell:create_environment_hook('robot_description', 'pythonpath_develop')
[3.202s] INFO:colcon.colcon_core.shell:Creating environment hook '/home/p31h/project_ws/build/robot_description/share/robot_description/hook/pythonpath_develop.ps1'
[3.203s] INFO:colcon.colcon_core.shell:Creating environment descriptor '/home/p31h/project_ws/build/robot_description/share/robot_description/hook/pythonpath_develop.dsv'
[3.204s] INFO:colcon.colcon_core.shell:Creating environment hook '/home/p31h/project_ws/build/robot_description/share/robot_description/hook/pythonpath_develop.sh'
[3.205s] Level 1:colcon.colcon_core.environment:checking '/home/p31h/project_ws/install/robot_description' for CMake module files
[3.205s] Level 1:colcon.colcon_core.environment:checking '/home/p31h/project_ws/install/robot_description' for CMake config files
[3.206s] Level 1:colcon.colcon_core.environment:checking '/home/p31h/project_ws/install/robot_description/lib'
[3.207s] Level 1:colcon.colcon_core.environment:checking '/home/p31h/project_ws/install/robot_description/bin'
[3.207s] DEBUG:colcon.colcon_core.event_handler.log_command:Invoked command in '/home/p31h/project_ws/build/robot_description' returned '0': PYTHONPATH=/home/p31h/project_ws/build/robot_description/prefix_override:/usr/lib/python3/dist-packages/colcon_core/task/python/colcon_distutils_commands:/home/p31h/project_ws/install/robot_description/lib/python3.10/site-packages:${PYTHONPATH} /usr/bin/python3 -W ignore:setup.py install is deprecated setup.py develop --editable --build-directory /home/p31h/project_ws/build/robot_description/build --no-deps symlink_data
[3.207s] Level 1:colcon.colcon_core.environment:checking '/home/p31h/project_ws/install/robot_description/lib/pkgconfig/robot_description.pc'
[3.208s] Level 1:colcon.colcon_core.environment:checking '/home/p31h/project_ws/install/robot_description/lib/python3.10/site-packages'
[3.208s] Level 1:colcon.colcon_core.shell:create_environment_hook('robot_description', 'pythonpath')
[3.208s] INFO:colcon.colcon_core.shell:Creating environment hook '/home/p31h/project_ws/install/robot_description/share/robot_description/hook/pythonpath.ps1'
[3.209s] INFO:colcon.colcon_core.shell:Creating environment descriptor '/home/p31h/project_ws/install/robot_description/share/robot_description/hook/pythonpath.dsv'
[3.210s] INFO:colcon.colcon_core.shell:Creating environment hook '/home/p31h/project_ws/install/robot_description/share/robot_description/hook/pythonpath.sh'
[3.211s] Level 1:colcon.colcon_core.environment:checking '/home/p31h/project_ws/install/robot_description/bin'
[3.211s] Level 1:colcon.colcon_core.environment:create_environment_scripts_only(robot_description)
[3.212s] INFO:colcon.colcon_core.shell:Creating package script '/home/p31h/project_ws/install/robot_description/share/robot_description/package.ps1'
[3.214s] INFO:colcon.colcon_core.shell:Creating package descriptor '/home/p31h/project_ws/install/robot_description/share/robot_description/package.dsv'
[3.215s] INFO:colcon.colcon_core.shell:Creating package script '/home/p31h/project_ws/install/robot_description/share/robot_description/package.sh'
[3.216s] INFO:colcon.colcon_core.shell:Creating package script '/home/p31h/project_ws/install/robot_description/share/robot_description/package.bash'
[3.217s] INFO:colcon.colcon_core.shell:Creating package script '/home/p31h/project_ws/install/robot_description/share/robot_description/package.zsh'
[3.217s] Level 1:colcon.colcon_core.environment:create_file_with_runtime_dependencies(/home/p31h/project_ws/install/robot_description/share/colcon-core/packages/robot_description)
[3.224s] DEBUG:colcon.colcon_core.event_handler.log_command:Invoking command in '/home/p31h/project_ws/build/rplidar_ros': CMAKE_PREFIX_PATH=${CMAKE_PREFIX_PATH}:/home/p31h/project_ws/install/robot_description:/home/p31h/project_ws/install/project_launch:/home/p31h/project_ws/install/mapping:/home/p31h/project_ws/install/esp32_serial:/opt/ros/humble /usr/bin/cmake --build /home/p31h/project_ws/build/rplidar_ros -- -j4 -l4
[3.297s] Level 1:colcon.colcon_core.shell:create_environment_hook('esp32_serial', 'pythonpath_develop')
[3.297s] INFO:colcon.colcon_core.shell:Creating environment hook '/home/p31h/project_ws/build/esp32_serial/share/esp32_serial/hook/pythonpath_develop.ps1'
[3.298s] INFO:colcon.colcon_core.shell:Creating environment descriptor '/home/p31h/project_ws/build/esp32_serial/share/esp32_serial/hook/pythonpath_develop.dsv'
[3.298s] INFO:colcon.colcon_core.shell:Creating environment hook '/home/p31h/project_ws/build/esp32_serial/share/esp32_serial/hook/pythonpath_develop.sh'
[3.299s] DEBUG:colcon.colcon_core.event_handler.log_command:Invoked command in '/home/p31h/project_ws/build/esp32_serial' returned '0': PYTHONPATH=/home/p31h/project_ws/build/esp32_serial/prefix_override:/usr/lib/python3/dist-packages/colcon_core/task/python/colcon_distutils_commands:/home/p31h/project_ws/install/esp32_serial/lib/python3.10/site-packages:${PYTHONPATH} /usr/bin/python3 -W ignore:setup.py install is deprecated setup.py develop --editable --build-directory /home/p31h/project_ws/build/esp32_serial/build --no-deps symlink_data
[3.300s] Level 1:colcon.colcon_core.environment:checking '/home/p31h/project_ws/install/esp32_serial' for CMake module files
[3.301s] Level 1:colcon.colcon_core.environment:checking '/home/p31h/project_ws/install/esp32_serial' for CMake config files
[3.302s] Level 1:colcon.colcon_core.environment:checking '/home/p31h/project_ws/install/esp32_serial/lib'
[3.302s] Level 1:colcon.colcon_core.environment:checking '/home/p31h/project_ws/install/esp32_serial/bin'
[3.302s] Level 1:colcon.colcon_core.environment:checking '/home/p31h/project_ws/install/esp32_serial/lib/pkgconfig/esp32_serial.pc'
[3.302s] Level 1:colcon.colcon_core.environment:checking '/home/p31h/project_ws/install/esp32_serial/lib/python3.10/site-packages'
[3.302s] Level 1:colcon.colcon_core.shell:create_environment_hook('esp32_serial', 'pythonpath')
[3.303s] INFO:colcon.colcon_core.shell:Creating environment hook '/home/p31h/project_ws/install/esp32_serial/share/esp32_serial/hook/pythonpath.ps1'
[3.303s] INFO:colcon.colcon_core.shell:Creating environment descriptor '/home/p31h/project_ws/install/esp32_serial/share/esp32_serial/hook/pythonpath.dsv'
[3.304s] INFO:colcon.colcon_core.shell:Creating environment hook '/home/p31h/project_ws/install/esp32_serial/share/esp32_serial/hook/pythonpath.sh'
[3.305s] Level 1:colcon.colcon_core.environment:checking '/home/p31h/project_ws/install/esp32_serial/bin'
[3.305s] Level 1:colcon.colcon_core.environment:create_environment_scripts_only(esp32_serial)
[3.305s] INFO:colcon.colcon_core.shell:Creating package script '/home/p31h/project_ws/install/esp32_serial/share/esp32_serial/package.ps1'
[3.306s] INFO:colcon.colcon_core.shell:Creating package descriptor '/home/p31h/project_ws/install/esp32_serial/share/esp32_serial/package.dsv'
[3.307s] INFO:colcon.colcon_core.shell:Creating package script '/home/p31h/project_ws/install/esp32_serial/share/esp32_serial/package.sh'
[3.307s] INFO:colcon.colcon_core.shell:Creating package script '/home/p31h/project_ws/install/esp32_serial/share/esp32_serial/package.bash'
[3.309s] INFO:colcon.colcon_core.shell:Creating package script '/home/p31h/project_ws/install/esp32_serial/share/esp32_serial/package.zsh'
[3.309s] Level 1:colcon.colcon_core.environment:create_file_with_runtime_dependencies(/home/p31h/project_ws/install/esp32_serial/share/colcon-core/packages/esp32_serial)
[3.387s] DEBUG:colcon.colcon_core.event_handler.log_command:Invoked command in '/home/p31h/project_ws/build/rplidar_ros' returned '0': CMAKE_PREFIX_PATH=${CMAKE_PREFIX_PATH}:/home/p31h/project_ws/install/robot_description:/home/p31h/project_ws/install/project_launch:/home/p31h/project_ws/install/mapping:/home/p31h/project_ws/install/esp32_serial:/opt/ros/humble /usr/bin/cmake --build /home/p31h/project_ws/build/rplidar_ros -- -j4 -l4
[3.537s] DEBUG:colcon.colcon_core.event_handler.log_command:Invoking command in '/home/p31h/project_ws/build/rplidar_ros': CMAKE_PREFIX_PATH=${CMAKE_PREFIX_PATH}:/home/p31h/project_ws/install/robot_description:/home/p31h/project_ws/install/project_launch:/home/p31h/project_ws/install/mapping:/home/p31h/project_ws/install/esp32_serial:/opt/ros/humble /usr/bin/cmake --install /home/p31h/project_ws/build/rplidar_ros
[3.582s] Level 1:colcon.colcon_core.environment:create_environment_scripts_only(rplidar_ros)
[3.583s] Level 1:colcon.colcon_core.environment:checking '/home/p31h/project_ws/install/rplidar_ros' for CMake module files
[3.584s] DEBUG:colcon.colcon_core.event_handler.log_command:Invoked command in '/home/p31h/project_ws/build/rplidar_ros' returned '0': CMAKE_PREFIX_PATH=${CMAKE_PREFIX_PATH}:/home/p31h/project_ws/install/robot_description:/home/p31h/project_ws/install/project_launch:/home/p31h/project_ws/install/mapping:/home/p31h/project_ws/install/esp32_serial:/opt/ros/humble /usr/bin/cmake --install /home/p31h/project_ws/build/rplidar_ros
[3.584s] Level 1:colcon.colcon_core.environment:checking '/home/p31h/project_ws/install/rplidar_ros' for CMake config files
[3.585s] Level 1:colcon.colcon_core.shell:create_environment_hook('rplidar_ros', 'cmake_prefix_path')
[3.586s] INFO:colcon.colcon_core.shell:Creating environment hook '/home/p31h/project_ws/install/rplidar_ros/share/rplidar_ros/hook/cmake_prefix_path.ps1'
[3.586s] INFO:colcon.colcon_core.shell:Creating environment descriptor '/home/p31h/project_ws/install/rplidar_ros/share/rplidar_ros/hook/cmake_prefix_path.dsv'
[3.587s] INFO:colcon.colcon_core.shell:Creating environment hook '/home/p31h/project_ws/install/rplidar_ros/share/rplidar_ros/hook/cmake_prefix_path.sh'
[3.588s] Level 1:colcon.colcon_core.environment:checking '/home/p31h/project_ws/install/rplidar_ros/lib'
[3.588s] Level 1:colcon.colcon_core.environment:checking '/home/p31h/project_ws/install/rplidar_ros/bin'
[3.588s] Level 1:colcon.colcon_core.environment:checking '/home/p31h/project_ws/install/rplidar_ros/lib/pkgconfig/rplidar_ros.pc'
[3.588s] Level 1:colcon.colcon_core.environment:checking '/home/p31h/project_ws/install/rplidar_ros/lib/python3.10/site-packages'
[3.588s] Level 1:colcon.colcon_core.environment:checking '/home/p31h/project_ws/install/rplidar_ros/bin'
[3.589s] INFO:colcon.colcon_core.shell:Creating package script '/home/p31h/project_ws/install/rplidar_ros/share/rplidar_ros/package.ps1'
[3.589s] INFO:colcon.colcon_core.shell:Creating package descriptor '/home/p31h/project_ws/install/rplidar_ros/share/rplidar_ros/package.dsv'
[3.590s] INFO:colcon.colcon_core.shell:Creating package script '/home/p31h/project_ws/install/rplidar_ros/share/rplidar_ros/package.sh'
[3.590s] INFO:colcon.colcon_core.shell:Creating package script '/home/p31h/project_ws/install/rplidar_ros/share/rplidar_ros/package.bash'
[3.591s] INFO:colcon.colcon_core.shell:Creating package script '/home/p31h/project_ws/install/rplidar_ros/share/rplidar_ros/package.zsh'
[3.591s] Level 1:colcon.colcon_core.environment:create_file_with_runtime_dependencies(/home/p31h/project_ws/install/rplidar_ros/share/colcon-core/packages/rplidar_ros)
[3.723s] Level 1:colcon.colcon_core.environment:create_environment_scripts_only(rplidar_ros)
[3.723s] Level 1:colcon.colcon_core.environment:checking '/home/p31h/project_ws/install/rplidar_ros' for CMake module files
[3.724s] Level 1:colcon.colcon_core.environment:checking '/home/p31h/project_ws/install/rplidar_ros' for CMake config files
[3.724s] Level 1:colcon.colcon_core.shell:create_environment_hook('rplidar_ros', 'cmake_prefix_path')
[3.725s] INFO:colcon.colcon_core.shell:Creating environment hook '/home/p31h/project_ws/install/rplidar_ros/share/rplidar_ros/hook/cmake_prefix_path.ps1'
[3.725s] INFO:colcon.colcon_core.shell:Creating environment descriptor '/home/p31h/project_ws/install/rplidar_ros/share/rplidar_ros/hook/cmake_prefix_path.dsv'
[3.726s] INFO:colcon.colcon_core.shell:Creating environment hook '/home/p31h/project_ws/install/rplidar_ros/share/rplidar_ros/hook/cmake_prefix_path.sh'
[3.727s] Level 1:colcon.colcon_core.environment:checking '/home/p31h/project_ws/install/rplidar_ros/lib'
[3.727s] Level 1:colcon.colcon_core.environment:checking '/home/p31h/project_ws/install/rplidar_ros/bin'
[3.727s] Level 1:colcon.colcon_core.environment:checking '/home/p31h/project_ws/install/rplidar_ros/lib/pkgconfig/rplidar_ros.pc'
[3.727s] Level 1:colcon.colcon_core.environment:checking '/home/p31h/project_ws/install/rplidar_ros/lib/python3.10/site-packages'
[3.727s] Level 1:colcon.colcon_core.environment:checking '/home/p31h/project_ws/install/rplidar_ros/bin'
[3.728s] INFO:colcon.colcon_core.shell:Creating package script '/home/p31h/project_ws/install/rplidar_ros/share/rplidar_ros/package.ps1'
[3.728s] INFO:colcon.colcon_core.shell:Creating package descriptor '/home/p31h/project_ws/install/rplidar_ros/share/rplidar_ros/package.dsv'
[3.729s] INFO:colcon.colcon_core.shell:Creating package script '/home/p31h/project_ws/install/rplidar_ros/share/rplidar_ros/package.sh'
[3.730s] INFO:colcon.colcon_core.shell:Creating package script '/home/p31h/project_ws/install/rplidar_ros/share/rplidar_ros/package.bash'
[3.730s] INFO:colcon.colcon_core.shell:Creating package script '/home/p31h/project_ws/install/rplidar_ros/share/rplidar_ros/package.zsh'
[3.731s] Level 1:colcon.colcon_core.environment:create_file_with_runtime_dependencies(/home/p31h/project_ws/install/rplidar_ros/share/colcon-core/packages/rplidar_ros)
[3.731s] DEBUG:colcon.colcon_parallel_executor.executor.parallel:closing loop
[3.731s] DEBUG:colcon.colcon_parallel_executor.executor.parallel:loop closed
[3.731s] DEBUG:colcon.colcon_parallel_executor.executor.parallel:run_until_complete finished with '0'
[3.731s] DEBUG:colcon.colcon_core.event_reactor:joining thread
[3.740s] INFO:colcon.colcon_core.plugin_system:Skipping extension 'colcon_notification.desktop_notification.terminal_notifier': Not used on non-Darwin systems
[3.740s] INFO:colcon.colcon_core.plugin_system:Skipping extension 'colcon_notification.desktop_notification.win32': Not used on non-Windows systems
[3.740s] INFO:colcon.colcon_notification.desktop_notification:Sending desktop notification using 'notify2'
[3.762s] DEBUG:colcon.colcon_core.event_reactor:joined thread
[3.762s] INFO:colcon.colcon_core.shell:Creating prefix script '/home/p31h/project_ws/install/local_setup.ps1'
[3.764s] INFO:colcon.colcon_core.shell:Creating prefix util module '/home/p31h/project_ws/install/_local_setup_util_ps1.py'
[3.765s] INFO:colcon.colcon_core.shell:Creating prefix chain script '/home/p31h/project_ws/install/setup.ps1'
[3.767s] INFO:colcon.colcon_core.shell:Creating prefix script '/home/p31h/project_ws/install/local_setup.sh'
[3.768s] INFO:colcon.colcon_core.shell:Creating prefix util module '/home/p31h/project_ws/install/_local_setup_util_sh.py'
[3.769s] INFO:colcon.colcon_core.shell:Creating prefix chain script '/home/p31h/project_ws/install/setup.sh'
[3.771s] INFO:colcon.colcon_core.shell:Creating prefix script '/home/p31h/project_ws/install/local_setup.bash'
[3.772s] INFO:colcon.colcon_core.shell:Creating prefix chain script '/home/p31h/project_ws/install/setup.bash'
[3.775s] INFO:colcon.colcon_core.shell:Creating prefix script '/home/p31h/project_ws/install/local_setup.zsh'
[3.776s] INFO:colcon.colcon_core.shell:Creating prefix chain script '/home/p31h/project_ws/install/setup.zsh'
